
> connectly@1.0.0 script:send
> npm run build && babel-node dist/send.js


> connectly@1.0.0 build
> tsc

batch 1 of 218 done, accepted = 50, rejected = 0, statuses = {"200":50}
batch 2 of 218 done, accepted = 100, rejected = 0, statuses = {"200":100}
batch 3 of 218 done, accepted = 150, rejected = 0, statuses = {"200":150}
batch 4 of 218 done, accepted = 200, rejected = 0, statuses = {"200":200}
batch 5 of 218 done, accepted = 250, rejected = 0, statuses = {"200":250}
batch 6 of 218 done, accepted = 300, rejected = 0, statuses = {"200":300}
batch 7 of 218 done, accepted = 349, rejected = 0, statuses = {"200":350}
batch 8 of 218 done, accepted = 399, rejected = 0, statuses = {"200":400}
batch 9 of 218 done, accepted = 449, rejected = 0, statuses = {"200":450}
batch 10 of 218 done, accepted = 498, rejected = 1, statuses = {"200":500}
batch 11 of 218 done, accepted = 548, rejected = 1, statuses = {"200":550}
batch 12 of 218 done, accepted = 598, rejected = 1, statuses = {"200":600}
batch 13 of 218 done, accepted = 648, rejected = 1, statuses = {"200":650}
batch 14 of 218 done, accepted = 698, rejected = 1, statuses = {"200":700}
batch 15 of 218 done, accepted = 748, rejected = 1, statuses = {"200":750}
batch 16 of 218 done, accepted = 798, rejected = 1, statuses = {"200":800}
batch 17 of 218 done, accepted = 848, rejected = 1, statuses = {"200":850}
batch 18 of 218 done, accepted = 898, rejected = 1, statuses = {"200":900}
batch 19 of 218 done, accepted = 948, rejected = 1, statuses = {"200":950}
batch 20 of 218 done, accepted = 998, rejected = 1, statuses = {"200":1000}
batch 21 of 218 done, accepted = 1048, rejected = 1, statuses = {"200":1050}
batch 22 of 218 done, accepted = 1098, rejected = 1, statuses = {"200":1100}
batch 23 of 218 done, accepted = 1148, rejected = 1, statuses = {"200":1150}
batch 24 of 218 done, accepted = 1197, rejected = 2, statuses = {"200":1200}
batch 25 of 218 done, accepted = 1247, rejected = 2, statuses = {"200":1250}
batch 26 of 218 done, accepted = 1297, rejected = 2, statuses = {"200":1300}
batch 27 of 218 done, accepted = 1347, rejected = 2, statuses = {"200":1350}
batch 28 of 218 done, accepted = 1397, rejected = 2, statuses = {"200":1400}
batch 29 of 218 done, accepted = 1446, rejected = 2, statuses = {"200":1450}
batch 30 of 218 done, accepted = 1494, rejected = 2, statuses = {"200":1500}
batch 31 of 218 done, accepted = 1544, rejected = 2, statuses = {"200":1550}
batch 32 of 218 done, accepted = 1594, rejected = 2, statuses = {"200":1600}
batch 33 of 218 done, accepted = 1644, rejected = 2, statuses = {"200":1650}
batch 34 of 218 done, accepted = 1694, rejected = 2, statuses = {"200":1700}
batch 35 of 218 done, accepted = 1743, rejected = 2, statuses = {"200":1750}
batch 36 of 218 done, accepted = 1793, rejected = 2, statuses = {"200":1800}
batch 37 of 218 done, accepted = 1843, rejected = 2, statuses = {"200":1850}
batch 38 of 218 done, accepted = 1891, rejected = 3, statuses = {"200":1900}
batch 39 of 218 done, accepted = 1941, rejected = 3, statuses = {"200":1950}
batch 40 of 218 done, accepted = 1991, rejected = 3, statuses = {"200":2000}
batch 41 of 218 done, accepted = 2041, rejected = 3, statuses = {"200":2050}
batch 42 of 218 done, accepted = 2091, rejected = 3, statuses = {"200":2100}
batch 43 of 218 done, accepted = 2141, rejected = 3, statuses = {"200":2150}
batch 44 of 218 done, accepted = 2191, rejected = 3, statuses = {"200":2200}
batch 45 of 218 done, accepted = 2241, rejected = 3, statuses = {"200":2250}
batch 46 of 218 done, accepted = 2291, rejected = 3, statuses = {"200":2300}
batch 47 of 218 done, accepted = 2341, rejected = 3, statuses = {"200":2350}
batch 48 of 218 done, accepted = 2390, rejected = 3, statuses = {"200":2400}
batch 49 of 218 done, accepted = 2440, rejected = 3, statuses = {"200":2450}
batch 50 of 218 done, accepted = 2490, rejected = 3, statuses = {"200":2500}
batch 51 of 218 done, accepted = 2539, rejected = 3, statuses = {"200":2550}
batch 52 of 218 done, accepted = 2589, rejected = 3, statuses = {"200":2600}
batch 53 of 218 done, accepted = 2639, rejected = 3, statuses = {"200":2650}
batch 54 of 218 done, accepted = 2689, rejected = 3, statuses = {"200":2700}
batch 55 of 218 done, accepted = 2739, rejected = 3, statuses = {"200":2750}
batch 56 of 218 done, accepted = 2789, rejected = 3, statuses = {"200":2800}
batch 57 of 218 done, accepted = 2839, rejected = 3, statuses = {"200":2850}
batch 58 of 218 done, accepted = 2888, rejected = 4, statuses = {"200":2900}
batch 59 of 218 done, accepted = 2938, rejected = 4, statuses = {"200":2950}
batch 60 of 218 done, accepted = 2988, rejected = 4, statuses = {"200":3000}
batch 61 of 218 done, accepted = 3038, rejected = 4, statuses = {"200":3050}
batch 62 of 218 done, accepted = 3088, rejected = 4, statuses = {"200":3100}
batch 63 of 218 done, accepted = 3138, rejected = 4, statuses = {"200":3150}
batch 64 of 218 done, accepted = 3188, rejected = 4, statuses = {"200":3200}
batch 65 of 218 done, accepted = 3238, rejected = 4, statuses = {"200":3250}
batch 66 of 218 done, accepted = 3288, rejected = 4, statuses = {"200":3300}
batch 67 of 218 done, accepted = 3338, rejected = 4, statuses = {"200":3350}
batch 68 of 218 done, accepted = 3388, rejected = 4, statuses = {"200":3400}
batch 69 of 218 done, accepted = 3438, rejected = 4, statuses = {"200":3450}
batch 70 of 218 done, accepted = 3488, rejected = 4, statuses = {"200":3500}
batch 71 of 218 done, accepted = 3537, rejected = 5, statuses = {"200":3550}
batch 72 of 218 done, accepted = 3586, rejected = 5, statuses = {"200":3600}
batch 73 of 218 done, accepted = 3636, rejected = 5, statuses = {"200":3650}
batch 74 of 218 done, accepted = 3686, rejected = 5, statuses = {"200":3700}
batch 75 of 218 done, accepted = 3736, rejected = 5, statuses = {"200":3750}
batch 76 of 218 done, accepted = 3786, rejected = 5, statuses = {"200":3800}
batch 77 of 218 done, accepted = 3836, rejected = 5, statuses = {"200":3850}
batch 78 of 218 done, accepted = 3886, rejected = 5, statuses = {"200":3900}
batch 79 of 218 done, accepted = 3934, rejected = 5, statuses = {"200":3950}
batch 80 of 218 done, accepted = 3984, rejected = 5, statuses = {"200":4000}
batch 81 of 218 done, accepted = 4034, rejected = 5, statuses = {"200":4050}
batch 82 of 218 done, accepted = 4084, rejected = 5, statuses = {"200":4100}
batch 83 of 218 done, accepted = 4134, rejected = 5, statuses = {"200":4150}
batch 84 of 218 done, accepted = 4183, rejected = 5, statuses = {"200":4200}
batch 85 of 218 done, accepted = 4233, rejected = 5, statuses = {"200":4250}
batch 86 of 218 done, accepted = 4283, rejected = 5, statuses = {"200":4300}
batch 87 of 218 done, accepted = 4333, rejected = 5, statuses = {"200":4350}
batch 88 of 218 done, accepted = 4383, rejected = 5, statuses = {"200":4400}
batch 89 of 218 done, accepted = 4433, rejected = 5, statuses = {"200":4450}
batch 90 of 218 done, accepted = 4483, rejected = 5, statuses = {"200":4500}
batch 91 of 218 done, accepted = 4532, rejected = 5, statuses = {"200":4550}
batch 92 of 218 done, accepted = 4582, rejected = 5, statuses = {"200":4600}
batch 93 of 218 done, accepted = 4632, rejected = 5, statuses = {"200":4650}
batch 94 of 218 done, accepted = 4682, rejected = 5, statuses = {"200":4700}
batch 95 of 218 done, accepted = 4732, rejected = 5, statuses = {"200":4750}
batch 96 of 218 done, accepted = 4781, rejected = 5, statuses = {"200":4800}
batch 97 of 218 done, accepted = 4831, rejected = 5, statuses = {"200":4850}
batch 98 of 218 done, accepted = 4881, rejected = 5, statuses = {"200":4900}
batch 99 of 218 done, accepted = 4930, rejected = 5, statuses = {"200":4950}
batch 100 of 218 done, accepted = 4980, rejected = 5, statuses = {"200":5000}
batch 101 of 218 done, accepted = 5030, rejected = 5, statuses = {"200":5050}
batch 102 of 218 done, accepted = 5080, rejected = 5, statuses = {"200":5100}
batch 103 of 218 done, accepted = 5130, rejected = 5, statuses = {"200":5150}
batch 104 of 218 done, accepted = 5180, rejected = 5, statuses = {"200":5200}
batch 105 of 218 done, accepted = 5230, rejected = 5, statuses = {"200":5250}
batch 106 of 218 done, accepted = 5280, rejected = 5, statuses = {"200":5300}
batch 107 of 218 done, accepted = 5330, rejected = 5, statuses = {"200":5350}
batch 108 of 218 done, accepted = 5380, rejected = 5, statuses = {"200":5400}
batch 109 of 218 done, accepted = 5430, rejected = 5, statuses = {"200":5450}
batch 110 of 218 done, accepted = 5480, rejected = 5, statuses = {"200":5500}
batch 111 of 218 done, accepted = 5530, rejected = 5, statuses = {"200":5550}
batch 112 of 218 done, accepted = 5580, rejected = 5, statuses = {"200":5600}
batch 113 of 218 done, accepted = 5630, rejected = 5, statuses = {"200":5650}
batch 114 of 218 done, accepted = 5679, rejected = 6, statuses = {"200":5700}
batch 115 of 218 done, accepted = 5729, rejected = 6, statuses = {"200":5750}
batch 116 of 218 done, accepted = 5779, rejected = 6, statuses = {"200":5800}
batch 117 of 218 done, accepted = 5829, rejected = 6, statuses = {"200":5850}
batch 118 of 218 done, accepted = 5879, rejected = 6, statuses = {"200":5900}
batch 119 of 218 done, accepted = 5929, rejected = 6, statuses = {"200":5950}
batch 120 of 218 done, accepted = 5979, rejected = 6, statuses = {"200":6000}
batch 121 of 218 done, accepted = 6029, rejected = 6, statuses = {"200":6050}
batch 122 of 218 done, accepted = 6079, rejected = 6, statuses = {"200":6100}
batch 123 of 218 done, accepted = 6129, rejected = 6, statuses = {"200":6150}
batch 124 of 218 done, accepted = 6179, rejected = 6, statuses = {"200":6200}
batch 125 of 218 done, accepted = 6229, rejected = 6, statuses = {"200":6250}
batch 126 of 218 done, accepted = 6279, rejected = 6, statuses = {"200":6300}
batch 127 of 218 done, accepted = 6329, rejected = 6, statuses = {"200":6350}
batch 128 of 218 done, accepted = 6379, rejected = 6, statuses = {"200":6400}
batch 129 of 218 done, accepted = 6429, rejected = 6, statuses = {"200":6450}
batch 130 of 218 done, accepted = 6479, rejected = 6, statuses = {"200":6500}
batch 131 of 218 done, accepted = 6529, rejected = 6, statuses = {"200":6550}
batch 132 of 218 done, accepted = 6579, rejected = 6, statuses = {"200":6600}
batch 133 of 218 done, accepted = 6629, rejected = 6, statuses = {"200":6650}
batch 134 of 218 done, accepted = 6678, rejected = 7, statuses = {"200":6700}
batch 135 of 218 done, accepted = 6728, rejected = 7, statuses = {"200":6750}
batch 136 of 218 done, accepted = 6777, rejected = 7, statuses = {"200":6800}
batch 137 of 218 done, accepted = 6826, rejected = 7, statuses = {"200":6850}
batch 138 of 218 done, accepted = 6875, rejected = 7, statuses = {"200":6900}
batch 139 of 218 done, accepted = 6925, rejected = 7, statuses = {"200":6950}
batch 140 of 218 done, accepted = 6975, rejected = 7, statuses = {"200":7000}
batch 141 of 218 done, accepted = 7025, rejected = 7, statuses = {"200":7050}
batch 142 of 218 done, accepted = 7075, rejected = 7, statuses = {"200":7100}
batch 143 of 218 done, accepted = 7124, rejected = 7, statuses = {"200":7150}
batch 144 of 218 done, accepted = 7173, rejected = 7, statuses = {"200":7200}
batch 145 of 218 done, accepted = 7223, rejected = 7, statuses = {"200":7250}
batch 146 of 218 done, accepted = 7273, rejected = 7, statuses = {"200":7300}
batch 147 of 218 done, accepted = 7323, rejected = 7, statuses = {"200":7350}
batch 148 of 218 done, accepted = 7372, rejected = 7, statuses = {"200":7400}
batch 149 of 218 done, accepted = 7421, rejected = 7, statuses = {"200":7450}
batch 150 of 218 done, accepted = 7471, rejected = 7, statuses = {"200":7500}
batch 151 of 218 done, accepted = 7521, rejected = 7, statuses = {"200":7550}
batch 152 of 218 done, accepted = 7571, rejected = 7, statuses = {"200":7600}
batch 153 of 218 done, accepted = 7620, rejected = 7, statuses = {"200":7650}
batch 154 of 218 done, accepted = 7670, rejected = 7, statuses = {"200":7700}
batch 155 of 218 done, accepted = 7720, rejected = 7, statuses = {"200":7750}
batch 156 of 218 done, accepted = 7768, rejected = 8, statuses = {"200":7800}
batch 157 of 218 done, accepted = 7818, rejected = 8, statuses = {"200":7850}
batch 158 of 218 done, accepted = 7868, rejected = 8, statuses = {"200":7900}
batch 159 of 218 done, accepted = 7918, rejected = 8, statuses = {"200":7950}
batch 160 of 218 done, accepted = 7968, rejected = 8, statuses = {"200":8000}
batch 161 of 218 done, accepted = 8016, rejected = 9, statuses = {"200":8050}
batch 162 of 218 done, accepted = 8066, rejected = 9, statuses = {"200":8100}
batch 163 of 218 done, accepted = 8116, rejected = 9, statuses = {"200":8150}
batch 164 of 218 done, accepted = 8164, rejected = 9, statuses = {"200":8200}
batch 165 of 218 done, accepted = 8214, rejected = 9, statuses = {"200":8250}
batch 166 of 218 done, accepted = 8264, rejected = 9, statuses = {"200":8300}
batch 167 of 218 done, accepted = 8314, rejected = 9, statuses = {"200":8350}
batch 168 of 218 done, accepted = 8364, rejected = 9, statuses = {"200":8400}
batch 169 of 218 done, accepted = 8414, rejected = 9, statuses = {"200":8450}
batch 170 of 218 done, accepted = 8464, rejected = 9, statuses = {"200":8500}
batch 171 of 218 done, accepted = 8513, rejected = 9, statuses = {"200":8550}
batch 172 of 218 done, accepted = 8562, rejected = 10, statuses = {"200":8600}
batch 173 of 218 done, accepted = 8612, rejected = 10, statuses = {"200":8650}
batch 174 of 218 done, accepted = 8662, rejected = 10, statuses = {"200":8700}
batch 175 of 218 done, accepted = 8711, rejected = 11, statuses = {"200":8750}
batch 176 of 218 done, accepted = 8760, rejected = 12, statuses = {"200":8800}
batch 177 of 218 done, accepted = 8810, rejected = 12, statuses = {"200":8850}
batch 178 of 218 done, accepted = 8860, rejected = 12, statuses = {"200":8900}
batch 179 of 218 done, accepted = 8910, rejected = 12, statuses = {"200":8950}
batch 180 of 218 done, accepted = 8960, rejected = 12, statuses = {"200":9000}
batch 181 of 218 done, accepted = 9010, rejected = 12, statuses = {"200":9050}
batch 182 of 218 done, accepted = 9060, rejected = 12, statuses = {"200":9100}
batch 183 of 218 done, accepted = 9110, rejected = 12, statuses = {"200":9150}
batch 184 of 218 done, accepted = 9160, rejected = 12, statuses = {"200":9200}
batch 185 of 218 done, accepted = 9210, rejected = 12, statuses = {"200":9250}
batch 186 of 218 done, accepted = 9260, rejected = 12, statuses = {"200":9300}
batch 187 of 218 done, accepted = 9310, rejected = 12, statuses = {"200":9350}
batch 188 of 218 done, accepted = 9360, rejected = 12, statuses = {"200":9400}
batch 189 of 218 done, accepted = 9410, rejected = 12, statuses = {"200":9450}
batch 190 of 218 done, accepted = 9460, rejected = 12, statuses = {"200":9500}
batch 191 of 218 done, accepted = 9510, rejected = 12, statuses = {"200":9550}
batch 192 of 218 done, accepted = 9560, rejected = 12, statuses = {"200":9600}
batch 193 of 218 done, accepted = 9610, rejected = 12, statuses = {"200":9650}
batch 194 of 218 done, accepted = 9660, rejected = 12, statuses = {"200":9700}
batch 195 of 218 done, accepted = 9710, rejected = 12, statuses = {"200":9750}
batch 196 of 218 done, accepted = 9760, rejected = 12, statuses = {"200":9800}
batch 197 of 218 done, accepted = 9810, rejected = 12, statuses = {"200":9850}
batch 198 of 218 done, accepted = 9859, rejected = 12, statuses = {"200":9900}
batch 199 of 218 done, accepted = 9909, rejected = 12, statuses = {"200":9950}
batch 200 of 218 done, accepted = 9958, rejected = 13, statuses = {"200":10000}
batch 201 of 218 done, accepted = 10008, rejected = 13, statuses = {"200":10050}
batch 202 of 218 done, accepted = 10058, rejected = 13, statuses = {"200":10100}
batch 203 of 218 done, accepted = 10108, rejected = 13, statuses = {"200":10150}
batch 204 of 218 done, accepted = 10158, rejected = 13, statuses = {"200":10200}
batch 205 of 218 done, accepted = 10208, rejected = 13, statuses = {"200":10250}
batch 206 of 218 done, accepted = 10257, rejected = 13, statuses = {"200":10300}
batch 207 of 218 done, accepted = 10307, rejected = 13, statuses = {"200":10350}
batch 208 of 218 done, accepted = 10356, rejected = 13, statuses = {"200":10400}
batch 209 of 218 done, accepted = 10406, rejected = 13, statuses = {"200":10450}
batch 210 of 218 done, accepted = 10455, rejected = 13, statuses = {"200":10500}
batch 211 of 218 done, accepted = 10505, rejected = 13, statuses = {"200":10550}
batch 212 of 218 done, accepted = 10555, rejected = 13, statuses = {"200":10600}
batch 213 of 218 done, accepted = 10605, rejected = 13, statuses = {"200":10650}
batch 214 of 218 done, accepted = 10655, rejected = 13, statuses = {"200":10700}
batch 215 of 218 done, accepted = 10705, rejected = 13, statuses = {"200":10750}
batch 216 of 218 done, accepted = 10753, rejected = 13, statuses = {"200":10800}
batch 217 of 218 done, accepted = 10803, rejected = 13, statuses = {"200":10850}
batch 218 of 218 done, accepted = 10821, rejected = 13, statuses = {"200":10868}
Rejection 0: {"request":{"entries":[{"client":"+571005060192","campaignName":"api lead 11 es v0","variables":{"name":"Daniel","sku_1":"Aceite Premier - Premier - Botella PET 900 ml","dsct_1":"20%","path_1":"Tzsm?utm_source=connectly-campaign&utm_medium=164&utm_content=44be07c5-a164-4179-b458-7ca511a89d64&utm_campaign=1_1377_WA_1_Mar15_ot_Lead_API-Lead-11-es-v0&utm_term=150325"}}]},"response":[{"campaignId":null,"campaignName":"","campaignVersion":null,"sendoutId":null,"status":"error","acceptedCount":0,"rejectedCount":0,"error":{"message":"Client in entry is missing or invalid","type":"ERROR_TYPE_INVALID_ARGUMENT","code":"ERROR_CODE_CAMPAIGN_ENTRY_CLIENT_INVALID","userTitle":"Client in entry is missing or invalid","userMessage":"Please check the client paramter in the campaign entry."}}]}
Rejection 1: {"request":{"entries":[{"client":"+573153800821","campaignName":"api lead 11 es v0","variables":{"name":"","sku_1":"Alimento Húmedo Para Gatitos Sabor Atún - Whiskas - Sobre 85 g","dsct_1":"3%","path_1":"KcCo?utm_source=connectly-campaign&utm_medium=164&utm_content=44be07c5-a164-4179-b458-7ca511a89d64&utm_campaign=1_1377_WA_1_Mar15_ot_Lead_API-Lead-11-es-v0&utm_term=150325"}}]},"response":[{"campaignId":"692e91c5-3d5d-4ee8-ab3f-58568a9a7a44","campaignName":"api lead 11 es v0","campaignVersion":"019596e4-3370-7fc8-d19d-c2b66585f1e1","sendoutId":"173fa558-ef94-485b-bff3-77b03f1515cc","status":"error","acceptedCount":0,"rejectedCount":1,"error":{"message":"Campaign entry is invalid","type":"ERROR_TYPE_INVALID_ARGUMENT","code":"ERROR_CODE_CAMPAIGN_ENTRY_INVALID","userTitle":"Campaign entry is invalid","userMessage":"Please check the inputs to the campaign entry."}}]}
Rejection 2: {"request":{"entries":[{"client":"+571125537014","campaignName":"api lead 11 es v0","variables":{"name":"","sku_1":"Cereal Megapaketicos - Choco Krispis - Paquete 115 g","dsct_1":"2%","path_1":"L5hv?utm_source=connectly-campaign&utm_medium=164&utm_content=44be07c5-a164-4179-b458-7ca511a89d64&utm_campaign=1_1377_WA_1_Mar15_ot_Lead_API-Lead-11-es-v0&utm_term=150325"}}]},"response":[{"campaignId":"692e91c5-3d5d-4ee8-ab3f-58568a9a7a44","campaignName":"api lead 11 es v0","campaignVersion":"019596e4-3370-7fc8-d19d-c2b66585f1e1","sendoutId":"173fa558-ef94-485b-bff3-77b03f1515cc","status":"error","acceptedCount":0,"rejectedCount":1,"error":{"message":"Campaign entry is invalid","type":"ERROR_TYPE_INVALID_ARGUMENT","code":"ERROR_CODE_CAMPAIGN_ENTRY_INVALID","userTitle":"Campaign entry is invalid","userMessage":"Please check the inputs to the campaign entry."}}]}
Rejection 3: {"request":{"entries":[{"client":"+575534954269","campaignName":"api lead 11 es v0","variables":{"name":"Jose","sku_1":"Jugo De Manzana Nectar - Pulp - Botella pet 1100 ml","dsct_1":"5%","path_1":"CjFb?utm_source=connectly-campaign&utm_medium=164&utm_content=44be07c5-a164-4179-b458-7ca511a89d64&utm_campaign=1_1377_WA_1_Mar15_ot_Lead_API-Lead-11-es-v0&utm_term=150325"}}]},"response":[{"campaignId":null,"campaignName":"","campaignVersion":null,"sendoutId":null,"status":"error","acceptedCount":0,"rejectedCount":0,"error":{"message":"Client in entry is missing or invalid","type":"ERROR_TYPE_INVALID_ARGUMENT","code":"ERROR_CODE_CAMPAIGN_ENTRY_CLIENT_INVALID","userTitle":"Client in entry is missing or invalid","userMessage":"Please check the client paramter in the campaign entry."}}]}
Rejection 4: {"request":{"entries":[{"client":"+573103107988663","campaignName":"api lead 11 es v0","variables":{"name":"Omar","sku_1":"Jugo De Manzana Nectar - Pulp - Botella pet 1100 ml","dsct_1":"5%","path_1":"CjFb?utm_source=connectly-campaign&utm_medium=164&utm_content=44be07c5-a164-4179-b458-7ca511a89d64&utm_campaign=1_1377_WA_1_Mar15_ot_Lead_API-Lead-11-es-v0&utm_term=150325"}}]},"response":[{"campaignId":null,"campaignName":"","campaignVersion":null,"sendoutId":null,"status":"error","acceptedCount":0,"rejectedCount":0,"error":{"message":"Client in entry is missing or invalid","type":"ERROR_TYPE_INVALID_ARGUMENT","code":"ERROR_CODE_CAMPAIGN_ENTRY_CLIENT_INVALID","userTitle":"Client in entry is missing or invalid","userMessage":"Please check the client paramter in the campaign entry."}}]}
Rejection 5: {"request":{"entries":[{"client":"+578765433334","campaignName":"api lead 11 es v0","variables":{"name":"Dgfhgjhkjblnk;","sku_1":"Refresco Piña Granadilla Y Maracuyá - Cifrut - Botella PET 1700 ml","dsct_1":"1%","path_1":"5gUr?utm_source=connectly-campaign&utm_medium=164&utm_content=44be07c5-a164-4179-b458-7ca511a89d64&utm_campaign=1_1377_WA_1_Mar15_ot_Lead_API-Lead-11-es-v0&utm_term=150325"}}]},"response":[{"campaignId":null,"campaignName":"","campaignVersion":null,"sendoutId":null,"status":"error","acceptedCount":0,"rejectedCount":0,"error":{"message":"Client in entry is missing or invalid","type":"ERROR_TYPE_INVALID_ARGUMENT","code":"ERROR_CODE_CAMPAIGN_ENTRY_CLIENT_INVALID","userTitle":"Client in entry is missing or invalid","userMessage":"Please check the client paramter in the campaign entry."}}]}
Rejection 6: {"request":{"entries":[{"client":"+57304287323273","campaignName":"api lead 11 es v0","variables":{"name":"Arturo","sku_1":"Papel Higiénico Familiar Grande - Familia - Unidad 1 ud.","dsct_1":"8%","path_1":"uSSZ?utm_source=connectly-campaign&utm_medium=164&utm_content=44be07c5-a164-4179-b458-7ca511a89d64&utm_campaign=7_1377_WA_1_Mar15_ot_Lead_API-Lead-11-es-v0&utm_term=150325"}}]},"response":[{"campaignId":null,"campaignName":"","campaignVersion":null,"sendoutId":null,"status":"error","acceptedCount":0,"rejectedCount":0,"error":{"message":"Client in entry is missing or invalid","type":"ERROR_TYPE_INVALID_ARGUMENT","code":"ERROR_CODE_CAMPAIGN_ENTRY_CLIENT_INVALID","userTitle":"Client in entry is missing or invalid","userMessage":"Please check the client paramter in the campaign entry."}}]}
Rejection 7: {"request":{"entries":[{"client":"+575534940529","campaignName":"api lead 11 es v0","variables":{"name":"Jho","sku_1":"Jabón Limpieza Profunda - Protex - Barra 110 g","dsct_1":"16%","path_1":"Nqrk?utm_source=connectly-campaign&utm_medium=164&utm_content=44be07c5-a164-4179-b458-7ca511a89d64&utm_campaign=2_1377_WA_1_Mar15_ot_Lead_API-Lead-11-es-v0&utm_term=150325"}}]},"response":[{"campaignId":null,"campaignName":"","campaignVersion":null,"sendoutId":null,"status":"error","acceptedCount":0,"rejectedCount":0,"error":{"message":"Client in entry is missing or invalid","type":"ERROR_TYPE_INVALID_ARGUMENT","code":"ERROR_CODE_CAMPAIGN_ENTRY_CLIENT_INVALID","userTitle":"Client in entry is missing or invalid","userMessage":"Please check the client paramter in the campaign entry."}}]}
Rejection 8: {"request":{"entries":[{"client":"+525551774298","campaignName":"api hibernating 11 es v0","variables":{"name":"","sku_1":"Rastrillo Prestobarba 2 - Gillette - Unidad 28 uds.","dsct_1":"7%","path_1":"qH8w?utm_source=connectly-campaign&utm_medium=164&utm_content=44be07c5-a164-4179-b458-7ca511a89d64&utm_campaign=11_1381_WA_1_Mar15_ot_Hibernating_API-Hibernating-11-es-v0&utm_term=150325"}}]},"response":[{"campaignId":"8308c3b4-8484-4350-bdc8-5ff301a0b373","campaignName":"api hibernating 11 es v0","campaignVersion":"019596f2-7c01-122b-0aac-2a95c6eed6df","sendoutId":"e3e0269a-25e4-4200-a5f9-7b10caffc515","status":"error","acceptedCount":0,"rejectedCount":1,"error":{"message":"Campaign entry is invalid","type":"ERROR_TYPE_INVALID_ARGUMENT","code":"ERROR_CODE_CAMPAIGN_ENTRY_INVALID","userTitle":"Campaign entry is invalid","userMessage":"Please check the inputs to the campaign entry."}}]}
Rejection 9: {"request":{"entries":[{"client":"+57312","campaignName":"api lead 11 es v0","variables":{"name":"Mery","sku_1":"Detergente En Polvo Regular - Ariel - Bolsa 700 g","dsct_1":"4%","path_1":"PTU2?utm_source=connectly-campaign&utm_medium=164&utm_content=44be07c5-a164-4179-b458-7ca511a89d64&utm_campaign=7_1377_WA_1_Mar15_ot_Lead_API-Lead-11-es-v0&utm_term=150325"}}]},"response":[{"campaignId":null,"campaignName":"","campaignVersion":null,"sendoutId":null,"status":"error","acceptedCount":0,"rejectedCount":0,"error":{"message":"Client in entry is missing or invalid","type":"ERROR_TYPE_INVALID_ARGUMENT","code":"ERROR_CODE_CAMPAIGN_ENTRY_CLIENT_INVALID","userTitle":"Client in entry is missing or invalid","userMessage":"Please check the client paramter in the campaign entry."}}]}
Rejection 10: {"request":{"entries":[{"client":"+577203472043","campaignName":"api lead 11 es v0","variables":{"name":"David","sku_1":"Aceite De Girasol - Oleocali - Botella PET 900 ml","dsct_1":"20%","path_1":"AT7o?utm_source=connectly-campaign&utm_medium=164&utm_content=44be07c5-a164-4179-b458-7ca511a89d64&utm_campaign=1_1377_WA_1_Mar15_ot_Lead_API-Lead-11-es-v0&utm_term=150325"}}]},"response":[{"campaignId":null,"campaignName":"","campaignVersion":null,"sendoutId":null,"status":"error","acceptedCount":0,"rejectedCount":0,"error":{"message":"Client in entry is missing or invalid","type":"ERROR_TYPE_INVALID_ARGUMENT","code":"ERROR_CODE_CAMPAIGN_ENTRY_CLIENT_INVALID","userTitle":"Client in entry is missing or invalid","userMessage":"Please check the client paramter in the campaign entry."}}]}
Rejection 11: {"request":{"entries":[{"client":"+573124623027","campaignName":"api lead 11 es v0","variables":{"name":"","sku_1":"Cereal Megapaketicos - Zucaritas Kellogg's - Paquete 115 g","dsct_1":"13%","path_1":"3xiL?utm_source=connectly-campaign&utm_medium=164&utm_content=44be07c5-a164-4179-b458-7ca511a89d64&utm_campaign=1_1377_WA_1_Mar15_ot_Lead_API-Lead-11-es-v0&utm_term=150325"}}]},"response":[{"campaignId":"692e91c5-3d5d-4ee8-ab3f-58568a9a7a44","campaignName":"api lead 11 es v0","campaignVersion":"019596e4-3370-7fc8-d19d-c2b66585f1e1","sendoutId":"173fa558-ef94-485b-bff3-77b03f1515cc","status":"error","acceptedCount":0,"rejectedCount":1,"error":{"message":"Campaign entry is invalid","type":"ERROR_TYPE_INVALID_ARGUMENT","code":"ERROR_CODE_CAMPAIGN_ENTRY_INVALID","userTitle":"Campaign entry is invalid","userMessage":"Please check the inputs to the campaign entry."}}]}
Rejection 12: {"request":{"entries":[{"client":"+573002985872","campaignName":"api churn 11 es v0","variables":{"name":"","sku_1":"Coca Cola Original - Coca Cola - Botella PET 1500 ml","dsct_1":"2%","path_1":"tKdQ?utm_source=connectly-campaign&utm_medium=164&utm_content=44be07c5-a164-4179-b458-7ca511a89d64&utm_campaign=1_1377_WA_1_Mar15_ot_Churn_API-Churn-11-es-v0&utm_term=150325"}}]},"response":[{"campaignId":"d0678dcc-8d6e-4535-9af2-8f92807694a7","campaignName":"api churn 11 es v0","campaignVersion":"019596f1-7251-e59e-9722-40e906163f2f","sendoutId":"fa361247-3676-4fed-9bea-57052f395d55","status":"error","acceptedCount":0,"rejectedCount":1,"error":{"message":"Campaign entry is invalid","type":"ERROR_TYPE_INVALID_ARGUMENT","code":"ERROR_CODE_CAMPAIGN_ENTRY_INVALID","userTitle":"Campaign entry is invalid","userMessage":"Please check the inputs to the campaign entry."}}]}
Rejection 13: {"request":{"entries":[{"client":"+573089393743","campaignName":"api lead 11 es v0","variables":{"name":"Johan","sku_1":"Pasta Tipo Macarroncito - San Remo - Paquete 250 g","dsct_1":"25%","path_1":"8Q5b?utm_source=connectly-campaign&utm_medium=164&utm_content=44be07c5-a164-4179-b458-7ca511a89d64&utm_campaign=1_1377_WA_1_Mar15_ot_Lead_API-Lead-11-es-v0&utm_term=150325"}}]},"response":[{"campaignId":null,"campaignName":"","campaignVersion":null,"sendoutId":null,"status":"error","acceptedCount":0,"rejectedCount":0,"error":{"message":"Client in entry is missing or invalid","type":"ERROR_TYPE_INVALID_ARGUMENT","code":"ERROR_CODE_CAMPAIGN_ENTRY_CLIENT_INVALID","userTitle":"Client in entry is missing or invalid","userMessage":"Please check the client paramter in the campaign entry."}}]}
Rejection 14: {"request":{"entries":[{"client":"+571318271171","campaignName":"api lead 11 es v0","variables":{"name":"Antonio","sku_1":"Caramelo Blando - Mechas Locas - Display 6 uds.","dsct_1":"1%","path_1":"xyiR?utm_source=connectly-campaign&utm_medium=164&utm_content=44be07c5-a164-4179-b458-7ca511a89d64&utm_campaign=1_1377_WA_1_Mar15_ot_Lead_API-Lead-11-es-v0&utm_term=150325"}}]},"response":[{"campaignId":null,"campaignName":"","campaignVersion":null,"sendoutId":null,"status":"error","acceptedCount":0,"rejectedCount":0,"error":{"message":"Client in entry is missing or invalid","type":"ERROR_TYPE_INVALID_ARGUMENT","code":"ERROR_CODE_CAMPAIGN_ENTRY_CLIENT_INVALID","userTitle":"Client in entry is missing or invalid","userMessage":"Please check the client paramter in the campaign entry."}}]}
Rejection 15: {"request":{"entries":[{"client":"+573256956565","campaignName":"api lead 11 es v0","variables":{"name":"Chiper","sku_1":"Chupete + Polvo Acido - Pin Pop - Paquete 12 uds.","dsct_1":"4%","path_1":"LFSW?utm_source=connectly-campaign&utm_medium=164&utm_content=44be07c5-a164-4179-b458-7ca511a89d64&utm_campaign=1_1377_WA_1_Mar15_ot_Lead_API-Lead-11-es-v0&utm_term=150325"}}]},"response":[{"campaignId":null,"campaignName":"","campaignVersion":null,"sendoutId":null,"status":"error","acceptedCount":0,"rejectedCount":0,"error":{"message":"Client in entry is missing or invalid","type":"ERROR_TYPE_INVALID_ARGUMENT","code":"ERROR_CODE_CAMPAIGN_ENTRY_CLIENT_INVALID","userTitle":"Client in entry is missing or invalid","userMessage":"Please check the client paramter in the campaign entry."}}]}
Rejection 16: {"request":{"entries":[{"client":"+579085330004","campaignName":"api lead 11 es v0","variables":{"name":"Davud","sku_1":"Agua Saborizada Lima Limón - Brisa - Botella pet 600 ml","dsct_1":"1%","path_1":"yNzH?utm_source=connectly-campaign&utm_medium=164&utm_content=44be07c5-a164-4179-b458-7ca511a89d64&utm_campaign=1_1377_WA_1_Mar15_ot_Lead_API-Lead-11-es-v0&utm_term=150325"}}]},"response":[{"campaignId":null,"campaignName":"","campaignVersion":null,"sendoutId":null,"status":"error","acceptedCount":0,"rejectedCount":0,"error":{"message":"Client in entry is missing or invalid","type":"ERROR_TYPE_INVALID_ARGUMENT","code":"ERROR_CODE_CAMPAIGN_ENTRY_CLIENT_INVALID","userTitle":"Client in entry is missing or invalid","userMessage":"Please check the client paramter in the campaign entry."}}]}
Rejection 17: {"request":{"entries":[{"client":"+57114101214","campaignName":"api lead 11 es v0","variables":{"name":"Israel","sku_1":"Alimento Para Perros Alimento Para Adultos Medianos Y Grandes - Dog Chow - Paquete 475 g","dsct_1":"3%","path_1":"gxm4?utm_source=connectly-campaign&utm_medium=164&utm_content=44be07c5-a164-4179-b458-7ca511a89d64&utm_campaign=3_1377_WA_1_Mar15_ot_Lead_API-Lead-11-es-v0&utm_term=150325"}}]},"response":[{"campaignId":null,"campaignName":"","campaignVersion":null,"sendoutId":null,"status":"error","acceptedCount":0,"rejectedCount":0,"error":{"message":"Client in entry is missing or invalid","type":"ERROR_TYPE_INVALID_ARGUMENT","code":"ERROR_CODE_CAMPAIGN_ENTRY_CLIENT_INVALID","userTitle":"Client in entry is missing or invalid","userMessage":"Please check the client paramter in the campaign entry."}}]}
Rejection 18: {"request":{"entries":[{"client":"+573113","campaignName":"api lead 11 es v0","variables":{"name":"Gloria","sku_1":"Cerveza - Heineken - Display x6 Botellas 330 ml","dsct_1":"10%","path_1":"hHXJ?utm_source=connectly-campaign&utm_medium=164&utm_content=44be07c5-a164-4179-b458-7ca511a89d64&utm_campaign=7_1377_WA_1_Mar15_ot_Lead_API-Lead-11-es-v0&utm_term=150325"}}]},"response":[{"campaignId":null,"campaignName":"","campaignVersion":null,"sendoutId":null,"status":"error","acceptedCount":0,"rejectedCount":0,"error":{"message":"Client in entry is missing or invalid","type":"ERROR_TYPE_INVALID_ARGUMENT","code":"ERROR_CODE_CAMPAIGN_ENTRY_CLIENT_INVALID","userTitle":"Client in entry is missing or invalid","userMessage":"Please check the client paramter in the campaign entry."}}]}
Rejection 19: {"request":{"entries":[{"client":"+5731592600000","campaignName":"api lead 11 es v0","variables":{"name":"R","sku_1":"Jabón Macadamia - Protex - Barra 110 g","dsct_1":"16%","path_1":"AZcT?utm_source=connectly-campaign&utm_medium=164&utm_content=44be07c5-a164-4179-b458-7ca511a89d64&utm_campaign=2_1377_WA_1_Mar15_ot_Lead_API-Lead-11-es-v0&utm_term=150325"}}]},"response":[{"campaignId":null,"campaignName":"","campaignVersion":null,"sendoutId":null,"status":"error","acceptedCount":0,"rejectedCount":0,"error":{"message":"Client in entry is missing or invalid","type":"ERROR_TYPE_INVALID_ARGUMENT","code":"ERROR_CODE_CAMPAIGN_ENTRY_CLIENT_INVALID","userTitle":"Client in entry is missing or invalid","userMessage":"Please check the client paramter in the campaign entry."}}]}
Rejection 20: {"request":{"entries":[{"client":"+573204014821","campaignName":"api lead 11 es v0","variables":{"name":"","sku_1":"Brownie Chocolate Mama-Ia - Mama-Ia - Unidad 70 g","dsct_1":"10%","path_1":"2aij?utm_source=connectly-campaign&utm_medium=164&utm_content=44be07c5-a164-4179-b458-7ca511a89d64&utm_campaign=1_1377_WA_1_Mar15_ot_Lead_API-Lead-11-es-v0&utm_term=150325"}}]},"response":[{"campaignId":"692e91c5-3d5d-4ee8-ab3f-58568a9a7a44","campaignName":"api lead 11 es v0","campaignVersion":"019596e4-3370-7fc8-d19d-c2b66585f1e1","sendoutId":"173fa558-ef94-485b-bff3-77b03f1515cc","status":"error","acceptedCount":0,"rejectedCount":1,"error":{"message":"Campaign entry is invalid","type":"ERROR_TYPE_INVALID_ARGUMENT","code":"ERROR_CODE_CAMPAIGN_ENTRY_INVALID","userTitle":"Campaign entry is invalid","userMessage":"Please check the inputs to the campaign entry."}}]}
Rejection 21: {"request":{"entries":[{"client":"+573204707366","campaignName":"api churn 11 es v0","variables":{"name":"","sku_1":"Gaseosa Toronja - Quatro - Botella pet 1500 ml","dsct_1":"10%","path_1":"vqDX?utm_source=connectly-campaign&utm_medium=164&utm_content=44be07c5-a164-4179-b458-7ca511a89d64&utm_campaign=1_1377_WA_1_Mar15_ot_Churn_API-Churn-11-es-v0&utm_term=150325"}}]},"response":[{"campaignId":"d0678dcc-8d6e-4535-9af2-8f92807694a7","campaignName":"api churn 11 es v0","campaignVersion":"019596f1-7251-e59e-9722-40e906163f2f","sendoutId":"fa361247-3676-4fed-9bea-57052f395d55","status":"error","acceptedCount":0,"rejectedCount":1,"error":{"message":"Campaign entry is invalid","type":"ERROR_TYPE_INVALID_ARGUMENT","code":"ERROR_CODE_CAMPAIGN_ENTRY_INVALID","userTitle":"Campaign entry is invalid","userMessage":"Please check the inputs to the campaign entry."}}]}
Rejection 22: {"request":{"entries":[{"client":"+575513083455","campaignName":"api lead 11 es v0","variables":{"name":"Amalia","sku_1":"Aceite Premier - Premier - Botella PET 2700 ml","dsct_1":"20%","path_1":"D5Rc?utm_source=connectly-campaign&utm_medium=164&utm_content=44be07c5-a164-4179-b458-7ca511a89d64&utm_campaign=2_1377_WA_1_Mar15_ot_Lead_API-Lead-11-es-v0&utm_term=150325"}}]},"response":[{"campaignId":null,"campaignName":"","campaignVersion":null,"sendoutId":null,"status":"error","acceptedCount":0,"rejectedCount":0,"error":{"message":"Client in entry is missing or invalid","type":"ERROR_TYPE_INVALID_ARGUMENT","code":"ERROR_CODE_CAMPAIGN_ENTRY_CLIENT_INVALID","userTitle":"Client in entry is missing or invalid","userMessage":"Please check the client paramter in the campaign entry."}}]}
Rejection 23: {"request":{"entries":[{"client":"+573992143780","campaignName":"api lead 11 es v0","variables":{"name":"Johan","sku_1":"Shampoo original - Johnsons Baby - Display x12 Sachets 25 ml","dsct_1":"21%","path_1":"4WYk?utm_source=connectly-campaign&utm_medium=164&utm_content=44be07c5-a164-4179-b458-7ca511a89d64&utm_campaign=1_1377_WA_1_Mar15_ot_Lead_API-Lead-11-es-v0&utm_term=150325"}}]},"response":[{"campaignId":null,"campaignName":"","campaignVersion":null,"sendoutId":null,"status":"error","acceptedCount":0,"rejectedCount":0,"error":{"message":"Client in entry is missing or invalid","type":"ERROR_TYPE_INVALID_ARGUMENT","code":"ERROR_CODE_CAMPAIGN_ENTRY_CLIENT_INVALID","userTitle":"Client in entry is missing or invalid","userMessage":"Please check the client paramter in the campaign entry."}}]}
Rejection 24: {"request":{"entries":[{"client":"+574484252","campaignName":"api churn 11 es v0","variables":{"name":"Ana","sku_1":"Aguardiente Nectar Verde - Nectar Club - Botella 375 ml","dsct_1":"6%","path_1":"6KtG?utm_source=connectly-campaign&utm_medium=164&utm_content=44be07c5-a164-4179-b458-7ca511a89d64&utm_campaign=1_1377_WA_1_Mar15_ot_Churn_API-Churn-11-es-v0&utm_term=150325"}}]},"response":[{"campaignId":null,"campaignName":"","campaignVersion":null,"sendoutId":null,"status":"error","acceptedCount":0,"rejectedCount":0,"error":{"message":"Client in entry is missing or invalid","type":"ERROR_TYPE_INVALID_ARGUMENT","code":"ERROR_CODE_CAMPAIGN_ENTRY_CLIENT_INVALID","userTitle":"Client in entry is missing or invalid","userMessage":"Please check the client paramter in the campaign entry."}}]}
Rejection 25: {"request":{"entries":[{"client":"+5711987138893","campaignName":"api churn 11 es v0","variables":{"name":"Dario","sku_1":"Aguardiente Nectar Verde - Nectar Club - Botella 375 ml","dsct_1":"6%","path_1":"6KtG?utm_source=connectly-campaign&utm_medium=164&utm_content=44be07c5-a164-4179-b458-7ca511a89d64&utm_campaign=1_1377_WA_1_Mar15_ot_Churn_API-Churn-11-es-v0&utm_term=150325"}}]},"response":[{"campaignId":null,"campaignName":"","campaignVersion":null,"sendoutId":null,"status":"error","acceptedCount":0,"rejectedCount":0,"error":{"message":"Client in entry is missing or invalid","type":"ERROR_TYPE_INVALID_ARGUMENT","code":"ERROR_CODE_CAMPAIGN_ENTRY_CLIENT_INVALID","userTitle":"Client in entry is missing or invalid","userMessage":"Please check the client paramter in the campaign entry."}}]}
Rejection 26: {"request":{"entries":[{"client":"+57322","campaignName":"api lead 11 es v0","variables":{"name":"Marcela","sku_1":"Detergente en polvo regular - Ariel - Bolsa 1 kg","dsct_1":"4%","path_1":"vjSj?utm_source=connectly-campaign&utm_medium=164&utm_content=44be07c5-a164-4179-b458-7ca511a89d64&utm_campaign=7_1377_WA_1_Mar15_ot_Lead_API-Lead-11-es-v0&utm_term=150325"}}]},"response":[{"campaignId":null,"campaignName":"","campaignVersion":null,"sendoutId":null,"status":"error","acceptedCount":0,"rejectedCount":0,"error":{"message":"Client in entry is missing or invalid","type":"ERROR_TYPE_INVALID_ARGUMENT","code":"ERROR_CODE_CAMPAIGN_ENTRY_CLIENT_INVALID","userTitle":"Client in entry is missing or invalid","userMessage":"Please check the client paramter in the campaign entry."}}]}
Rejection 27: {"request":{"entries":[{"client":"+57322","campaignName":"api lead 11 es v0","variables":{"name":"Maximo","sku_1":"Desodorante Clinical Practitubo - Lady Speed Stick - Tarro 30 g","dsct_1":"3%","path_1":"9gUZ?utm_source=connectly-campaign&utm_medium=164&utm_content=44be07c5-a164-4179-b458-7ca511a89d64&utm_campaign=2_1377_WA_1_Mar15_ot_Lead_API-Lead-11-es-v0&utm_term=150325"}}]},"response":[{"campaignId":null,"campaignName":"","campaignVersion":null,"sendoutId":null,"status":"error","acceptedCount":0,"rejectedCount":0,"error":{"message":"Client in entry is missing or invalid","type":"ERROR_TYPE_INVALID_ARGUMENT","code":"ERROR_CODE_CAMPAIGN_ENTRY_CLIENT_INVALID","userTitle":"Client in entry is missing or invalid","userMessage":"Please check the client paramter in the campaign entry."}}]}
Rejection 28: {"request":{"entries":[{"client":"+57312","campaignName":"api retained 11 es v0","variables":{"name":"Luis","sku_1":"Coca Cola Original - Coca Cola - Botella pet 3000 ml","dsct_1":"8%","path_1":"bnsa?utm_source=connectly-campaign&utm_medium=164&utm_content=44be07c5-a164-4179-b458-7ca511a89d64&utm_campaign=7_1377_WA_1_Mar15_ot_Retained_API-Retained-11-es-v0&utm_term=150325"}}]},"response":[{"campaignId":null,"campaignName":"","campaignVersion":null,"sendoutId":null,"status":"error","acceptedCount":0,"rejectedCount":0,"error":{"message":"Client in entry is missing or invalid","type":"ERROR_TYPE_INVALID_ARGUMENT","code":"ERROR_CODE_CAMPAIGN_ENTRY_CLIENT_INVALID","userTitle":"Client in entry is missing or invalid","userMessage":"Please check the client paramter in the campaign entry."}}]}
Rejection 29: {"request":{"entries":[{"client":"+57573122278539","campaignName":"api lead 11 es v0","variables":{"name":"Karen","sku_1":"Cepillo dental premier clean - Colgate - Unidad 1 ud.","dsct_1":"8%","path_1":"ytEY?utm_source=connectly-campaign&utm_medium=164&utm_content=44be07c5-a164-4179-b458-7ca511a89d64&utm_campaign=2_1377_WA_1_Mar15_ot_Lead_API-Lead-11-es-v0&utm_term=150325"}}]},"response":[{"campaignId":null,"campaignName":"","campaignVersion":null,"sendoutId":null,"status":"error","acceptedCount":0,"rejectedCount":0,"error":{"message":"Client in entry is missing or invalid","type":"ERROR_TYPE_INVALID_ARGUMENT","code":"ERROR_CODE_CAMPAIGN_ENTRY_CLIENT_INVALID","userTitle":"Client in entry is missing or invalid","userMessage":"Please check the client paramter in the campaign entry."}}]}
Rejection 30: {"request":{"entries":[{"client":"+579585755555","campaignName":"api lead 11 es v0","variables":{"name":"Tomas","sku_1":"Alimento Húmedo Para Cachorros sabor a pollo - Pedigree - Sobre 100 g","dsct_1":"4%","path_1":"4XM7?utm_source=connectly-campaign&utm_medium=164&utm_content=44be07c5-a164-4179-b458-7ca511a89d64&utm_campaign=1_1377_WA_1_Mar15_ot_Lead_API-Lead-11-es-v0&utm_term=150325"}}]},"response":[{"campaignId":null,"campaignName":"","campaignVersion":null,"sendoutId":null,"status":"error","acceptedCount":0,"rejectedCount":0,"error":{"message":"Client in entry is missing or invalid","type":"ERROR_TYPE_INVALID_ARGUMENT","code":"ERROR_CODE_CAMPAIGN_ENTRY_CLIENT_INVALID","userTitle":"Client in entry is missing or invalid","userMessage":"Please check the client paramter in the campaign entry."}}]}
Rejection 31: {"request":{"entries":[{"client":"+573016849598","campaignName":"api resurrected 11 es v0","variables":{"name":"","sku_1":"Coca Cola Original - Coca Cola - Botella pet 3000 ml","dsct_1":"8%","path_1":"XK6Q?utm_source=connectly-campaign&utm_medium=164&utm_content=44be07c5-a164-4179-b458-7ca511a89d64&utm_campaign=7_1377_WA_1_Mar15_ot_Resurrected_API-Resurrected-11-es-v0&utm_term=150325"}}]},"response":[{"campaignId":"0e9dd089-ad8f-478d-8a7e-e8b7f3882a3c","campaignName":"api resurrected 11 es v0","campaignVersion":"019596f0-3f09-86a1-fed6-65c19ea5f7d2","sendoutId":"2693bdea-2787-47eb-a435-516139d99e92","status":"error","acceptedCount":0,"rejectedCount":1,"error":{"message":"Campaign entry is invalid","type":"ERROR_TYPE_INVALID_ARGUMENT","code":"ERROR_CODE_CAMPAIGN_ENTRY_INVALID","userTitle":"Campaign entry is invalid","userMessage":"Please check the inputs to the campaign entry."}}]}
Rejection 32: {"request":{"entries":[{"client":"+573219571226","campaignName":"api retained 11 es v0","variables":{"name":"","sku_1":"Chocolatina Con Mani Snickers - Snickers - Barra 52 g","dsct_1":"4%","path_1":"AzaA?utm_source=connectly-campaign&utm_medium=164&utm_content=44be07c5-a164-4179-b458-7ca511a89d64&utm_campaign=1_1377_WA_1_Mar15_ot_Retained_API-Retained-11-es-v0&utm_term=150325"}}]},"response":[{"campaignId":"3b5d4768-09a5-4331-9751-4a2a10af9449","campaignName":"api retained 11 es v0","campaignVersion":"019596f4-a884-76c8-d72c-1773c42052f6","sendoutId":"f8b95696-1913-4182-aa64-a70030e1a094","status":"error","acceptedCount":0,"rejectedCount":1,"error":{"message":"Campaign entry is invalid","type":"ERROR_TYPE_INVALID_ARGUMENT","code":"ERROR_CODE_CAMPAIGN_ENTRY_INVALID","userTitle":"Campaign entry is invalid","userMessage":"Please check the inputs to the campaign entry."}}]}
Rejection 33: {"request":{"entries":[{"client":"+574678936475","campaignName":"api lead 11 es v0","variables":{"name":"New","sku_1":"Chocolatina rellena de caramelo - Milkyway - Barra 52 g","dsct_1":"6%","path_1":"WyuY?utm_source=connectly-campaign&utm_medium=164&utm_content=44be07c5-a164-4179-b458-7ca511a89d64&utm_campaign=1_1377_WA_1_Mar15_ot_Lead_API-Lead-11-es-v0&utm_term=150325"}}]},"response":[{"campaignId":null,"campaignName":"","campaignVersion":null,"sendoutId":null,"status":"error","acceptedCount":0,"rejectedCount":0,"error":{"message":"Client in entry is missing or invalid","type":"ERROR_TYPE_INVALID_ARGUMENT","code":"ERROR_CODE_CAMPAIGN_ENTRY_CLIENT_INVALID","userTitle":"Client in entry is missing or invalid","userMessage":"Please check the client paramter in the campaign entry."}}]}
Rejection 34: {"request":{"entries":[{"client":"+579065761313","campaignName":"api lead 11 es v0","variables":{"name":"User","sku_1":"Alimento Húmedo Para Gato Sabor A Salmon - Felix - Sobre 85 g","dsct_1":"1%","path_1":"5GaK?utm_source=connectly-campaign&utm_medium=164&utm_content=44be07c5-a164-4179-b458-7ca511a89d64&utm_campaign=1_1377_WA_1_Mar15_ot_Lead_API-Lead-11-es-v0&utm_term=150325"}}]},"response":[{"campaignId":null,"campaignName":"","campaignVersion":null,"sendoutId":null,"status":"error","acceptedCount":0,"rejectedCount":0,"error":{"message":"Client in entry is missing or invalid","type":"ERROR_TYPE_INVALID_ARGUMENT","code":"ERROR_CODE_CAMPAIGN_ENTRY_CLIENT_INVALID","userTitle":"Client in entry is missing or invalid","userMessage":"Please check the client paramter in the campaign entry."}}]}
Rejection 35: {"request":{"entries":[{"client":"+5731544215520","campaignName":"api lead 11 es v0","variables":{"name":"Bibiana","sku_1":"Desodorante Antitranspirante Hombre Clinical Dry - Speed Stick - Caja 20 uds.","dsct_1":"5%","path_1":"msbE?utm_source=connectly-campaign&utm_medium=164&utm_content=44be07c5-a164-4179-b458-7ca511a89d64&utm_campaign=2_1377_WA_1_Mar15_ot_Lead_API-Lead-11-es-v0&utm_term=150325"}}]},"response":[{"campaignId":null,"campaignName":"","campaignVersion":null,"sendoutId":null,"status":"error","acceptedCount":0,"rejectedCount":0,"error":{"message":"Client in entry is missing or invalid","type":"ERROR_TYPE_INVALID_ARGUMENT","code":"ERROR_CODE_CAMPAIGN_ENTRY_CLIENT_INVALID","userTitle":"Client in entry is missing or invalid","userMessage":"Please check the client paramter in the campaign entry."}}]}
Rejection 36: {"request":{"entries":[{"client":"+573593184644","campaignName":"api lead 11 es v0","variables":{"name":"David","sku_1":"Gaseosa Negra - Big - Botella pet 3020 ml","dsct_1":"7%","path_1":"513D?utm_source=connectly-campaign&utm_medium=164&utm_content=44be07c5-a164-4179-b458-7ca511a89d64&utm_campaign=1_1377_WA_1_Mar15_ot_Lead_API-Lead-11-es-v0&utm_term=150325"}}]},"response":[{"campaignId":null,"campaignName":"","campaignVersion":null,"sendoutId":null,"status":"error","acceptedCount":0,"rejectedCount":0,"error":{"message":"Client in entry is missing or invalid","type":"ERROR_TYPE_INVALID_ARGUMENT","code":"ERROR_CODE_CAMPAIGN_ENTRY_CLIENT_INVALID","userTitle":"Client in entry is missing or invalid","userMessage":"Please check the client paramter in the campaign entry."}}]}
Rejection 37: {"request":{"entries":[{"client":"+573053268046","campaignName":"api lead 11 es v0","variables":{"name":"","sku_1":"Desodorante Antitranspirante Hombre Clinical Dry - Speed Stick - Caja 20 uds.","dsct_1":"5%","path_1":"msbE?utm_source=connectly-campaign&utm_medium=164&utm_content=44be07c5-a164-4179-b458-7ca511a89d64&utm_campaign=2_1377_WA_1_Mar15_ot_Lead_API-Lead-11-es-v0&utm_term=150325"}}]},"response":[{"campaignId":"692e91c5-3d5d-4ee8-ab3f-58568a9a7a44","campaignName":"api lead 11 es v0","campaignVersion":"019596e4-3370-7fc8-d19d-c2b66585f1e1","sendoutId":"173fa558-ef94-485b-bff3-77b03f1515cc","status":"error","acceptedCount":0,"rejectedCount":1,"error":{"message":"Campaign entry is invalid","type":"ERROR_TYPE_INVALID_ARGUMENT","code":"ERROR_CODE_CAMPAIGN_ENTRY_INVALID","userTitle":"Campaign entry is invalid","userMessage":"Please check the inputs to the campaign entry."}}]}
Rejection 38: {"request":{"entries":[{"client":"+573224126691","campaignName":"api lead 11 es v0","variables":{"name":"","sku_1":"Gomitas Surtido Azul - Trolli - Caja 24 uds.","dsct_1":"5%","path_1":"bmWZ?utm_source=connectly-campaign&utm_medium=164&utm_content=44be07c5-a164-4179-b458-7ca511a89d64&utm_campaign=1_1377_WA_1_Mar15_ot_Lead_API-Lead-11-es-v0&utm_term=150325"}}]},"response":[{"campaignId":"692e91c5-3d5d-4ee8-ab3f-58568a9a7a44","campaignName":"api lead 11 es v0","campaignVersion":"019596e4-3370-7fc8-d19d-c2b66585f1e1","sendoutId":"173fa558-ef94-485b-bff3-77b03f1515cc","status":"error","acceptedCount":0,"rejectedCount":1,"error":{"message":"Campaign entry is invalid","type":"ERROR_TYPE_INVALID_ARGUMENT","code":"ERROR_CODE_CAMPAIGN_ENTRY_INVALID","userTitle":"Campaign entry is invalid","userMessage":"Please check the inputs to the campaign entry."}}]}
Rejection 39: {"request":{"entries":[{"client":"+573005099048","campaignName":"api retained 11 es v0","variables":{"name":"","sku_1":"Aguardiente Nectar Verde - Nectar Club - Botella 375 ml","dsct_1":"6%","path_1":"iMEY?utm_source=connectly-campaign&utm_medium=164&utm_content=44be07c5-a164-4179-b458-7ca511a89d64&utm_campaign=1_1377_WA_1_Mar15_ot_Retained_API-Retained-11-es-v0&utm_term=150325"}}]},"response":[{"campaignId":"3b5d4768-09a5-4331-9751-4a2a10af9449","campaignName":"api retained 11 es v0","campaignVersion":"019596f4-a884-76c8-d72c-1773c42052f6","sendoutId":"f8b95696-1913-4182-aa64-a70030e1a094","status":"error","acceptedCount":0,"rejectedCount":1,"error":{"message":"Campaign entry is invalid","type":"ERROR_TYPE_INVALID_ARGUMENT","code":"ERROR_CODE_CAMPAIGN_ENTRY_INVALID","userTitle":"Campaign entry is invalid","userMessage":"Please check the inputs to the campaign entry."}}]}
Rejection 40: {"request":{"entries":[{"client":"+57311843777600","campaignName":"api churn 11 es v0","variables":{"name":"Hasbleidy","sku_1":"Aguardiente Nectar Verde - Nectar Club - Botella 375 ml","dsct_1":"6%","path_1":"6KtG?utm_source=connectly-campaign&utm_medium=164&utm_content=44be07c5-a164-4179-b458-7ca511a89d64&utm_campaign=1_1377_WA_1_Mar15_ot_Churn_API-Churn-11-es-v0&utm_term=150325"}}]},"response":[{"campaignId":null,"campaignName":"","campaignVersion":null,"sendoutId":null,"status":"error","acceptedCount":0,"rejectedCount":0,"error":{"message":"Client in entry is missing or invalid","type":"ERROR_TYPE_INVALID_ARGUMENT","code":"ERROR_CODE_CAMPAIGN_ENTRY_CLIENT_INVALID","userTitle":"Client in entry is missing or invalid","userMessage":"Please check the client paramter in the campaign entry."}}]}
Rejection 41: {"request":{"entries":[{"client":"+573123809418","campaignName":"api retained 11 es v0","variables":{"name":"","sku_1":"Gaseosa Toronja - Quatro - Botella pet 1500 ml","dsct_1":"10%","path_1":"Qh91?utm_source=connectly-campaign&utm_medium=164&utm_content=44be07c5-a164-4179-b458-7ca511a89d64&utm_campaign=1_1377_WA_1_Mar15_ot_Retained_API-Retained-11-es-v0&utm_term=150325"}}]},"response":[{"campaignId":"3b5d4768-09a5-4331-9751-4a2a10af9449","campaignName":"api retained 11 es v0","campaignVersion":"019596f4-a884-76c8-d72c-1773c42052f6","sendoutId":"f8b95696-1913-4182-aa64-a70030e1a094","status":"error","acceptedCount":0,"rejectedCount":1,"error":{"message":"Campaign entry is invalid","type":"ERROR_TYPE_INVALID_ARGUMENT","code":"ERROR_CODE_CAMPAIGN_ENTRY_INVALID","userTitle":"Campaign entry is invalid","userMessage":"Please check the inputs to the campaign entry."}}]}
Rejection 42: {"request":{"entries":[{"client":"+573940589845","campaignName":"api lead 11 es v0","variables":{"name":"Usuario","sku_1":"Desodorante Talco - Lady Speed Stick - Sachet 18 uds.","dsct_1":"5%","path_1":"H877?utm_source=connectly-campaign&utm_medium=164&utm_content=44be07c5-a164-4179-b458-7ca511a89d64&utm_campaign=2_1377_WA_1_Mar15_ot_Lead_API-Lead-11-es-v0&utm_term=150325"}}]},"response":[{"campaignId":null,"campaignName":"","campaignVersion":null,"sendoutId":null,"status":"error","acceptedCount":0,"rejectedCount":0,"error":{"message":"Client in entry is missing or invalid","type":"ERROR_TYPE_INVALID_ARGUMENT","code":"ERROR_CODE_CAMPAIGN_ENTRY_CLIENT_INVALID","userTitle":"Client in entry is missing or invalid","userMessage":"Please check the client paramter in the campaign entry."}}]}
Rejection 43: {"request":{"entries":[{"client":"+575573788780","campaignName":"api churn 11 es v0","variables":{"name":"Raul","sku_1":"Jabón Vitamina E - Protex - Barra 110 g","dsct_1":"16%","path_1":"67iF?utm_source=connectly-campaign&utm_medium=164&utm_content=44be07c5-a164-4179-b458-7ca511a89d64&utm_campaign=2_1377_WA_1_Mar15_ot_Churn_API-Churn-11-es-v0&utm_term=150325"}}]},"response":[{"campaignId":null,"campaignName":"","campaignVersion":null,"sendoutId":null,"status":"error","acceptedCount":0,"rejectedCount":0,"error":{"message":"Client in entry is missing or invalid","type":"ERROR_TYPE_INVALID_ARGUMENT","code":"ERROR_CODE_CAMPAIGN_ENTRY_CLIENT_INVALID","userTitle":"Client in entry is missing or invalid","userMessage":"Please check the client paramter in the campaign entry."}}]}
Rejection 44: {"request":{"entries":[{"client":"+571656565656","campaignName":"api lead 11 es v0","variables":{"name":"Jkljlkjkj","sku_1":"Gaseosa Negra - Big - Botella pet 3020 ml","dsct_1":"7%","path_1":"513D?utm_source=connectly-campaign&utm_medium=164&utm_content=44be07c5-a164-4179-b458-7ca511a89d64&utm_campaign=1_1377_WA_1_Mar15_ot_Lead_API-Lead-11-es-v0&utm_term=150325"}}]},"response":[{"campaignId":null,"campaignName":"","campaignVersion":null,"sendoutId":null,"status":"error","acceptedCount":0,"rejectedCount":0,"error":{"message":"Client in entry is missing or invalid","type":"ERROR_TYPE_INVALID_ARGUMENT","code":"ERROR_CODE_CAMPAIGN_ENTRY_CLIENT_INVALID","userTitle":"Client in entry is missing or invalid","userMessage":"Please check the client paramter in the campaign entry."}}]}
Rejection 45: {"request":{"entries":[{"client":"+573269700000","campaignName":"api lead 11 es v0","variables":{"name":"Qa","sku_1":"Desodorante en Crema clinical protect &clarify 20g - Lady Speed Stick - Sachet 10 uds.","dsct_1":"5%","path_1":"h9Aj?utm_source=connectly-campaign&utm_medium=164&utm_content=44be07c5-a164-4179-b458-7ca511a89d64&utm_campaign=2_1377_WA_1_Mar15_ot_Lead_API-Lead-11-es-v0&utm_term=150325"}}]},"response":[{"campaignId":null,"campaignName":"","campaignVersion":null,"sendoutId":null,"status":"error","acceptedCount":0,"rejectedCount":0,"error":{"message":"Client in entry is missing or invalid","type":"ERROR_TYPE_INVALID_ARGUMENT","code":"ERROR_CODE_CAMPAIGN_ENTRY_CLIENT_INVALID","userTitle":"Client in entry is missing or invalid","userMessage":"Please check the client paramter in the campaign entry."}}]}
Rejection 46: {"request":{"entries":[{"client":"+573559696969","campaignName":"api lead 11 es v0","variables":{"name":"Test","sku_1":"Desodorante Antitranspirante Mujer En Crema Clinical Powder - Lady Speed Stick - Caja 20 uds.","dsct_1":"5%","path_1":"gSLQ?utm_source=connectly-campaign&utm_medium=164&utm_content=44be07c5-a164-4179-b458-7ca511a89d64&utm_campaign=2_1377_WA_1_Mar15_ot_Lead_API-Lead-11-es-v0&utm_term=150325"}}]},"response":[{"campaignId":null,"campaignName":"","campaignVersion":null,"sendoutId":null,"status":"error","acceptedCount":0,"rejectedCount":0,"error":{"message":"Client in entry is missing or invalid","type":"ERROR_TYPE_INVALID_ARGUMENT","code":"ERROR_CODE_CAMPAIGN_ENTRY_CLIENT_INVALID","userTitle":"Client in entry is missing or invalid","userMessage":"Please check the client paramter in the campaign entry."}}]}
