
> connectly@1.0.0 script:send
> npm run build && node dist/send.js


> connectly@1.0.0 build
> tsc

batch 1 of 223 done, accepted = 50, rejected = 0, statuses = {"200":50}
batch 2 of 223 done, accepted = 100, rejected = 0, statuses = {"200":100}
batch 3 of 223 done, accepted = 150, rejected = 0, statuses = {"200":150}
batch 4 of 223 done, accepted = 200, rejected = 0, statuses = {"200":200}
batch 5 of 223 done, accepted = 250, rejected = 0, statuses = {"200":250}
batch 6 of 223 done, accepted = 299, rejected = 1, statuses = {"200":300}
batch 7 of 223 done, accepted = 348, rejected = 1, statuses = {"200":350}
batch 8 of 223 done, accepted = 398, rejected = 1, statuses = {"200":400}
batch 9 of 223 done, accepted = 448, rejected = 1, statuses = {"200":450}
batch 10 of 223 done, accepted = 497, rejected = 2, statuses = {"200":500}
batch 11 of 223 done, accepted = 547, rejected = 2, statuses = {"200":550}
batch 12 of 223 done, accepted = 597, rejected = 2, statuses = {"200":600}
batch 13 of 223 done, accepted = 647, rejected = 2, statuses = {"200":650}
batch 14 of 223 done, accepted = 696, rejected = 3, statuses = {"200":700}
batch 15 of 223 done, accepted = 746, rejected = 3, statuses = {"200":750}
batch 16 of 223 done, accepted = 796, rejected = 3, statuses = {"200":800}
batch 17 of 223 done, accepted = 846, rejected = 3, statuses = {"200":850}
batch 18 of 223 done, accepted = 896, rejected = 3, statuses = {"200":900}
batch 19 of 223 done, accepted = 945, rejected = 3, statuses = {"200":950}
batch 20 of 223 done, accepted = 995, rejected = 3, statuses = {"200":1000}
batch 21 of 223 done, accepted = 1045, rejected = 3, statuses = {"200":1050}
batch 22 of 223 done, accepted = 1095, rejected = 3, statuses = {"200":1100}
batch 23 of 223 done, accepted = 1145, rejected = 3, statuses = {"200":1150}
batch 24 of 223 done, accepted = 1195, rejected = 3, statuses = {"200":1200}
batch 25 of 223 done, accepted = 1245, rejected = 3, statuses = {"200":1250}
batch 26 of 223 done, accepted = 1294, rejected = 4, statuses = {"200":1300}
batch 27 of 223 done, accepted = 1344, rejected = 4, statuses = {"200":1350}
batch 28 of 223 done, accepted = 1394, rejected = 4, statuses = {"200":1400}
batch 29 of 223 done, accepted = 1444, rejected = 4, statuses = {"200":1450}
batch 30 of 223 done, accepted = 1494, rejected = 4, statuses = {"200":1500}
batch 31 of 223 done, accepted = 1543, rejected = 4, statuses = {"200":1550}
batch 32 of 223 done, accepted = 1591, rejected = 4, statuses = {"200":1600}
batch 33 of 223 done, accepted = 1641, rejected = 4, statuses = {"200":1650}
batch 34 of 223 done, accepted = 1691, rejected = 4, statuses = {"200":1700}
batch 35 of 223 done, accepted = 1741, rejected = 4, statuses = {"200":1750}
batch 36 of 223 done, accepted = 1791, rejected = 4, statuses = {"200":1800}
batch 37 of 223 done, accepted = 1841, rejected = 4, statuses = {"200":1850}
batch 38 of 223 done, accepted = 1891, rejected = 4, statuses = {"200":1900}
batch 39 of 223 done, accepted = 1941, rejected = 4, statuses = {"200":1950}
batch 40 of 223 done, accepted = 1991, rejected = 4, statuses = {"200":2000}
batch 41 of 223 done, accepted = 2040, rejected = 5, statuses = {"200":2050}
batch 42 of 223 done, accepted = 2090, rejected = 5, statuses = {"200":2100}
batch 43 of 223 done, accepted = 2140, rejected = 5, statuses = {"200":2150}
batch 44 of 223 done, accepted = 2190, rejected = 5, statuses = {"200":2200}
batch 45 of 223 done, accepted = 2240, rejected = 5, statuses = {"200":2250}
batch 46 of 223 done, accepted = 2290, rejected = 5, statuses = {"200":2300}
batch 47 of 223 done, accepted = 2340, rejected = 5, statuses = {"200":2350}
batch 48 of 223 done, accepted = 2390, rejected = 5, statuses = {"200":2400}
batch 49 of 223 done, accepted = 2440, rejected = 5, statuses = {"200":2450}
batch 50 of 223 done, accepted = 2490, rejected = 5, statuses = {"200":2500}
batch 51 of 223 done, accepted = 2540, rejected = 5, statuses = {"200":2550}
batch 52 of 223 done, accepted = 2589, rejected = 5, statuses = {"200":2600}
batch 53 of 223 done, accepted = 2639, rejected = 5, statuses = {"200":2650}
batch 54 of 223 done, accepted = 2689, rejected = 5, statuses = {"200":2700}
batch 55 of 223 done, accepted = 2739, rejected = 5, statuses = {"200":2750}
batch 56 of 223 done, accepted = 2789, rejected = 5, statuses = {"200":2800}
batch 57 of 223 done, accepted = 2839, rejected = 5, statuses = {"200":2850}
batch 58 of 223 done, accepted = 2889, rejected = 5, statuses = {"200":2900}
batch 59 of 223 done, accepted = 2938, rejected = 6, statuses = {"200":2950}
batch 60 of 223 done, accepted = 2988, rejected = 6, statuses = {"200":3000}
batch 61 of 223 done, accepted = 3038, rejected = 6, statuses = {"200":3050}
batch 62 of 223 done, accepted = 3088, rejected = 6, statuses = {"200":3100}
batch 63 of 223 done, accepted = 3138, rejected = 6, statuses = {"200":3150}
batch 64 of 223 done, accepted = 3188, rejected = 6, statuses = {"200":3200}
batch 65 of 223 done, accepted = 3237, rejected = 7, statuses = {"200":3250}
batch 66 of 223 done, accepted = 3287, rejected = 7, statuses = {"200":3300}
batch 67 of 223 done, accepted = 3337, rejected = 7, statuses = {"200":3350}
batch 68 of 223 done, accepted = 3387, rejected = 7, statuses = {"200":3400}
batch 69 of 223 done, accepted = 3437, rejected = 7, statuses = {"200":3450}
batch 70 of 223 done, accepted = 3487, rejected = 7, statuses = {"200":3500}
batch 71 of 223 done, accepted = 3537, rejected = 7, statuses = {"200":3550}
batch 72 of 223 done, accepted = 3587, rejected = 7, statuses = {"200":3600}
batch 73 of 223 done, accepted = 3637, rejected = 7, statuses = {"200":3650}
batch 74 of 223 done, accepted = 3687, rejected = 7, statuses = {"200":3700}
batch 75 of 223 done, accepted = 3736, rejected = 7, statuses = {"200":3750}
batch 76 of 223 done, accepted = 3786, rejected = 7, statuses = {"200":3800}
batch 77 of 223 done, accepted = 3836, rejected = 7, statuses = {"200":3850}
batch 78 of 223 done, accepted = 3886, rejected = 7, statuses = {"200":3900}
batch 79 of 223 done, accepted = 3936, rejected = 7, statuses = {"200":3950}
batch 80 of 223 done, accepted = 3986, rejected = 7, statuses = {"200":4000}
batch 81 of 223 done, accepted = 4036, rejected = 7, statuses = {"200":4050}
batch 82 of 223 done, accepted = 4084, rejected = 7, statuses = {"200":4100}
batch 83 of 223 done, accepted = 4134, rejected = 7, statuses = {"200":4150}
batch 84 of 223 done, accepted = 4184, rejected = 7, statuses = {"200":4200}
batch 85 of 223 done, accepted = 4234, rejected = 7, statuses = {"200":4250}
batch 86 of 223 done, accepted = 4284, rejected = 7, statuses = {"200":4300}
batch 87 of 223 done, accepted = 4333, rejected = 7, statuses = {"200":4350}
batch 88 of 223 done, accepted = 4383, rejected = 7, statuses = {"200":4400}
batch 89 of 223 done, accepted = 4433, rejected = 7, statuses = {"200":4450}
batch 90 of 223 done, accepted = 4483, rejected = 7, statuses = {"200":4500}
batch 91 of 223 done, accepted = 4533, rejected = 7, statuses = {"200":4550}
batch 92 of 223 done, accepted = 4583, rejected = 7, statuses = {"200":4600}
batch 93 of 223 done, accepted = 4633, rejected = 7, statuses = {"200":4650}
batch 94 of 223 done, accepted = 4683, rejected = 7, statuses = {"200":4700}
batch 95 of 223 done, accepted = 4733, rejected = 7, statuses = {"200":4750}
batch 96 of 223 done, accepted = 4783, rejected = 7, statuses = {"200":4800}
batch 97 of 223 done, accepted = 4833, rejected = 7, statuses = {"200":4850}
batch 98 of 223 done, accepted = 4883, rejected = 7, statuses = {"200":4900}
batch 99 of 223 done, accepted = 4933, rejected = 7, statuses = {"200":4950}
batch 100 of 223 done, accepted = 4983, rejected = 7, statuses = {"200":5000}
batch 101 of 223 done, accepted = 5033, rejected = 7, statuses = {"200":5050}
batch 102 of 223 done, accepted = 5083, rejected = 7, statuses = {"200":5100}
batch 103 of 223 done, accepted = 5133, rejected = 7, statuses = {"200":5150}
batch 104 of 223 done, accepted = 5183, rejected = 7, statuses = {"200":5200}
batch 105 of 223 done, accepted = 5233, rejected = 7, statuses = {"200":5250}
batch 106 of 223 done, accepted = 5283, rejected = 7, statuses = {"200":5300}
batch 107 of 223 done, accepted = 5332, rejected = 7, statuses = {"200":5350}
batch 108 of 223 done, accepted = 5382, rejected = 7, statuses = {"200":5400}
batch 109 of 223 done, accepted = 5432, rejected = 7, statuses = {"200":5450}
batch 110 of 223 done, accepted = 5481, rejected = 8, statuses = {"200":5500}
batch 111 of 223 done, accepted = 5531, rejected = 8, statuses = {"200":5550}
batch 112 of 223 done, accepted = 5581, rejected = 8, statuses = {"200":5600}
batch 113 of 223 done, accepted = 5631, rejected = 8, statuses = {"200":5650}
batch 114 of 223 done, accepted = 5681, rejected = 8, statuses = {"200":5700}
batch 115 of 223 done, accepted = 5731, rejected = 8, statuses = {"200":5750}
batch 116 of 223 done, accepted = 5780, rejected = 9, statuses = {"200":5800}
batch 117 of 223 done, accepted = 5830, rejected = 9, statuses = {"200":5850}
batch 118 of 223 done, accepted = 5880, rejected = 9, statuses = {"200":5900}
batch 119 of 223 done, accepted = 5930, rejected = 9, statuses = {"200":5950}
batch 120 of 223 done, accepted = 5980, rejected = 9, statuses = {"200":6000}
batch 121 of 223 done, accepted = 6030, rejected = 9, statuses = {"200":6050}
batch 122 of 223 done, accepted = 6080, rejected = 9, statuses = {"200":6100}
batch 123 of 223 done, accepted = 6130, rejected = 9, statuses = {"200":6150}
batch 124 of 223 done, accepted = 6180, rejected = 9, statuses = {"200":6200}
batch 125 of 223 done, accepted = 6230, rejected = 9, statuses = {"200":6250}
batch 126 of 223 done, accepted = 6280, rejected = 9, statuses = {"200":6300}
batch 127 of 223 done, accepted = 6330, rejected = 9, statuses = {"200":6350}
batch 128 of 223 done, accepted = 6380, rejected = 9, statuses = {"200":6400}
batch 129 of 223 done, accepted = 6430, rejected = 9, statuses = {"200":6450}
batch 130 of 223 done, accepted = 6479, rejected = 9, statuses = {"200":6500}
batch 131 of 223 done, accepted = 6529, rejected = 9, statuses = {"200":6550}
batch 132 of 223 done, accepted = 6579, rejected = 9, statuses = {"200":6600}
batch 133 of 223 done, accepted = 6629, rejected = 9, statuses = {"200":6650}
batch 134 of 223 done, accepted = 6679, rejected = 9, statuses = {"200":6700}
batch 135 of 223 done, accepted = 6729, rejected = 9, statuses = {"200":6750}
batch 136 of 223 done, accepted = 6779, rejected = 9, statuses = {"200":6800}
batch 137 of 223 done, accepted = 6829, rejected = 9, statuses = {"200":6850}
batch 138 of 223 done, accepted = 6879, rejected = 9, statuses = {"200":6900}
batch 139 of 223 done, accepted = 6929, rejected = 9, statuses = {"200":6950}
batch 140 of 223 done, accepted = 6978, rejected = 9, statuses = {"200":7000}
batch 141 of 223 done, accepted = 7028, rejected = 9, statuses = {"200":7050}
batch 142 of 223 done, accepted = 7078, rejected = 9, statuses = {"200":7100}
batch 143 of 223 done, accepted = 7128, rejected = 9, statuses = {"200":7150}
batch 144 of 223 done, accepted = 7178, rejected = 9, statuses = {"200":7200}
batch 145 of 223 done, accepted = 7228, rejected = 9, statuses = {"200":7250}
batch 146 of 223 done, accepted = 7278, rejected = 9, statuses = {"200":7300}
batch 147 of 223 done, accepted = 7328, rejected = 9, statuses = {"200":7350}
batch 148 of 223 done, accepted = 7377, rejected = 10, statuses = {"200":7400}
batch 149 of 223 done, accepted = 7427, rejected = 10, statuses = {"200":7450}
batch 150 of 223 done, accepted = 7477, rejected = 10, statuses = {"200":7500}
batch 151 of 223 done, accepted = 7527, rejected = 10, statuses = {"200":7550}
batch 152 of 223 done, accepted = 7576, rejected = 10, statuses = {"200":7600}
batch 153 of 223 done, accepted = 7625, rejected = 10, statuses = {"200":7650}
batch 154 of 223 done, accepted = 7675, rejected = 10, statuses = {"200":7700}
batch 155 of 223 done, accepted = 7725, rejected = 10, statuses = {"200":7750}
batch 156 of 223 done, accepted = 7775, rejected = 10, statuses = {"200":7800}
batch 157 of 223 done, accepted = 7825, rejected = 10, statuses = {"200":7850}
batch 158 of 223 done, accepted = 7875, rejected = 10, statuses = {"200":7900}
batch 159 of 223 done, accepted = 7925, rejected = 10, statuses = {"200":7950}
batch 160 of 223 done, accepted = 7973, rejected = 11, statuses = {"200":8000}
batch 161 of 223 done, accepted = 8023, rejected = 11, statuses = {"200":8050}
batch 162 of 223 done, accepted = 8073, rejected = 11, statuses = {"200":8100}
batch 163 of 223 done, accepted = 8123, rejected = 11, statuses = {"200":8150}
batch 164 of 223 done, accepted = 8172, rejected = 11, statuses = {"200":8200}
batch 165 of 223 done, accepted = 8221, rejected = 12, statuses = {"200":8250}
batch 166 of 223 done, accepted = 8271, rejected = 12, statuses = {"200":8300}
batch 167 of 223 done, accepted = 8320, rejected = 12, statuses = {"200":8350}
batch 168 of 223 done, accepted = 8370, rejected = 12, statuses = {"200":8400}
batch 169 of 223 done, accepted = 8420, rejected = 12, statuses = {"200":8450}
batch 170 of 223 done, accepted = 8470, rejected = 12, statuses = {"200":8500}
batch 171 of 223 done, accepted = 8520, rejected = 12, statuses = {"200":8550}
batch 172 of 223 done, accepted = 8570, rejected = 12, statuses = {"200":8600}
batch 173 of 223 done, accepted = 8620, rejected = 12, statuses = {"200":8650}
batch 174 of 223 done, accepted = 8670, rejected = 12, statuses = {"200":8700}
batch 175 of 223 done, accepted = 8719, rejected = 12, statuses = {"200":8750}
batch 176 of 223 done, accepted = 8769, rejected = 12, statuses = {"200":8800}
batch 177 of 223 done, accepted = 8819, rejected = 12, statuses = {"200":8850}
batch 178 of 223 done, accepted = 8868, rejected = 13, statuses = {"200":8900}
batch 179 of 223 done, accepted = 8918, rejected = 13, statuses = {"200":8950}
batch 180 of 223 done, accepted = 8968, rejected = 13, statuses = {"200":9000}
batch 181 of 223 done, accepted = 9018, rejected = 13, statuses = {"200":9050}
batch 182 of 223 done, accepted = 9068, rejected = 13, statuses = {"200":9100}
batch 183 of 223 done, accepted = 9118, rejected = 13, statuses = {"200":9150}
batch 184 of 223 done, accepted = 9168, rejected = 13, statuses = {"200":9200}
batch 185 of 223 done, accepted = 9218, rejected = 13, statuses = {"200":9250}
batch 186 of 223 done, accepted = 9268, rejected = 13, statuses = {"200":9300}
batch 187 of 223 done, accepted = 9318, rejected = 13, statuses = {"200":9350}
batch 188 of 223 done, accepted = 9368, rejected = 13, statuses = {"200":9400}
batch 189 of 223 done, accepted = 9418, rejected = 13, statuses = {"200":9450}
batch 190 of 223 done, accepted = 9468, rejected = 13, statuses = {"200":9500}
batch 191 of 223 done, accepted = 9518, rejected = 13, statuses = {"200":9550}
batch 192 of 223 done, accepted = 9568, rejected = 13, statuses = {"200":9600}
batch 193 of 223 done, accepted = 9617, rejected = 13, statuses = {"200":9650}
batch 194 of 223 done, accepted = 9667, rejected = 13, statuses = {"200":9700}
batch 195 of 223 done, accepted = 9717, rejected = 13, statuses = {"200":9750}
batch 196 of 223 done, accepted = 9767, rejected = 13, statuses = {"200":9800}
batch 197 of 223 done, accepted = 9817, rejected = 13, statuses = {"200":9850}
batch 198 of 223 done, accepted = 9867, rejected = 13, statuses = {"200":9900}
batch 199 of 223 done, accepted = 9917, rejected = 13, statuses = {"200":9950}
batch 200 of 223 done, accepted = 9967, rejected = 13, statuses = {"200":10000}
batch 201 of 223 done, accepted = 10017, rejected = 13, statuses = {"200":10050}
batch 202 of 223 done, accepted = 10067, rejected = 13, statuses = {"200":10100}
batch 203 of 223 done, accepted = 10117, rejected = 13, statuses = {"200":10150}
batch 204 of 223 done, accepted = 10167, rejected = 13, statuses = {"200":10200}
batch 205 of 223 done, accepted = 10217, rejected = 13, statuses = {"200":10250}
batch 206 of 223 done, accepted = 10267, rejected = 13, statuses = {"200":10300}
batch 207 of 223 done, accepted = 10317, rejected = 13, statuses = {"200":10350}
batch 208 of 223 done, accepted = 10367, rejected = 13, statuses = {"200":10400}
batch 209 of 223 done, accepted = 10417, rejected = 13, statuses = {"200":10450}
batch 210 of 223 done, accepted = 10467, rejected = 13, statuses = {"200":10500}
batch 211 of 223 done, accepted = 10517, rejected = 13, statuses = {"200":10550}
batch 212 of 223 done, accepted = 10567, rejected = 13, statuses = {"200":10600}
batch 213 of 223 done, accepted = 10617, rejected = 13, statuses = {"200":10650}
batch 214 of 223 done, accepted = 10667, rejected = 13, statuses = {"200":10700}
batch 215 of 223 done, accepted = 10716, rejected = 13, statuses = {"200":10750}
batch 216 of 223 done, accepted = 10766, rejected = 13, statuses = {"200":10800}
batch 217 of 223 done, accepted = 10816, rejected = 13, statuses = {"200":10850}
batch 218 of 223 done, accepted = 10866, rejected = 13, statuses = {"200":10900}
batch 219 of 223 done, accepted = 10916, rejected = 13, statuses = {"200":10950}
batch 220 of 223 done, accepted = 10966, rejected = 13, statuses = {"200":11000}
batch 221 of 223 done, accepted = 11016, rejected = 13, statuses = {"200":11050}
batch 222 of 223 done, accepted = 11066, rejected = 13, statuses = {"200":11100}
batch 223 of 223 done, accepted = 11099, rejected = 13, statuses = {"200":11133}
Rejection 0: {"request":{"entries":[{"client":"+573025885457","campaignName":"api lead 14 es v0","variables":{"dsct_1":"5%","dsct_2":"16%","dsct_3":"14%","dsct_4":"8%","img_1":"https://chiper-old-imgs.imgix.net/app/imagen-de-whatsapp-2024-07-25-a-las-093130_478d9d88-SyxRf1ltR-R.png?w=800&h=400&fit=fill&bg=white","img_2":"https://chiper-old-imgs.imgix.net/app/7702027424038-Bk8g5SB2j-R.png?w=800&h=400&fit=fill&bg=white","img_3":"https://chiper-old-imgs.imgix.net/app/7509546676982-frenteas-BJokuvg82-R.png?w=800&h=400&fit=fill&bg=white","img_4":"https://chiper-old-imgs.imgix.net/app/7706800002994_2-BktwCwmQ2-R.png?w=800&h=400&fit=fill&bg=white","name":"","sku_1":"Desodorante Antitranspirante Hombre 24/7 Xtreme Night - Speed Stick - Caja 18 uds.","sku_2":"Toalla Higiénica Invisible Rapigel Con Alas - Nosotras - Display x30 Unidades 1 ud.","sku_3":"Jabón Oliva Y Aloe Vera - Palmolive - Barra 110 g","sku_4":"Repelente Spray Adultos - Stay Off - Tarro 120 ml","path_1":"5Ckv?utm_source=connectly-campaign&utm_medium=164&utm_content=de9ba32c-1d24-44b3-ab88-52461cd7de8e&utm_campaign=2_1377_WA_1_Mar18_ot_Lead_API-Lead-14-es-v0&utm_term=180325","path_2":"bGHD?utm_source=connectly-campaign&utm_medium=164&utm_content=de9ba32c-1d24-44b3-ab88-52461cd7de8e&utm_campaign=2_1377_WA_1_Mar18_ot_Lead_API-Lead-14-es-v0&utm_term=180325","path_3":"xV1k?utm_source=connectly-campaign&utm_medium=164&utm_content=de9ba32c-1d24-44b3-ab88-52461cd7de8e&utm_campaign=2_1377_WA_1_Mar18_ot_Lead_API-Lead-14-es-v0&utm_term=180325","path_4":"fRic?utm_source=connectly-campaign&utm_medium=164&utm_content=de9ba32c-1d24-44b3-ab88-52461cd7de8e&utm_campaign=2_1377_WA_1_Mar18_ot_Lead_API-Lead-14-es-v0&utm_term=180325"}}]},"response":[{"campaignId":"d610a36c-1ab0-4a0c-94c1-9745aa221864","campaignName":"api lead 14 es v0","campaignVersion":"0195a96b-653f-46b8-e02b-e81ba4dc4bcf","sendoutId":"4d274e84-84a3-4c15-9ec8-ac9b188c64fb","status":"error","acceptedCount":0,"rejectedCount":1,"error":{"message":"Campaign entry is invalid","type":"ERROR_TYPE_INVALID_ARGUMENT","code":"ERROR_CODE_CAMPAIGN_ENTRY_INVALID","userTitle":"Campaign entry is invalid","userMessage":"Please check the inputs to the campaign entry."}}]}
Rejection 1: {"request":{"entries":[{"client":"+571005060192","campaignName":"api lead 14 es v0","variables":{"dsct_1":"1%","dsct_2":"8%","dsct_3":"1%","dsct_4":"1%","img_1":"https://chiper-old-imgs.imgix.net/app/kellogs_zuc_mix_col_120g_hero-photoroom-1-B1pjDmpq0-R.png?w=800&h=400&fit=fill&bg=white","img_2":"https://chiper-old-imgs.imgix.net/app/42175-SJL8gsW5a-R.png?w=800&h=400&fit=fill&bg=white","img_3":"https://chiper-old-imgs.imgix.net/app/7707244566233-and-7707244561634-cielo_300-ml-photoroom-BJjjiGMsC-R.png?w=800&h=400&fit=fill&bg=white","img_4":"https://chiper-old-imgs.imgix.net/app/7702174073257-S1HoKARKn-R.png?w=800&h=400&fit=fill&bg=white","name":"Daniel","sku_1":"Cereal Mix - Zucaritas - Paquete 120 g","sku_2":"Coca Cola Original - Coca Cola - Botella pet 3000 ml","sku_3":"Agua Sin Gas - Cielo - Botella pet 300 ml","sku_4":"Caramelo Blando - Mechas Locas - Display 6 uds.","path_1":"cLfV?utm_source=connectly-campaign&utm_medium=164&utm_content=de9ba32c-1d24-44b3-ab88-52461cd7de8e&utm_campaign=1_1377_WA_1_Mar18_ot_Lead_API-Lead-14-es-v0&utm_term=180325","path_2":"6Mu9?utm_source=connectly-campaign&utm_medium=164&utm_content=de9ba32c-1d24-44b3-ab88-52461cd7de8e&utm_campaign=1_1377_WA_1_Mar18_ot_Lead_API-Lead-14-es-v0&utm_term=180325","path_3":"i6Ks?utm_source=connectly-campaign&utm_medium=164&utm_content=de9ba32c-1d24-44b3-ab88-52461cd7de8e&utm_campaign=1_1377_WA_1_Mar18_ot_Lead_API-Lead-14-es-v0&utm_term=180325","path_4":"rbGe?utm_source=connectly-campaign&utm_medium=164&utm_content=de9ba32c-1d24-44b3-ab88-52461cd7de8e&utm_campaign=1_1377_WA_1_Mar18_ot_Lead_API-Lead-14-es-v0&utm_term=180325"}}]},"response":[{"campaignId":null,"campaignName":"","campaignVersion":null,"sendoutId":null,"status":"error","acceptedCount":0,"rejectedCount":0,"error":{"message":"Client in entry is missing or invalid","type":"ERROR_TYPE_INVALID_ARGUMENT","code":"ERROR_CODE_CAMPAIGN_ENTRY_CLIENT_INVALID","userTitle":"Client in entry is missing or invalid","userMessage":"Please check the client paramter in the campaign entry."}}]}
Rejection 2: {"request":{"entries":[{"client":"+573153800821","campaignName":"api lead 14 es v0","variables":{"dsct_1":"5%","dsct_2":"4%","dsct_3":"2%","dsct_4":"6%","img_1":"https://chiper-old-imgs.imgix.net/app/7709997015198-and-7709029739337-cifrut-mora-1700ml-photoroom-SJYR3MzsC-R.png?w=800&h=400&fit=fill&bg=white","img_2":"https://chiper-old-imgs.imgix.net/app/706460249361-Sk2uFuTji-R.png?w=800&h=400&fit=fill&bg=white","img_3":"https://chiper-old-imgs.imgix.net/app/022000293213-1-HJBfe6kJR-R.png?w=800&h=400&fit=fill&bg=white","img_4":"https://chiper-old-imgs.imgix.net/app/7702404005034-HkP4mupji-R.png?w=800&h=400&fit=fill&bg=white","name":"","sku_1":"Refresco De Mora - Cifrut - Botella PET 1700 ml","sku_2":"Alimento Húmedo Para Cachorros sabor a pollo - Pedigree - Sobre 100 g","sku_3":"Chicle De Menta - Doublemint - Barra 1 ud.","sku_4":"Aguardiente Nectar Verde - Nectar Club - Botella 375 ml","path_1":"aMVM?utm_source=connectly-campaign&utm_medium=164&utm_content=de9ba32c-1d24-44b3-ab88-52461cd7de8e&utm_campaign=1_1377_WA_1_Mar18_ot_Lead_API-Lead-14-es-v0&utm_term=180325","path_2":"Mqzd?utm_source=connectly-campaign&utm_medium=164&utm_content=de9ba32c-1d24-44b3-ab88-52461cd7de8e&utm_campaign=1_1377_WA_1_Mar18_ot_Lead_API-Lead-14-es-v0&utm_term=180325","path_3":"dpFN?utm_source=connectly-campaign&utm_medium=164&utm_content=de9ba32c-1d24-44b3-ab88-52461cd7de8e&utm_campaign=1_1377_WA_1_Mar18_ot_Lead_API-Lead-14-es-v0&utm_term=180325","path_4":"LfZU?utm_source=connectly-campaign&utm_medium=164&utm_content=de9ba32c-1d24-44b3-ab88-52461cd7de8e&utm_campaign=1_1377_WA_1_Mar18_ot_Lead_API-Lead-14-es-v0&utm_term=180325"}}]},"response":[{"campaignId":"d610a36c-1ab0-4a0c-94c1-9745aa221864","campaignName":"api lead 14 es v0","campaignVersion":"0195a96b-653f-46b8-e02b-e81ba4dc4bcf","sendoutId":"4d274e84-84a3-4c15-9ec8-ac9b188c64fb","status":"error","acceptedCount":0,"rejectedCount":1,"error":{"message":"Campaign entry is invalid","type":"ERROR_TYPE_INVALID_ARGUMENT","code":"ERROR_CODE_CAMPAIGN_ENTRY_INVALID","userTitle":"Campaign entry is invalid","userMessage":"Please check the inputs to the campaign entry."}}]}
Rejection 3: {"request":{"entries":[{"client":"+573217754899","campaignName":"api hibernating 14 es v0","variables":{"dsct_1":"5%","dsct_2":"8%","dsct_3":"12%","dsct_4":"20%","img_1":"https://chiper-old-imgs.imgix.net/app/imagen-de-whatsapp-2024-07-25-a-las-093130_478d9d88-SyxRf1ltR-R.png?w=800&h=400&fit=fill&bg=white","img_2":"https://chiper-old-imgs.imgix.net/app/7501032923990-hjwvqbcg2-m4-r1l2TxNQC-R.png?w=800&h=400&fit=fill&bg=white","img_3":"https://chiper-old-imgs.imgix.net/app/7702010972287-B1B1VqAm3-R.png?w=800&h=400&fit=fill&bg=white","img_4":"https://chiper-old-imgs.imgix.net/app/7500435197397-BkWQIZsZno-R.png?w=800&h=400&fit=fill&bg=white","name":"","sku_1":"Desodorante Antitranspirante Hombre 24/7 Xtreme Night - Speed Stick - Caja 18 uds.","sku_2":"Ambientador Aerosol Manzana Canela - Glade - Tarro 275 ml","sku_3":"Desodorante Practicrema - Lady Speed Stick - Tarro 30 g","sku_4":"Vitamina C Naranja - Cebión - Caja 40 tab.","path_1":"ZCtt?utm_source=connectly-campaign&utm_medium=164&utm_content=de9ba32c-1d24-44b3-ab88-52461cd7de8e&utm_campaign=2_1377_WA_1_Mar18_ot_Hibernating_API-Hibernating-14-es-v0&utm_term=180325","path_2":"65sF?utm_source=connectly-campaign&utm_medium=164&utm_content=de9ba32c-1d24-44b3-ab88-52461cd7de8e&utm_campaign=2_1377_WA_1_Mar18_ot_Hibernating_API-Hibernating-14-es-v0&utm_term=180325","path_3":"CNVZ?utm_source=connectly-campaign&utm_medium=164&utm_content=de9ba32c-1d24-44b3-ab88-52461cd7de8e&utm_campaign=2_1377_WA_1_Mar18_ot_Hibernating_API-Hibernating-14-es-v0&utm_term=180325","path_4":"9g1y?utm_source=connectly-campaign&utm_medium=164&utm_content=de9ba32c-1d24-44b3-ab88-52461cd7de8e&utm_campaign=2_1377_WA_1_Mar18_ot_Hibernating_API-Hibernating-14-es-v0&utm_term=180325"}}]},"response":[{"campaignId":"077f4c26-4fd0-48ae-9614-5dc74b2671b5","campaignName":"api hibernating 14 es v0","campaignVersion":"0195a996-a4c5-2a4a-01c0-c4b182e40067","sendoutId":"2148bd29-476b-46c8-8bc4-e111e35ab8e0","status":"error","acceptedCount":0,"rejectedCount":1,"error":{"message":"Campaign entry is invalid","type":"ERROR_TYPE_INVALID_ARGUMENT","code":"ERROR_CODE_CAMPAIGN_ENTRY_INVALID","userTitle":"Campaign entry is invalid","userMessage":"Please check the inputs to the campaign entry."}}]}
Rejection 4: {"request":{"entries":[{"client":"+573963969696","campaignName":"api lead 14 es v0","variables":{"dsct_1":"1%","dsct_2":"2%","dsct_3":"7%","dsct_4":"5%","img_1":"https://chiper-old-imgs.imgix.net/app/render_zuc_dual_60g_col_front-photoroom-1-SyUebpYAa-R.png?w=800&h=400&fit=fill&bg=white","img_2":"https://chiper-old-imgs.imgix.net/app/7506174516154-1-photoroom-rJ-EGTX6R-R.png?w=800&h=400&fit=fill&bg=white","img_3":"https://chiper-old-imgs.imgix.net/app/7707244560279-manzana-400ml-sellos-photoroom-B1Hvle1oC-R.png?w=800&h=400&fit=fill&bg=white","img_4":"https://chiper-old-imgs.imgix.net/app/7702014566086-Syo9LYxDa-R.png?w=800&h=400&fit=fill&bg=white","name":"Prueba","sku_1":"Cereal 30g - Zucaritas - Paquete 2 uds.","sku_2":"Alimento Húmedo Pancita Saludable Sabor Pavo y Zanahoria - Pedigree - Sobre 100 g","sku_3":"Gaseosa Manzana - Big - Botella pet 400 ml","sku_4":"Compota De Pera - San Jorge - Frasco 113 g","path_1":"Vfuh?utm_source=connectly-campaign&utm_medium=164&utm_content=de9ba32c-1d24-44b3-ab88-52461cd7de8e&utm_campaign=7_1377_WA_1_Mar18_ot_Lead_API-Lead-14-es-v0&utm_term=180325","path_2":"ZKqM?utm_source=connectly-campaign&utm_medium=164&utm_content=de9ba32c-1d24-44b3-ab88-52461cd7de8e&utm_campaign=7_1377_WA_1_Mar18_ot_Lead_API-Lead-14-es-v0&utm_term=180325","path_3":"wBbF?utm_source=connectly-campaign&utm_medium=164&utm_content=de9ba32c-1d24-44b3-ab88-52461cd7de8e&utm_campaign=7_1377_WA_1_Mar18_ot_Lead_API-Lead-14-es-v0&utm_term=180325","path_4":"i1Ew?utm_source=connectly-campaign&utm_medium=164&utm_content=de9ba32c-1d24-44b3-ab88-52461cd7de8e&utm_campaign=7_1377_WA_1_Mar18_ot_Lead_API-Lead-14-es-v0&utm_term=180325"}}]},"response":[{"campaignId":null,"campaignName":"","campaignVersion":null,"sendoutId":null,"status":"error","acceptedCount":0,"rejectedCount":0,"error":{"message":"Client in entry is missing or invalid","type":"ERROR_TYPE_INVALID_ARGUMENT","code":"ERROR_CODE_CAMPAIGN_ENTRY_CLIENT_INVALID","userTitle":"Client in entry is missing or invalid","userMessage":"Please check the client paramter in the campaign entry."}}]}
Rejection 5: {"request":{"entries":[{"client":"+571125537014","campaignName":"api lead 14 es v0","variables":{"dsct_1":"8%","dsct_2":"20%","dsct_3":"4%","dsct_4":"2%","img_1":"https://chiper-old-imgs.imgix.net/app/corrugadoo-trolli-surtido-rojo-xl-HyfRWDS_yl-R.png?w=800&h=400&fit=fill&bg=white","img_2":"https://chiper-old-imgs.imgix.net/app/7702020017824-1-r1nb7z_ot-m-H1M5_m4pa-R.png?w=800&h=400&fit=fill&bg=white","img_3":"https://chiper-old-imgs.imgix.net/app/2103012556_zuc-240x30g-dw2-np-col_k234902000_fp-2-photoroom-1-rJFlD3-IA-R.png?w=800&h=400&fit=fill&bg=white","img_4":"https://chiper-old-imgs.imgix.net/app/7702103807649-BkW7Nib3j-R.png?w=800&h=400&fit=fill&bg=white","name":"","sku_1":"Gomas Surtidas Rojo - Trolli - Caja 20 uds.","sku_2":"Margarina De Canola - Canola Life - Tarro 454 g","sku_3":"Cereal - Zucaritas - Paquete 30 g","sku_4":"Cereal Megapaketicos - Choco Krispis - Paquete 115 g","path_1":"ckvf?utm_source=connectly-campaign&utm_medium=164&utm_content=de9ba32c-1d24-44b3-ab88-52461cd7de8e&utm_campaign=1_1377_WA_1_Mar18_ot_Lead_API-Lead-14-es-v0&utm_term=180325","path_2":"xxei?utm_source=connectly-campaign&utm_medium=164&utm_content=de9ba32c-1d24-44b3-ab88-52461cd7de8e&utm_campaign=1_1377_WA_1_Mar18_ot_Lead_API-Lead-14-es-v0&utm_term=180325","path_3":"C1nD?utm_source=connectly-campaign&utm_medium=164&utm_content=de9ba32c-1d24-44b3-ab88-52461cd7de8e&utm_campaign=1_1377_WA_1_Mar18_ot_Lead_API-Lead-14-es-v0&utm_term=180325","path_4":"u33Z?utm_source=connectly-campaign&utm_medium=164&utm_content=de9ba32c-1d24-44b3-ab88-52461cd7de8e&utm_campaign=1_1377_WA_1_Mar18_ot_Lead_API-Lead-14-es-v0&utm_term=180325"}}]},"response":[{"campaignId":"d610a36c-1ab0-4a0c-94c1-9745aa221864","campaignName":"api lead 14 es v0","campaignVersion":"0195a96b-653f-46b8-e02b-e81ba4dc4bcf","sendoutId":"4d274e84-84a3-4c15-9ec8-ac9b188c64fb","status":"error","acceptedCount":0,"rejectedCount":1,"error":{"message":"Campaign entry is invalid","type":"ERROR_TYPE_INVALID_ARGUMENT","code":"ERROR_CODE_CAMPAIGN_ENTRY_INVALID","userTitle":"Campaign entry is invalid","userMessage":"Please check the inputs to the campaign entry."}}]}
Rejection 6: {"request":{"entries":[{"client":"+575534954269","campaignName":"api lead 14 es v0","variables":{"dsct_1":"6%","dsct_2":"20%","dsct_3":"30%","dsct_4":"4%","img_1":"https://chiper-old-imgs.imgix.net/app/7702404005034-HkP4mupji-R.png?w=800&h=400&fit=fill&bg=white","img_2":"https://chiper-old-imgs.imgix.net/app/991195-800-auto-1-rylKiareR-R.png?w=800&h=400&fit=fill&bg=white","img_3":"https://chiper-old-imgs.imgix.net/app/7709825110125-arandanos-1-skvn3pigr-m-photoroom-rybZ27QDA-R.png?w=800&h=400&fit=fill&bg=white","img_4":"https://chiper-old-imgs.imgix.net/app/7709029739313-soda-400ml-1-photoroom-rJ0J3fMjC-R.png?w=800&h=400&fit=fill&bg=white","name":"Jose","sku_1":"Aguardiente Nectar Verde - Nectar Club - Botella 375 ml","sku_2":"Pasta Tipo Concha - La Muñeca - Paquete 250 g","sku_3":"Bebida De Té Sabor Arándanos - Ekii - Botella 400 ml","sku_4":"Soda - Big - Botella PET 400 ml","path_1":"LfZU?utm_source=connectly-campaign&utm_medium=164&utm_content=de9ba32c-1d24-44b3-ab88-52461cd7de8e&utm_campaign=1_1377_WA_1_Mar18_ot_Lead_API-Lead-14-es-v0&utm_term=180325","path_2":"4x72?utm_source=connectly-campaign&utm_medium=164&utm_content=de9ba32c-1d24-44b3-ab88-52461cd7de8e&utm_campaign=1_1377_WA_1_Mar18_ot_Lead_API-Lead-14-es-v0&utm_term=180325","path_3":"hc41?utm_source=connectly-campaign&utm_medium=164&utm_content=de9ba32c-1d24-44b3-ab88-52461cd7de8e&utm_campaign=1_1377_WA_1_Mar18_ot_Lead_API-Lead-14-es-v0&utm_term=180325","path_4":"G6bb?utm_source=connectly-campaign&utm_medium=164&utm_content=de9ba32c-1d24-44b3-ab88-52461cd7de8e&utm_campaign=1_1377_WA_1_Mar18_ot_Lead_API-Lead-14-es-v0&utm_term=180325"}}]},"response":[{"campaignId":null,"campaignName":"","campaignVersion":null,"sendoutId":null,"status":"error","acceptedCount":0,"rejectedCount":0,"error":{"message":"Client in entry is missing or invalid","type":"ERROR_TYPE_INVALID_ARGUMENT","code":"ERROR_CODE_CAMPAIGN_ENTRY_CLIENT_INVALID","userTitle":"Client in entry is missing or invalid","userMessage":"Please check the client paramter in the campaign entry."}}]}
Rejection 7: {"request":{"entries":[{"client":"+573103107988663","campaignName":"api lead 14 es v0","variables":{"dsct_1":"6%","dsct_2":"2%","dsct_3":"8%","dsct_4":"30%","img_1":"https://chiper-old-imgs.imgix.net/app/7702404005034-HkP4mupji-R.png?w=800&h=400&fit=fill&bg=white","img_2":"https://chiper-old-imgs.imgix.net/app/7709755384603-sporadetropical-1100ml-photoroom-HJBZPzfs0-R.png?w=800&h=400&fit=fill&bg=white","img_3":"https://chiper-old-imgs.imgix.net/app/corrugadoo-trolli-surtido-rojo-xl-HyfRWDS_yl-R.png?w=800&h=400&fit=fill&bg=white","img_4":"https://chiper-old-imgs.imgix.net/app/7702031800682-HkjfEo-2s-R.png?w=800&h=400&fit=fill&bg=white","name":"Omar","sku_1":"Aguardiente Nectar Verde - Nectar Club - Botella 375 ml","sku_2":"Bebida Hidratante Frutas Tropicales - Sporade - Botella pet 1100 ml","sku_3":"Gomas Surtidas Rojo - Trolli - Caja 20 uds.","sku_4":"Toalla Higiénica Normal Con Alas - Stayfree - Paquete 12 uds.","path_1":"LfZU?utm_source=connectly-campaign&utm_medium=164&utm_content=de9ba32c-1d24-44b3-ab88-52461cd7de8e&utm_campaign=1_1377_WA_1_Mar18_ot_Lead_API-Lead-14-es-v0&utm_term=180325","path_2":"6icz?utm_source=connectly-campaign&utm_medium=164&utm_content=de9ba32c-1d24-44b3-ab88-52461cd7de8e&utm_campaign=1_1377_WA_1_Mar18_ot_Lead_API-Lead-14-es-v0&utm_term=180325","path_3":"ckvf?utm_source=connectly-campaign&utm_medium=164&utm_content=de9ba32c-1d24-44b3-ab88-52461cd7de8e&utm_campaign=1_1377_WA_1_Mar18_ot_Lead_API-Lead-14-es-v0&utm_term=180325","path_4":"FtBN?utm_source=connectly-campaign&utm_medium=164&utm_content=de9ba32c-1d24-44b3-ab88-52461cd7de8e&utm_campaign=1_1377_WA_1_Mar18_ot_Lead_API-Lead-14-es-v0&utm_term=180325"}}]},"response":[{"campaignId":null,"campaignName":"","campaignVersion":null,"sendoutId":null,"status":"error","acceptedCount":0,"rejectedCount":0,"error":{"message":"Client in entry is missing or invalid","type":"ERROR_TYPE_INVALID_ARGUMENT","code":"ERROR_CODE_CAMPAIGN_ENTRY_CLIENT_INVALID","userTitle":"Client in entry is missing or invalid","userMessage":"Please check the client paramter in the campaign entry."}}]}
Rejection 8: {"request":{"entries":[{"client":"+578765433334","campaignName":"api lead 14 es v0","variables":{"dsct_1":"4%","dsct_2":"2%","dsct_3":"20%","dsct_4":"8%","img_1":"https://chiper-old-imgs.imgix.net/app/7702609006508-SJ_meKpis-R.png?w=800&h=400&fit=fill&bg=white","img_2":"https://chiper-old-imgs.imgix.net/app/7709755384603-sporadetropical-1100ml-photoroom-HJBZPzfs0-R.png?w=800&h=400&fit=fill&bg=white","img_3":"https://chiper-old-imgs.imgix.net/app/7702031500605-BJo_Ws-3s-R.png?w=800&h=400&fit=fill&bg=white","img_4":"https://chiper-old-imgs.imgix.net/app/7501032907280-HJN_d85Ah-R.png?w=800&h=400&fit=fill&bg=white","name":"Dgfhgjhkjblnk;","sku_1":"Gaseosa Kola Roman - Kola Roman - Botella pet 400 ml","sku_2":"Bebida Hidratante Frutas Tropicales - Sporade - Botella pet 1100 ml","sku_3":"Protectores Con Perfume - Carefree - Paquete 15 uds.","sku_4":"Aerosol Alegría Floral y Frutos Rojos - Glade - Lata 400 ml","path_1":"5jjJ?utm_source=connectly-campaign&utm_medium=164&utm_content=de9ba32c-1d24-44b3-ab88-52461cd7de8e&utm_campaign=1_1377_WA_1_Mar18_ot_Lead_API-Lead-14-es-v0&utm_term=180325","path_2":"6icz?utm_source=connectly-campaign&utm_medium=164&utm_content=de9ba32c-1d24-44b3-ab88-52461cd7de8e&utm_campaign=1_1377_WA_1_Mar18_ot_Lead_API-Lead-14-es-v0&utm_term=180325","path_3":"oHkZ?utm_source=connectly-campaign&utm_medium=164&utm_content=de9ba32c-1d24-44b3-ab88-52461cd7de8e&utm_campaign=1_1377_WA_1_Mar18_ot_Lead_API-Lead-14-es-v0&utm_term=180325","path_4":"JWV9?utm_source=connectly-campaign&utm_medium=164&utm_content=de9ba32c-1d24-44b3-ab88-52461cd7de8e&utm_campaign=1_1377_WA_1_Mar18_ot_Lead_API-Lead-14-es-v0&utm_term=180325"}}]},"response":[{"campaignId":null,"campaignName":"","campaignVersion":null,"sendoutId":null,"status":"error","acceptedCount":0,"rejectedCount":0,"error":{"message":"Client in entry is missing or invalid","type":"ERROR_TYPE_INVALID_ARGUMENT","code":"ERROR_CODE_CAMPAIGN_ENTRY_CLIENT_INVALID","userTitle":"Client in entry is missing or invalid","userMessage":"Please check the client paramter in the campaign entry."}}]}
Rejection 9: {"request":{"entries":[{"client":"+525551774298","campaignName":"api hibernating 14 es v0","variables":{"dsct_1":"6%","dsct_2":"5%","dsct_3":"3%","dsct_4":"5%","img_1":"https://chiper-old-imgs.imgix.net/app/7501065908841-byn43zqgt-m-photoroom-Hy0mefyKa-R.png?w=800&h=400&fit=fill&bg=white","img_2":"https://chiper-old-imgs.imgix.net/app/7500435161299-r1x4tLiCns-R.png?w=800&h=400&fit=fill&bg=white","img_3":"https://chiper-old-imgs.imgix.net/app/7500435120852-b1ecnwmxp-m-photoroom-HkNixfJKT-R.png?w=800&h=400&fit=fill&bg=white","img_4":"https://chiper-old-imgs.imgix.net/app/7500435161008-s14fxmxla-m-1-Hki8eje60-R.png?w=800&h=400&fit=fill&bg=white","name":"","sku_1":"Detergente En Polvo Poder Y Cuidado - Ariel - Bolsa 250 g","sku_2":"Detergente Salvo multiusos triple poder - Salvo - Bolsa 900 g","sku_3":"Detergente En Polvo Poder Y Cuidado - Ariel - Bolsa 850 g","sku_4":"Detergente multiusos triple poder - Salvo - Bolsa 250 g","path_1":"fP3M?utm_source=connectly-campaign&utm_medium=164&utm_content=de9ba32c-1d24-44b3-ab88-52461cd7de8e&utm_campaign=11_1381_WA_1_Mar18_ot_Hibernating_API-Hibernating-14-es-v0&utm_term=180325","path_2":"kQkx?utm_source=connectly-campaign&utm_medium=164&utm_content=de9ba32c-1d24-44b3-ab88-52461cd7de8e&utm_campaign=11_1381_WA_1_Mar18_ot_Hibernating_API-Hibernating-14-es-v0&utm_term=180325","path_3":"bJiF?utm_source=connectly-campaign&utm_medium=164&utm_content=de9ba32c-1d24-44b3-ab88-52461cd7de8e&utm_campaign=11_1381_WA_1_Mar18_ot_Hibernating_API-Hibernating-14-es-v0&utm_term=180325","path_4":"Jjek?utm_source=connectly-campaign&utm_medium=164&utm_content=de9ba32c-1d24-44b3-ab88-52461cd7de8e&utm_campaign=11_1381_WA_1_Mar18_ot_Hibernating_API-Hibernating-14-es-v0&utm_term=180325"}}]},"response":[{"campaignId":"077f4c26-4fd0-48ae-9614-5dc74b2671b5","campaignName":"api hibernating 14 es v0","campaignVersion":"0195a996-a4c5-2a4a-01c0-c4b182e40067","sendoutId":"2148bd29-476b-46c8-8bc4-e111e35ab8e0","status":"error","acceptedCount":0,"rejectedCount":1,"error":{"message":"Campaign entry is invalid","type":"ERROR_TYPE_INVALID_ARGUMENT","code":"ERROR_CODE_CAMPAIGN_ENTRY_INVALID","userTitle":"Campaign entry is invalid","userMessage":"Please check the inputs to the campaign entry."}}]}
Rejection 10: {"request":{"entries":[{"client":"+577203472043","campaignName":"api lead 14 es v0","variables":{"dsct_1":"4%","dsct_2":"10%","dsct_3":"4%","dsct_4":"4%","img_1":"https://chiper-old-imgs.imgix.net/app/7702020011211-rysDgM_j6-R.png?w=800&h=400&fit=fill&bg=white","img_2":"https://chiper-old-imgs.imgix.net/app/7707430872476-andina-light-sixpack-310-photoroom-HkPxVx9L0-R.png?w=800&h=400&fit=fill&bg=white","img_3":"https://chiper-old-imgs.imgix.net/app/7702020011327-B1-x-GdsT-R.png?w=800&h=400&fit=fill&bg=white","img_4":"https://chiper-old-imgs.imgix.net/app/whatsapp-image-2022-11-09-at-23821-pm-rjmagtyso-m2-SJUhIl9H0-R.png?w=800&h=400&fit=fill&bg=white","name":"David","sku_1":"Harina De Trigo - Haz De Oros - Bolsa 1 kg","sku_2":"Six Pack Cerveza Light - Andina - Lata 310 ml","sku_3":"Harina Para Hornear - Haz De Oros - Bolsa 500 g","sku_4":"Alimento Húmedo Res En Filete Adulto Pedigree - Pedigree - Sobre 100 g","path_1":"kDti?utm_source=connectly-campaign&utm_medium=164&utm_content=de9ba32c-1d24-44b3-ab88-52461cd7de8e&utm_campaign=1_1377_WA_1_Mar18_ot_Lead_API-Lead-14-es-v0&utm_term=180325","path_2":"x1ev?utm_source=connectly-campaign&utm_medium=164&utm_content=de9ba32c-1d24-44b3-ab88-52461cd7de8e&utm_campaign=1_1377_WA_1_Mar18_ot_Lead_API-Lead-14-es-v0&utm_term=180325","path_3":"XrMJ?utm_source=connectly-campaign&utm_medium=164&utm_content=de9ba32c-1d24-44b3-ab88-52461cd7de8e&utm_campaign=1_1377_WA_1_Mar18_ot_Lead_API-Lead-14-es-v0&utm_term=180325","path_4":"uyJL?utm_source=connectly-campaign&utm_medium=164&utm_content=de9ba32c-1d24-44b3-ab88-52461cd7de8e&utm_campaign=1_1377_WA_1_Mar18_ot_Lead_API-Lead-14-es-v0&utm_term=180325"}}]},"response":[{"campaignId":null,"campaignName":"","campaignVersion":null,"sendoutId":null,"status":"error","acceptedCount":0,"rejectedCount":0,"error":{"message":"Client in entry is missing or invalid","type":"ERROR_TYPE_INVALID_ARGUMENT","code":"ERROR_CODE_CAMPAIGN_ENTRY_CLIENT_INVALID","userTitle":"Client in entry is missing or invalid","userMessage":"Please check the client paramter in the campaign entry."}}]}
Rejection 11: {"request":{"entries":[{"client":"+573124623027","campaignName":"api lead 14 es v0","variables":{"dsct_1":"3%","dsct_2":"4%","dsct_3":"1%","dsct_4":"1%","img_1":"https://chiper-old-imgs.imgix.net/app/render_ck_dual_serve_180g_col_front-photoroom-SJFKz430R-R.png?w=800&h=400&fit=fill&bg=white","img_2":"https://chiper-old-imgs.imgix.net/app/7708092371512-pulp-mzn-400ml_sellos2-photoroom-Sy7Z-lyjA-R.png?w=800&h=400&fit=fill&bg=white","img_3":"https://chiper-old-imgs.imgix.net/app/7702521656812-s1dhjp7j2-m-ByNWJ0HgA-R.png?w=800&h=400&fit=fill&bg=white","img_4":"https://chiper-old-imgs.imgix.net/app/render-barbie-75g-col_front-photoroom-1-HJMpdO5MR-R.png?w=800&h=400&fit=fill&bg=white","name":"","sku_1":"Cereal 180 gr - Choco Krispis - Paquete 2 uds.","sku_2":"Jugo De Manzana Nectar - Pulp - Botella pet 400 ml","sku_3":"Alimento Para Perros Adultos Minis Y Pequeños Dog Chow X 22.7Kg - Dog Chow - Bulto 22 kg","sku_4":"Cereal Edicion Barbie - Kellogg´s - Paquete 75 g","path_1":"wGH9?utm_source=connectly-campaign&utm_medium=164&utm_content=de9ba32c-1d24-44b3-ab88-52461cd7de8e&utm_campaign=1_1377_WA_1_Mar18_ot_Lead_API-Lead-14-es-v0&utm_term=180325","path_2":"LhDZ?utm_source=connectly-campaign&utm_medium=164&utm_content=de9ba32c-1d24-44b3-ab88-52461cd7de8e&utm_campaign=1_1377_WA_1_Mar18_ot_Lead_API-Lead-14-es-v0&utm_term=180325","path_3":"6nLS?utm_source=connectly-campaign&utm_medium=164&utm_content=de9ba32c-1d24-44b3-ab88-52461cd7de8e&utm_campaign=1_1377_WA_1_Mar18_ot_Lead_API-Lead-14-es-v0&utm_term=180325","path_4":"CPLH?utm_source=connectly-campaign&utm_medium=164&utm_content=de9ba32c-1d24-44b3-ab88-52461cd7de8e&utm_campaign=1_1377_WA_1_Mar18_ot_Lead_API-Lead-14-es-v0&utm_term=180325"}}]},"response":[{"campaignId":"d610a36c-1ab0-4a0c-94c1-9745aa221864","campaignName":"api lead 14 es v0","campaignVersion":"0195a96b-653f-46b8-e02b-e81ba4dc4bcf","sendoutId":"4d274e84-84a3-4c15-9ec8-ac9b188c64fb","status":"error","acceptedCount":0,"rejectedCount":1,"error":{"message":"Campaign entry is invalid","type":"ERROR_TYPE_INVALID_ARGUMENT","code":"ERROR_CODE_CAMPAIGN_ENTRY_INVALID","userTitle":"Campaign entry is invalid","userMessage":"Please check the inputs to the campaign entry."}}]}
Rejection 12: {"request":{"entries":[{"client":"+573146220410","campaignName":"api hibernating 14 es v0","variables":{"dsct_1":"8%","dsct_2":"16%","dsct_3":"16%","dsct_4":"5%","img_1":"https://chiper-old-imgs.imgix.net/app/7706800002994_2-BktwCwmQ2-R.png?w=800&h=400&fit=fill&bg=white","img_2":"https://chiper-old-imgs.imgix.net/app/7702027424038-Bk8g5SB2j-R.png?w=800&h=400&fit=fill&bg=white","img_3":"https://chiper-old-imgs.imgix.net/app/7509546693552-frente-1-photoroom-2-HJGiIVsk0-R.png?w=800&h=400&fit=fill&bg=white","img_4":"https://chiper-old-imgs.imgix.net/app/7509546657882-HJ1bEjW3i-R.png?w=800&h=400&fit=fill&bg=white","name":"","sku_1":"Repelente Spray Adultos - Stay Off - Tarro 120 ml","sku_2":"Toalla Higiénica Invisible Rapigel Con Alas - Nosotras - Display x30 Unidades 1 ud.","sku_3":"Jabón avena - Protex - Barra 110 g","sku_4":"Desodorante Talco - Lady Speed Stick - Sachet 18 uds.","path_1":"6RyR?utm_source=connectly-campaign&utm_medium=164&utm_content=de9ba32c-1d24-44b3-ab88-52461cd7de8e&utm_campaign=2_1377_WA_1_Mar18_ot_Hibernating_API-Hibernating-14-es-v0&utm_term=180325","path_2":"ZWmQ?utm_source=connectly-campaign&utm_medium=164&utm_content=de9ba32c-1d24-44b3-ab88-52461cd7de8e&utm_campaign=2_1377_WA_1_Mar18_ot_Hibernating_API-Hibernating-14-es-v0&utm_term=180325","path_3":"Q3jc?utm_source=connectly-campaign&utm_medium=164&utm_content=de9ba32c-1d24-44b3-ab88-52461cd7de8e&utm_campaign=2_1377_WA_1_Mar18_ot_Hibernating_API-Hibernating-14-es-v0&utm_term=180325","path_4":"E96f?utm_source=connectly-campaign&utm_medium=164&utm_content=de9ba32c-1d24-44b3-ab88-52461cd7de8e&utm_campaign=2_1377_WA_1_Mar18_ot_Hibernating_API-Hibernating-14-es-v0&utm_term=180325"}}]},"response":[{"campaignId":"077f4c26-4fd0-48ae-9614-5dc74b2671b5","campaignName":"api hibernating 14 es v0","campaignVersion":"0195a996-a4c5-2a4a-01c0-c4b182e40067","sendoutId":"2148bd29-476b-46c8-8bc4-e111e35ab8e0","status":"error","acceptedCount":0,"rejectedCount":1,"error":{"message":"Campaign entry is invalid","type":"ERROR_TYPE_INVALID_ARGUMENT","code":"ERROR_CODE_CAMPAIGN_ENTRY_INVALID","userTitle":"Campaign entry is invalid","userMessage":"Please check the inputs to the campaign entry."}}]}
Rejection 13: {"request":{"entries":[{"client":"+573089393743","campaignName":"api lead 14 es v0","variables":{"dsct_1":"2%","dsct_2":"7%","dsct_3":"12%","dsct_4":"8%","img_1":"https://chiper-old-imgs.imgix.net/app/7709755384603-sporadetropical-1100ml-photoroom-HJBZPzfs0-R.png?w=800&h=400&fit=fill&bg=white","img_2":"https://chiper-old-imgs.imgix.net/app/7708092371697-mora_400ml-photoroom-rJY2Akki0-R.png?w=800&h=400&fit=fill&bg=white","img_3":"https://chiper-old-imgs.imgix.net/app/render-hot-wheels-75g-col_front-photoroom-H19aHu5zA-R.png?w=800&h=400&fit=fill&bg=white","img_4":"https://chiper-old-imgs.imgix.net/app/7702029645363-photoroom-rkFTDQ6m0-R.png?w=800&h=400&fit=fill&bg=white","name":"Johan","sku_1":"Bebida Hidratante Frutas Tropicales - Sporade - Botella pet 1100 ml","sku_2":"Refresco Mora - Cifrut - Botella pet 400 ml","sku_3":"Cereal Edicion ot Wheels - Kellogg´s - Paquete 75 g","sku_4":"Shampoo Seda Liquida 20ml - Konzil - Caja 18 uds.","path_1":"6icz?utm_source=connectly-campaign&utm_medium=164&utm_content=de9ba32c-1d24-44b3-ab88-52461cd7de8e&utm_campaign=1_1377_WA_1_Mar18_ot_Lead_API-Lead-14-es-v0&utm_term=180325","path_2":"2AjJ?utm_source=connectly-campaign&utm_medium=164&utm_content=de9ba32c-1d24-44b3-ab88-52461cd7de8e&utm_campaign=1_1377_WA_1_Mar18_ot_Lead_API-Lead-14-es-v0&utm_term=180325","path_3":"HfCz?utm_source=connectly-campaign&utm_medium=164&utm_content=de9ba32c-1d24-44b3-ab88-52461cd7de8e&utm_campaign=1_1377_WA_1_Mar18_ot_Lead_API-Lead-14-es-v0&utm_term=180325","path_4":"urKx?utm_source=connectly-campaign&utm_medium=164&utm_content=de9ba32c-1d24-44b3-ab88-52461cd7de8e&utm_campaign=1_1377_WA_1_Mar18_ot_Lead_API-Lead-14-es-v0&utm_term=180325"}}]},"response":[{"campaignId":null,"campaignName":"","campaignVersion":null,"sendoutId":null,"status":"error","acceptedCount":0,"rejectedCount":0,"error":{"message":"Client in entry is missing or invalid","type":"ERROR_TYPE_INVALID_ARGUMENT","code":"ERROR_CODE_CAMPAIGN_ENTRY_CLIENT_INVALID","userTitle":"Client in entry is missing or invalid","userMessage":"Please check the client paramter in the campaign entry."}}]}
Rejection 14: {"request":{"entries":[{"client":"+573256956565","campaignName":"api lead 14 es v0","variables":{"dsct_1":"2%","dsct_2":"6%","dsct_3":"8%","dsct_4":"14%","img_1":"https://chiper-old-imgs.imgix.net/app/7707244560347-fruit_400ml-photoroom-rJPvora5R-R.png?w=800&h=400&fit=fill&bg=white","img_2":"https://chiper-old-imgs.imgix.net/app/kumbia500-moracoco-1-photoroom1-HJcqiPy1yg-R.png?w=800&h=400&fit=fill&bg=white","img_3":"https://chiper-old-imgs.imgix.net/app/7500435247696-photoroom-1-rya8TDtiC-R.png?w=800&h=400&fit=fill&bg=white","img_4":"https://chiper-old-imgs.imgix.net/app/7702020111607-SyOQJG_iT-R.png?w=800&h=400&fit=fill&bg=white","name":"Chiper","sku_1":"Refresco Piña Granadilla Y Maracuyá - Cifrut - Botella pet 400 ml","sku_2":"Jugo De Mora Coco - Kumbia - Botella PET 500 ml","sku_3":"Shampoo Menta Extra Refrescante Anti Comezón - Head & Shoulders - Sachet 15 ml","sku_4":"Pasta Tipo Spaguetti - La Muñeca - Paquete 200 g","path_1":"PRXY?utm_source=connectly-campaign&utm_medium=164&utm_content=de9ba32c-1d24-44b3-ab88-52461cd7de8e&utm_campaign=1_1377_WA_1_Mar18_ot_Lead_API-Lead-14-es-v0&utm_term=180325","path_2":"gGws?utm_source=connectly-campaign&utm_medium=164&utm_content=de9ba32c-1d24-44b3-ab88-52461cd7de8e&utm_campaign=1_1377_WA_1_Mar18_ot_Lead_API-Lead-14-es-v0&utm_term=180325","path_3":"HVPo?utm_source=connectly-campaign&utm_medium=164&utm_content=de9ba32c-1d24-44b3-ab88-52461cd7de8e&utm_campaign=1_1377_WA_1_Mar18_ot_Lead_API-Lead-14-es-v0&utm_term=180325","path_4":"TpkH?utm_source=connectly-campaign&utm_medium=164&utm_content=de9ba32c-1d24-44b3-ab88-52461cd7de8e&utm_campaign=1_1377_WA_1_Mar18_ot_Lead_API-Lead-14-es-v0&utm_term=180325"}}]},"response":[{"campaignId":null,"campaignName":"","campaignVersion":null,"sendoutId":null,"status":"error","acceptedCount":0,"rejectedCount":0,"error":{"message":"Client in entry is missing or invalid","type":"ERROR_TYPE_INVALID_ARGUMENT","code":"ERROR_CODE_CAMPAIGN_ENTRY_CLIENT_INVALID","userTitle":"Client in entry is missing or invalid","userMessage":"Please check the client paramter in the campaign entry."}}]}
Rejection 15: {"request":{"entries":[{"client":"+571318271171","campaignName":"api lead 14 es v0","variables":{"dsct_1":"20%","dsct_2":"30%","dsct_3":"8%","dsct_4":"6%","img_1":"https://chiper-old-imgs.imgix.net/app/991195-800-auto-1-rylKiareR-R.png?w=800&h=400&fit=fill&bg=white","img_2":"https://chiper-old-imgs.imgix.net/app/7702031414889-r1gHQA3Bns-R.png?w=800&h=400&fit=fill&bg=white","img_3":"https://chiper-old-imgs.imgix.net/app/7702045556889p-byujue1oh-m-ByjU-sDoT-R.png?w=800&h=400&fit=fill&bg=white","img_4":"https://chiper-old-imgs.imgix.net/app/7500435124683-bkmzpflpo-m-SyiUAUZsh-R.png?w=800&h=400&fit=fill&bg=white","name":"Antonio","sku_1":"Pasta Tipo Concha - La Muñeca - Paquete 250 g","sku_2":"Toalla Higiénica Ultra Delgada Con Alas - Stayfree - Paquete 12 uds.","sku_3":"Desodorante Normal Duo - Balance - Caja 16 uds.","sku_4":"Detergente en polvo regular - Ariel - Bolsa 450 g","path_1":"4x72?utm_source=connectly-campaign&utm_medium=164&utm_content=de9ba32c-1d24-44b3-ab88-52461cd7de8e&utm_campaign=1_1377_WA_1_Mar18_ot_Lead_API-Lead-14-es-v0&utm_term=180325","path_2":"a3a9?utm_source=connectly-campaign&utm_medium=164&utm_content=de9ba32c-1d24-44b3-ab88-52461cd7de8e&utm_campaign=1_1377_WA_1_Mar18_ot_Lead_API-Lead-14-es-v0&utm_term=180325","path_3":"yPxg?utm_source=connectly-campaign&utm_medium=164&utm_content=de9ba32c-1d24-44b3-ab88-52461cd7de8e&utm_campaign=1_1377_WA_1_Mar18_ot_Lead_API-Lead-14-es-v0&utm_term=180325","path_4":"Mwfp?utm_source=connectly-campaign&utm_medium=164&utm_content=de9ba32c-1d24-44b3-ab88-52461cd7de8e&utm_campaign=1_1377_WA_1_Mar18_ot_Lead_API-Lead-14-es-v0&utm_term=180325"}}]},"response":[{"campaignId":null,"campaignName":"","campaignVersion":null,"sendoutId":null,"status":"error","acceptedCount":0,"rejectedCount":0,"error":{"message":"Client in entry is missing or invalid","type":"ERROR_TYPE_INVALID_ARGUMENT","code":"ERROR_CODE_CAMPAIGN_ENTRY_CLIENT_INVALID","userTitle":"Client in entry is missing or invalid","userMessage":"Please check the client paramter in the campaign entry."}}]}
Rejection 16: {"request":{"entries":[{"client":"+579085330004","campaignName":"api lead 14 es v0","variables":{"dsct_1":"13%","dsct_2":"20%","dsct_3":"30%","dsct_4":"8%","img_1":"https://chiper-old-imgs.imgix.net/app/render_zuc_dual_serve_180g_col_front-photoroom-1-S15Hl4hCA-R.png?w=800&h=400&fit=fill&bg=white","img_2":"https://chiper-old-imgs.imgix.net/app/pancake-300-g-HkIdk-1np-R.png?w=800&h=400&fit=fill&bg=white","img_3":"https://chiper-old-imgs.imgix.net/app/7702031414889-r1gHQA3Bns-R.png?w=800&h=400&fit=fill&bg=white","img_4":"https://chiper-old-imgs.imgix.net/app/42175-SJL8gsW5a-R.png?w=800&h=400&fit=fill&bg=white","name":"Davud","sku_1":"Cereal 180 gr - Zucaritas - Paquete 2 uds.","sku_2":"Mezcla Para Pancakes - Haz De Oros - Bolsa 300 g","sku_3":"Toalla Higiénica Ultra Delgada Con Alas - Stayfree - Paquete 12 uds.","sku_4":"Coca Cola Original - Coca Cola - Botella pet 3000 ml","path_1":"9He6?utm_source=connectly-campaign&utm_medium=164&utm_content=de9ba32c-1d24-44b3-ab88-52461cd7de8e&utm_campaign=1_1377_WA_1_Mar18_ot_Lead_API-Lead-14-es-v0&utm_term=180325","path_2":"qN5q?utm_source=connectly-campaign&utm_medium=164&utm_content=de9ba32c-1d24-44b3-ab88-52461cd7de8e&utm_campaign=1_1377_WA_1_Mar18_ot_Lead_API-Lead-14-es-v0&utm_term=180325","path_3":"a3a9?utm_source=connectly-campaign&utm_medium=164&utm_content=de9ba32c-1d24-44b3-ab88-52461cd7de8e&utm_campaign=1_1377_WA_1_Mar18_ot_Lead_API-Lead-14-es-v0&utm_term=180325","path_4":"6Mu9?utm_source=connectly-campaign&utm_medium=164&utm_content=de9ba32c-1d24-44b3-ab88-52461cd7de8e&utm_campaign=1_1377_WA_1_Mar18_ot_Lead_API-Lead-14-es-v0&utm_term=180325"}}]},"response":[{"campaignId":null,"campaignName":"","campaignVersion":null,"sendoutId":null,"status":"error","acceptedCount":0,"rejectedCount":0,"error":{"message":"Client in entry is missing or invalid","type":"ERROR_TYPE_INVALID_ARGUMENT","code":"ERROR_CODE_CAMPAIGN_ENTRY_CLIENT_INVALID","userTitle":"Client in entry is missing or invalid","userMessage":"Please check the client paramter in the campaign entry."}}]}
Rejection 17: {"request":{"entries":[{"client":"+57300616","campaignName":"api lead 14 es v0","variables":{"dsct_1":"16%","dsct_2":"16%","dsct_3":"16%","dsct_4":"8%","img_1":"https://chiper-old-imgs.imgix.net/app/protex-vitamina-e-photoroom-1-BJT4aJYmA-R.png?w=800&h=400&fit=fill&bg=white","img_2":"https://chiper-old-imgs.imgix.net/app/7509546693538-frente-1-photoroom-1-rJkmP4oJC-R.png?w=800&h=400&fit=fill&bg=white","img_3":"https://chiper-old-imgs.imgix.net/app/7509546693545-frente-photoroom-1-SkmEUNok0-R.png?w=800&h=400&fit=fill&bg=white","img_4":"https://chiper-old-imgs.imgix.net/app/7509546015040-SyJsu_Tij-R.png?w=800&h=400&fit=fill&bg=white","name":"Elsy","sku_1":"Jabón Vitamina E - Protex - Barra 110 g","sku_2":"Jabón Limpieza Profunda - Protex - Barra 110 g","sku_3":"Jabón Herbal - Protex - Barra 110 g","sku_4":"Cepillo dental premier clean - Colgate - Unidad 1 ud.","path_1":"5aKY?utm_source=connectly-campaign&utm_medium=164&utm_content=de9ba32c-1d24-44b3-ab88-52461cd7de8e&utm_campaign=2_1377_WA_1_Mar18_ot_Lead_API-Lead-14-es-v0&utm_term=180325","path_2":"vw6A?utm_source=connectly-campaign&utm_medium=164&utm_content=de9ba32c-1d24-44b3-ab88-52461cd7de8e&utm_campaign=2_1377_WA_1_Mar18_ot_Lead_API-Lead-14-es-v0&utm_term=180325","path_3":"qUUm?utm_source=connectly-campaign&utm_medium=164&utm_content=de9ba32c-1d24-44b3-ab88-52461cd7de8e&utm_campaign=2_1377_WA_1_Mar18_ot_Lead_API-Lead-14-es-v0&utm_term=180325","path_4":"S3fu?utm_source=connectly-campaign&utm_medium=164&utm_content=de9ba32c-1d24-44b3-ab88-52461cd7de8e&utm_campaign=2_1377_WA_1_Mar18_ot_Lead_API-Lead-14-es-v0&utm_term=180325"}}]},"response":[{"campaignId":null,"campaignName":"","campaignVersion":null,"sendoutId":null,"status":"error","acceptedCount":0,"rejectedCount":0,"error":{"message":"Client in entry is missing or invalid","type":"ERROR_TYPE_INVALID_ARGUMENT","code":"ERROR_CODE_CAMPAIGN_ENTRY_CLIENT_INVALID","userTitle":"Client in entry is missing or invalid","userMessage":"Please check the client paramter in the campaign entry."}}]}
Rejection 18: {"request":{"entries":[{"client":"+573145489944","campaignName":"api lead 14 es v0","variables":{"dsct_1":"5%","dsct_2":"5%","dsct_3":"12%","dsct_4":"20%","img_1":"https://chiper-old-imgs.imgix.net/app/7509546688299-1-BybIBSHon-R.png?w=800&h=400&fit=fill&bg=white","img_2":"https://chiper-old-imgs.imgix.net/app/imagen-de-whatsapp-2024-07-25-a-las-093130_478d9d88-SyxRf1ltR-R.png?w=800&h=400&fit=fill&bg=white","img_3":"https://chiper-old-imgs.imgix.net/app/7702010972287-B1B1VqAm3-R.png?w=800&h=400&fit=fill&bg=white","img_4":"https://chiper-old-imgs.imgix.net/app/7500435197397-BkWQIZsZno-R.png?w=800&h=400&fit=fill&bg=white","name":"","sku_1":"Desodorante Antitranspirante Hombre Clinical Dry - Speed Stick - Caja 20 uds.","sku_2":"Desodorante Antitranspirante Hombre 24/7 Xtreme Night - Speed Stick - Caja 18 uds.","sku_3":"Desodorante Practicrema - Lady Speed Stick - Tarro 30 g","sku_4":"Vitamina C Naranja - Cebión - Caja 40 tab.","path_1":"StSc?utm_source=connectly-campaign&utm_medium=164&utm_content=de9ba32c-1d24-44b3-ab88-52461cd7de8e&utm_campaign=2_1377_WA_1_Mar18_ot_Lead_API-Lead-14-es-v0&utm_term=180325","path_2":"5Ckv?utm_source=connectly-campaign&utm_medium=164&utm_content=de9ba32c-1d24-44b3-ab88-52461cd7de8e&utm_campaign=2_1377_WA_1_Mar18_ot_Lead_API-Lead-14-es-v0&utm_term=180325","path_3":"zbcR?utm_source=connectly-campaign&utm_medium=164&utm_content=de9ba32c-1d24-44b3-ab88-52461cd7de8e&utm_campaign=2_1377_WA_1_Mar18_ot_Lead_API-Lead-14-es-v0&utm_term=180325","path_4":"sCmr?utm_source=connectly-campaign&utm_medium=164&utm_content=de9ba32c-1d24-44b3-ab88-52461cd7de8e&utm_campaign=2_1377_WA_1_Mar18_ot_Lead_API-Lead-14-es-v0&utm_term=180325"}}]},"response":[{"campaignId":"d610a36c-1ab0-4a0c-94c1-9745aa221864","campaignName":"api lead 14 es v0","campaignVersion":"0195a96b-653f-46b8-e02b-e81ba4dc4bcf","sendoutId":"4d274e84-84a3-4c15-9ec8-ac9b188c64fb","status":"error","acceptedCount":0,"rejectedCount":1,"error":{"message":"Campaign entry is invalid","type":"ERROR_TYPE_INVALID_ARGUMENT","code":"ERROR_CODE_CAMPAIGN_ENTRY_INVALID","userTitle":"Campaign entry is invalid","userMessage":"Please check the inputs to the campaign entry."}}]}
Rejection 19: {"request":{"entries":[{"client":"+573204014821","campaignName":"api lead 14 es v0","variables":{"dsct_1":"21%","dsct_2":"8%","dsct_3":"2%","dsct_4":"2%","img_1":"https://chiper-old-imgs.imgix.net/app/7702031363972-SkwzVibhs-R.png?w=800&h=400&fit=fill&bg=white","img_2":"https://chiper-old-imgs.imgix.net/app/7501032913625-BJx0Kf_32-R.png?w=800&h=400&fit=fill&bg=white","img_3":"https://chiper-old-imgs.imgix.net/app/40000422068_1-skgegwnus-m-ryoVAh9DC-R.png?w=800&h=400&fit=fill&bg=white","img_4":"https://chiper-old-imgs.imgix.net/app/7501072209795-SJ--gEob2o-R.png?w=800&h=400&fit=fill&bg=white","name":"","sku_1":"Shampoo original - Johnsons Baby - Display x12 Sachets 25 ml","sku_2":"Ambientador Liquido Vainilla + Unidad Eléctrica - Glade - Frasco 21 ml","sku_3":"Chocolatina rellena de caramelo - Milkyway - Barra 52 g","sku_4":"Alimento Húmedo Para Gato Sabor A Pavo - Felix - Sobre 85 g","path_1":"39Dw?utm_source=connectly-campaign&utm_medium=164&utm_content=de9ba32c-1d24-44b3-ab88-52461cd7de8e&utm_campaign=1_1377_WA_1_Mar18_ot_Lead_API-Lead-14-es-v0&utm_term=180325","path_2":"dm1h?utm_source=connectly-campaign&utm_medium=164&utm_content=de9ba32c-1d24-44b3-ab88-52461cd7de8e&utm_campaign=1_1377_WA_1_Mar18_ot_Lead_API-Lead-14-es-v0&utm_term=180325","path_3":"JuBo?utm_source=connectly-campaign&utm_medium=164&utm_content=de9ba32c-1d24-44b3-ab88-52461cd7de8e&utm_campaign=1_1377_WA_1_Mar18_ot_Lead_API-Lead-14-es-v0&utm_term=180325","path_4":"TVzy?utm_source=connectly-campaign&utm_medium=164&utm_content=de9ba32c-1d24-44b3-ab88-52461cd7de8e&utm_campaign=1_1377_WA_1_Mar18_ot_Lead_API-Lead-14-es-v0&utm_term=180325"}}]},"response":[{"campaignId":"d610a36c-1ab0-4a0c-94c1-9745aa221864","campaignName":"api lead 14 es v0","campaignVersion":"0195a96b-653f-46b8-e02b-e81ba4dc4bcf","sendoutId":"4d274e84-84a3-4c15-9ec8-ac9b188c64fb","status":"error","acceptedCount":0,"rejectedCount":1,"error":{"message":"Campaign entry is invalid","type":"ERROR_TYPE_INVALID_ARGUMENT","code":"ERROR_CODE_CAMPAIGN_ENTRY_INVALID","userTitle":"Campaign entry is invalid","userMessage":"Please check the inputs to the campaign entry."}}]}
Rejection 20: {"request":{"entries":[{"client":"+575539136499","campaignName":"api lead 14 es v0","variables":{"dsct_1":"25%","dsct_2":"1%","dsct_3":"2%","dsct_4":"15%","img_1":"https://chiper-old-imgs.imgix.net/app/pasta-la-muneca-tornillo-250g-1111-r1d_TsLZC-R.png?w=800&h=400&fit=fill&bg=white","img_2":"https://chiper-old-imgs.imgix.net/app/render_fl_dual_serve_150g_col_front-photoroom-1-ryxU74hAA-R.png?w=800&h=400&fit=fill&bg=white","img_3":"https://chiper-old-imgs.imgix.net/app/706460241662-1-ryAmRjDgp-R.png?w=800&h=400&fit=fill&bg=white","img_4":"https://chiper-old-imgs.imgix.net/app/7702020117012-BygByGuiT-R.png?w=800&h=400&fit=fill&bg=white","name":"Sebastian","sku_1":"Pasta Tipo Tornillo - La Muñeca - Paquete 250 g","sku_2":"Cereal 180 gr - Froot Loops - Paquete 2 uds.","sku_3":"Alimento Humedo Para Gatitos - Whiskas - Sobre 85 g","sku_4":"Pasta Tipo Spaguetti - La Muñeca - Paquete 1000 g","path_1":"tr3Q?utm_source=connectly-campaign&utm_medium=164&utm_content=de9ba32c-1d24-44b3-ab88-52461cd7de8e&utm_campaign=7_1377_WA_1_Mar18_ot_Lead_API-Lead-14-es-v0&utm_term=180325","path_2":"m1Sv?utm_source=connectly-campaign&utm_medium=164&utm_content=de9ba32c-1d24-44b3-ab88-52461cd7de8e&utm_campaign=7_1377_WA_1_Mar18_ot_Lead_API-Lead-14-es-v0&utm_term=180325","path_3":"5t8K?utm_source=connectly-campaign&utm_medium=164&utm_content=de9ba32c-1d24-44b3-ab88-52461cd7de8e&utm_campaign=7_1377_WA_1_Mar18_ot_Lead_API-Lead-14-es-v0&utm_term=180325","path_4":"yv96?utm_source=connectly-campaign&utm_medium=164&utm_content=de9ba32c-1d24-44b3-ab88-52461cd7de8e&utm_campaign=7_1377_WA_1_Mar18_ot_Lead_API-Lead-14-es-v0&utm_term=180325"}}]},"response":[{"campaignId":null,"campaignName":"","campaignVersion":null,"sendoutId":null,"status":"error","acceptedCount":0,"rejectedCount":0,"error":{"message":"Client in entry is missing or invalid","type":"ERROR_TYPE_INVALID_ARGUMENT","code":"ERROR_CODE_CAMPAIGN_ENTRY_CLIENT_INVALID","userTitle":"Client in entry is missing or invalid","userMessage":"Please check the client paramter in the campaign entry."}}]}
Rejection 21: {"request":{"entries":[{"client":"+573992143780","campaignName":"api lead 14 es v0","variables":{"dsct_1":"30%","dsct_2":"5%","dsct_3":"3%","dsct_4":"15%","img_1":"https://chiper-old-imgs.imgix.net/app/7702031800682-HkjfEo-2s-R.png?w=800&h=400&fit=fill&bg=white","img_2":"https://chiper-old-imgs.imgix.net/app/7707244560279-manzana-400ml-sellos-photoroom-B1Hvle1oC-R.png?w=800&h=400&fit=fill&bg=white","img_3":"https://chiper-old-imgs.imgix.net/app/7506174516147-1-photoroom-S13nGT7TC-R.png?w=800&h=400&fit=fill&bg=white","img_4":"https://chiper-old-imgs.imgix.net/app/038000846731-ryQ1_2TMn-R.png?w=800&h=400&fit=fill&bg=white","name":"Johan","sku_1":"Toalla Higiénica Normal Con Alas - Stayfree - Paquete 12 uds.","sku_2":"Gaseosa Manzana - Big - Botella pet 400 ml","sku_3":"Alimento Húmedo Pancita Saludable Sabor Salmón y Arroz Integral - Pedigree - Sobre 100 g","sku_4":"Papas original - Pringles - Tarro 37 g","path_1":"FtBN?utm_source=connectly-campaign&utm_medium=164&utm_content=de9ba32c-1d24-44b3-ab88-52461cd7de8e&utm_campaign=1_1377_WA_1_Mar18_ot_Lead_API-Lead-14-es-v0&utm_term=180325","path_2":"72ew?utm_source=connectly-campaign&utm_medium=164&utm_content=de9ba32c-1d24-44b3-ab88-52461cd7de8e&utm_campaign=1_1377_WA_1_Mar18_ot_Lead_API-Lead-14-es-v0&utm_term=180325","path_3":"vjJn?utm_source=connectly-campaign&utm_medium=164&utm_content=de9ba32c-1d24-44b3-ab88-52461cd7de8e&utm_campaign=1_1377_WA_1_Mar18_ot_Lead_API-Lead-14-es-v0&utm_term=180325","path_4":"RNsg?utm_source=connectly-campaign&utm_medium=164&utm_content=de9ba32c-1d24-44b3-ab88-52461cd7de8e&utm_campaign=1_1377_WA_1_Mar18_ot_Lead_API-Lead-14-es-v0&utm_term=180325"}}]},"response":[{"campaignId":null,"campaignName":"","campaignVersion":null,"sendoutId":null,"status":"error","acceptedCount":0,"rejectedCount":0,"error":{"message":"Client in entry is missing or invalid","type":"ERROR_TYPE_INVALID_ARGUMENT","code":"ERROR_CODE_CAMPAIGN_ENTRY_CLIENT_INVALID","userTitle":"Client in entry is missing or invalid","userMessage":"Please check the client paramter in the campaign entry."}}]}
Rejection 22: {"request":{"entries":[{"client":"+573112793889","campaignName":"api hibernating 14 es v0","variables":{"dsct_1":"6%","dsct_2":"6%","dsct_3":"10%","dsct_4":"25%","img_1":"https://chiper-old-imgs.imgix.net/app/7702404005034-HkP4mupji-R.png?w=800&h=400&fit=fill&bg=white","img_2":"https://chiper-old-imgs.imgix.net/app/7702535024423-Hyrny_af3-R.png?w=800&h=400&fit=fill&bg=white","img_3":"https://chiper-old-imgs.imgix.net/app/x3-ps-ristra-p12-ll13-1000x1000-2-1-Bk0a59EnA-R.png?w=800&h=400&fit=fill&bg=white","img_4":"https://chiper-old-imgs.imgix.net/app/7702020040006-SkobOu6ij-R.png?w=800&h=400&fit=fill&bg=white","name":"","sku_1":"Aguardiente Nectar Verde - Nectar Club - Botella 375 ml","sku_2":"Coca Cola Original - Coca Cola - Botella PET 1500 ml","sku_3":"5152-SCHICK XTREME 3 PD 4 + 4 QUATRO WOMEN - <marca> - Ristra 12+1 uds.","sku_4":"Pasta Tipo Spaguetti - San Remo - Paquete 250 g","path_1":"Cr2s?utm_source=connectly-campaign&utm_medium=164&utm_content=de9ba32c-1d24-44b3-ab88-52461cd7de8e&utm_campaign=1_1377_WA_1_Mar18_ot_Hibernating_API-Hibernating-14-es-v0&utm_term=180325","path_2":"TUFw?utm_source=connectly-campaign&utm_medium=164&utm_content=de9ba32c-1d24-44b3-ab88-52461cd7de8e&utm_campaign=1_1377_WA_1_Mar18_ot_Hibernating_API-Hibernating-14-es-v0&utm_term=180325","path_3":"bo7n?utm_source=connectly-campaign&utm_medium=164&utm_content=de9ba32c-1d24-44b3-ab88-52461cd7de8e&utm_campaign=1_1377_WA_1_Mar18_ot_Hibernating_API-Hibernating-14-es-v0&utm_term=180325","path_4":"Z7MV?utm_source=connectly-campaign&utm_medium=164&utm_content=de9ba32c-1d24-44b3-ab88-52461cd7de8e&utm_campaign=1_1377_WA_1_Mar18_ot_Hibernating_API-Hibernating-14-es-v0&utm_term=180325"}}]},"response":[{"campaignId":"077f4c26-4fd0-48ae-9614-5dc74b2671b5","campaignName":"api hibernating 14 es v0","campaignVersion":"0195a996-a4c5-2a4a-01c0-c4b182e40067","sendoutId":"2148bd29-476b-46c8-8bc4-e111e35ab8e0","status":"error","acceptedCount":0,"rejectedCount":1,"error":{"message":"Campaign entry is invalid","type":"ERROR_TYPE_INVALID_ARGUMENT","code":"ERROR_CODE_CAMPAIGN_ENTRY_INVALID","userTitle":"Campaign entry is invalid","userMessage":"Please check the inputs to the campaign entry."}}]}
Rejection 23: {"request":{"entries":[{"client":"+57312","campaignName":"api retained 14 es v0","variables":{"dsct_1":"6%","dsct_2":"4%","dsct_3":"2%","dsct_4":"8%","img_1":"https://chiper-old-imgs.imgix.net/app/42175-SJL8gsW5a-R.png?w=800&h=400&fit=fill&bg=white","img_2":"https://chiper-old-imgs.imgix.net/app/520202432433pm_12595067_-_cat_chow_adultos_carne_15kg_pr_15-12_co-photoroom-Sy9bbfDLA-R.png?w=800&h=400&fit=fill&bg=white","img_3":"https://chiper-old-imgs.imgix.net/app/7702521656812-s1dhjp7j2-m-ByNWJ0HgA-R.png?w=800&h=400&fit=fill&bg=white","img_4":"https://chiper-old-imgs.imgix.net/app/7702535024423-Hyrny_af3-R.png?w=800&h=400&fit=fill&bg=white","name":"Luis","sku_1":"Coca Cola Original - Coca Cola - Botella pet 3000 ml","sku_2":"Alimento Para Gato Adulto Sabor A Carne - Cat Chow - Pague 12 kg lleve 15 kg - Cat Chow - Bulto 15 kg","sku_3":"Alimento Para Perros Adultos Minis Y Pequeños Dog Chow X 22.7Kg - Dog Chow - Bulto 22 kg","sku_4":"Coca Cola Original - Coca Cola - Botella PET 1500 ml","path_1":"HZy8?utm_source=connectly-campaign&utm_medium=164&utm_content=de9ba32c-1d24-44b3-ab88-52461cd7de8e&utm_campaign=7_1377_WA_1_Mar18_ot_Retained_API-Retained-14-es-v0&utm_term=180325","path_2":"fC2G?utm_source=connectly-campaign&utm_medium=164&utm_content=de9ba32c-1d24-44b3-ab88-52461cd7de8e&utm_campaign=7_1377_WA_1_Mar18_ot_Retained_API-Retained-14-es-v0&utm_term=180325","path_3":"qnh4?utm_source=connectly-campaign&utm_medium=164&utm_content=de9ba32c-1d24-44b3-ab88-52461cd7de8e&utm_campaign=7_1377_WA_1_Mar18_ot_Retained_API-Retained-14-es-v0&utm_term=180325","path_4":"XLA7?utm_source=connectly-campaign&utm_medium=164&utm_content=de9ba32c-1d24-44b3-ab88-52461cd7de8e&utm_campaign=7_1377_WA_1_Mar18_ot_Retained_API-Retained-14-es-v0&utm_term=180325"}}]},"response":[{"campaignId":null,"campaignName":"","campaignVersion":null,"sendoutId":null,"status":"error","acceptedCount":0,"rejectedCount":0,"error":{"message":"Client in entry is missing or invalid","type":"ERROR_TYPE_INVALID_ARGUMENT","code":"ERROR_CODE_CAMPAIGN_ENTRY_CLIENT_INVALID","userTitle":"Client in entry is missing or invalid","userMessage":"Please check the client paramter in the campaign entry."}}]}
Rejection 24: {"request":{"entries":[{"client":"+573144","campaignName":"api churn.90to119 14 es v0","variables":{"dsct_1":"1%","dsct_2":"2%","dsct_3":"2%","img_1":"https://chiper-old-imgs.imgix.net/app/7702521656812-s1dhjp7j2-m-ByNWJ0HgA-R.png?w=800&h=400&fit=fill&bg=white","img_2":"https://chiper-old-imgs.imgix.net/app/9282023121150pm_7702521106751_1-photoroom-HyLO_iFUC-R.png?w=800&h=400&fit=fill&bg=white","img_3":"https://chiper-old-imgs.imgix.net/app/520202432433pm_12595067_-_cat_chow_adultos_carne_15kg_pr_15-12_co-photoroom-Sy9bbfDLA-R.png?w=800&h=400&fit=fill&bg=white","name":"Liliana","sku_1":"Alimento Para Perros Adultos Minis Y Pequeños Dog Chow X 22.7Kg - Dog Chow - Bulto 22 kg","sku_2":"Alimento Para Perros Medianos Y Grandes Dog Chow Sin Colorantes X 22.7Kg - Dog Chow - Bulto 22 kg","sku_3":"Alimento Para Gato Adulto Sabor A Carne - Cat Chow - Pague 12 kg lleve 15 kg - Cat Chow - Bulto 15 kg","path_1":"B1uS?utm_source=connectly-campaign&utm_medium=164&utm_content=de9ba32c-1d24-44b3-ab88-52461cd7de8e&utm_campaign=1_1377_WA_1_Mar18_ot_Churn.90to119_API-Churn.90to119-14-es-v0&utm_term=180325","path_2":"UDB1?utm_source=connectly-campaign&utm_medium=164&utm_content=de9ba32c-1d24-44b3-ab88-52461cd7de8e&utm_campaign=1_1377_WA_1_Mar18_ot_Churn.90to119_API-Churn.90to119-14-es-v0&utm_term=180325","path_3":"5DFo?utm_source=connectly-campaign&utm_medium=164&utm_content=de9ba32c-1d24-44b3-ab88-52461cd7de8e&utm_campaign=1_1377_WA_1_Mar18_ot_Churn.90to119_API-Churn.90to119-14-es-v0&utm_term=180325"}}]},"response":[{"campaignId":null,"campaignName":"","campaignVersion":null,"sendoutId":null,"status":"error","acceptedCount":0,"rejectedCount":0,"error":{"message":"Client in entry is missing or invalid","type":"ERROR_TYPE_INVALID_ARGUMENT","code":"ERROR_CODE_CAMPAIGN_ENTRY_CLIENT_INVALID","userTitle":"Client in entry is missing or invalid","userMessage":"Please check the client paramter in the campaign entry."}}]}
Rejection 25: {"request":{"entries":[{"client":"+573016849598","campaignName":"api resurrected 14 es v0","variables":{"dsct_1":"6%","dsct_2":"8%","dsct_3":"8%","dsct_4":"2%","img_1":"https://chiper-old-imgs.imgix.net/app/42175-SJL8gsW5a-R.png?w=800&h=400&fit=fill&bg=white","img_2":"https://chiper-old-imgs.imgix.net/app/7702535024423-Hyrny_af3-R.png?w=800&h=400&fit=fill&bg=white","img_3":"https://chiper-old-imgs.imgix.net/app/7702026148515-rkh1o_jE6-R.png?w=800&h=400&fit=fill&bg=white","img_4":"https://chiper-old-imgs.imgix.net/app/7702535011706-H1cEmdajo-R.png?w=800&h=400&fit=fill&bg=white","name":"","sku_1":"Coca Cola Original - Coca Cola - Botella pet 3000 ml","sku_2":"Coca Cola Original - Coca Cola - Botella PET 1500 ml","sku_3":"Papel higiénico expert - Familia - Unidad 1 ud.","sku_4":"Gaseosa Toronja - Quatro - Botella pet 1500 ml","path_1":"2rTU?utm_source=connectly-campaign&utm_medium=164&utm_content=de9ba32c-1d24-44b3-ab88-52461cd7de8e&utm_campaign=7_1377_WA_1_Mar18_ot_Resurrected_API-Resurrected-14-es-v0&utm_term=180325","path_2":"mUCn?utm_source=connectly-campaign&utm_medium=164&utm_content=de9ba32c-1d24-44b3-ab88-52461cd7de8e&utm_campaign=7_1377_WA_1_Mar18_ot_Resurrected_API-Resurrected-14-es-v0&utm_term=180325","path_3":"QcB3?utm_source=connectly-campaign&utm_medium=164&utm_content=de9ba32c-1d24-44b3-ab88-52461cd7de8e&utm_campaign=7_1377_WA_1_Mar18_ot_Resurrected_API-Resurrected-14-es-v0&utm_term=180325","path_4":"ysw3?utm_source=connectly-campaign&utm_medium=164&utm_content=de9ba32c-1d24-44b3-ab88-52461cd7de8e&utm_campaign=7_1377_WA_1_Mar18_ot_Resurrected_API-Resurrected-14-es-v0&utm_term=180325"}}]},"response":[{"campaignId":"e6fba815-8c6e-4940-b2e2-df925a2fd904","campaignName":"api resurrected 14 es v0","campaignVersion":"0195a96d-9758-1a8d-9f89-40996b071685","sendoutId":"9e3c1d4a-55a5-45d5-af27-e8eafb0c41bf","status":"error","acceptedCount":0,"rejectedCount":1,"error":{"message":"Campaign entry is invalid","type":"ERROR_TYPE_INVALID_ARGUMENT","code":"ERROR_CODE_CAMPAIGN_ENTRY_INVALID","userTitle":"Campaign entry is invalid","userMessage":"Please check the inputs to the campaign entry."}}]}
Rejection 26: {"request":{"entries":[{"client":"+579585755555","campaignName":"api lead 14 es v0","variables":{"dsct_1":"7%","dsct_2":"10%","dsct_3":"20%","dsct_4":"4%","img_1":"https://chiper-old-imgs.imgix.net/app/40000514206_1-skgo-z2li-m-s1l76usujl-m-S1nLUal9Jx-R.png?w=800&h=400&fit=fill&bg=white","img_2":"https://chiper-old-imgs.imgix.net/app/7707430872476-andina-light-sixpack-310-photoroom-HkPxVx9L0-R.png?w=800&h=400&fit=fill&bg=white","img_3":"https://chiper-old-imgs.imgix.net/app/7702031500605-BJo_Ws-3s-R.png?w=800&h=400&fit=fill&bg=white","img_4":"https://chiper-old-imgs.imgix.net/app/7501072209849-rJoN9PmJn-R.png?w=800&h=400&fit=fill&bg=white","name":"Tomas","sku_1":"Chocolatina De Galleta Con Caramelo Twix - Twix - Unidad 50 g","sku_2":"Six Pack Cerveza Light - Andina - Lata 310 ml","sku_3":"Protectores Con Perfume - Carefree - Paquete 15 uds.","sku_4":"Alimento Húmedo Para Gato Sabor A Salmon - Felix - Sobre 85 g","path_1":"SkE3?utm_source=connectly-campaign&utm_medium=164&utm_content=de9ba32c-1d24-44b3-ab88-52461cd7de8e&utm_campaign=1_1377_WA_1_Mar18_ot_Lead_API-Lead-14-es-v0&utm_term=180325","path_2":"x1ev?utm_source=connectly-campaign&utm_medium=164&utm_content=de9ba32c-1d24-44b3-ab88-52461cd7de8e&utm_campaign=1_1377_WA_1_Mar18_ot_Lead_API-Lead-14-es-v0&utm_term=180325","path_3":"oHkZ?utm_source=connectly-campaign&utm_medium=164&utm_content=de9ba32c-1d24-44b3-ab88-52461cd7de8e&utm_campaign=1_1377_WA_1_Mar18_ot_Lead_API-Lead-14-es-v0&utm_term=180325","path_4":"4pyi?utm_source=connectly-campaign&utm_medium=164&utm_content=de9ba32c-1d24-44b3-ab88-52461cd7de8e&utm_campaign=1_1377_WA_1_Mar18_ot_Lead_API-Lead-14-es-v0&utm_term=180325"}}]},"response":[{"campaignId":null,"campaignName":"","campaignVersion":null,"sendoutId":null,"status":"error","acceptedCount":0,"rejectedCount":0,"error":{"message":"Client in entry is missing or invalid","type":"ERROR_TYPE_INVALID_ARGUMENT","code":"ERROR_CODE_CAMPAIGN_ENTRY_CLIENT_INVALID","userTitle":"Client in entry is missing or invalid","userMessage":"Please check the client paramter in the campaign entry."}}]}
Rejection 27: {"request":{"entries":[{"client":"+574678936475","campaignName":"api lead 14 es v0","variables":{"dsct_1":"30%","dsct_2":"4%","dsct_3":"8%","dsct_4":"30%","img_1":"https://chiper-old-imgs.imgix.net/app/7709825110187-sandia-sklwpp8m0-m-photoroom-H17gTXQDR-R.png?w=800&h=400&fit=fill&bg=white","img_2":"https://chiper-old-imgs.imgix.net/app/7707244560262-and-7709729580154-cola-400ml-sellos-photoroom-ryvxee1s0-R.png?w=800&h=400&fit=fill&bg=white","img_3":"https://chiper-old-imgs.imgix.net/app/7702045556889p-byujue1oh-m-ByjU-sDoT-R.png?w=800&h=400&fit=fill&bg=white","img_4":"https://chiper-old-imgs.imgix.net/app/7709825110125-arandanos-1-skvn3pigr-m-photoroom-rybZ27QDA-R.png?w=800&h=400&fit=fill&bg=white","name":"New","sku_1":"Bebida De Té Sabor a Sandía - Ekii - Botella 400 ml","sku_2":"Gaseosa Big Cola Negra - Big - Botella pet 400 ml","sku_3":"Desodorante Normal Duo - Balance - Caja 16 uds.","sku_4":"Bebida De Té Sabor Arándanos - Ekii - Botella 400 ml","path_1":"5rEj?utm_source=connectly-campaign&utm_medium=164&utm_content=de9ba32c-1d24-44b3-ab88-52461cd7de8e&utm_campaign=1_1377_WA_1_Mar18_ot_Lead_API-Lead-14-es-v0&utm_term=180325","path_2":"ThdN?utm_source=connectly-campaign&utm_medium=164&utm_content=de9ba32c-1d24-44b3-ab88-52461cd7de8e&utm_campaign=1_1377_WA_1_Mar18_ot_Lead_API-Lead-14-es-v0&utm_term=180325","path_3":"yPxg?utm_source=connectly-campaign&utm_medium=164&utm_content=de9ba32c-1d24-44b3-ab88-52461cd7de8e&utm_campaign=1_1377_WA_1_Mar18_ot_Lead_API-Lead-14-es-v0&utm_term=180325","path_4":"hc41?utm_source=connectly-campaign&utm_medium=164&utm_content=de9ba32c-1d24-44b3-ab88-52461cd7de8e&utm_campaign=1_1377_WA_1_Mar18_ot_Lead_API-Lead-14-es-v0&utm_term=180325"}}]},"response":[{"campaignId":null,"campaignName":"","campaignVersion":null,"sendoutId":null,"status":"error","acceptedCount":0,"rejectedCount":0,"error":{"message":"Client in entry is missing or invalid","type":"ERROR_TYPE_INVALID_ARGUMENT","code":"ERROR_CODE_CAMPAIGN_ENTRY_CLIENT_INVALID","userTitle":"Client in entry is missing or invalid","userMessage":"Please check the client paramter in the campaign entry."}}]}
Rejection 28: {"request":{"entries":[{"client":"+573105573675","campaignName":"api retained 14 es v0","variables":{"dsct_1":"6%","dsct_2":"6%","dsct_3":"6%","dsct_4":"8%","img_1":"https://chiper-old-imgs.imgix.net/app/7702404005034-HkP4mupji-R.png?w=800&h=400&fit=fill&bg=white","img_2":"https://chiper-old-imgs.imgix.net/app/7702535024423-Hyrny_af3-R.png?w=800&h=400&fit=fill&bg=white","img_3":"https://chiper-old-imgs.imgix.net/app/7500435124683-bkmzpflpo-m-SyiUAUZsh-R.png?w=800&h=400&fit=fill&bg=white","img_4":"https://chiper-old-imgs.imgix.net/app/42175-SJL8gsW5a-R.png?w=800&h=400&fit=fill&bg=white","name":"","sku_1":"Aguardiente Nectar Verde - Nectar Club - Botella 375 ml","sku_2":"Coca Cola Original - Coca Cola - Botella PET 1500 ml","sku_3":"Detergente en polvo regular - Ariel - Bolsa 450 g","sku_4":"Coca Cola Original - Coca Cola - Botella pet 3000 ml","path_1":"akKt?utm_source=connectly-campaign&utm_medium=164&utm_content=de9ba32c-1d24-44b3-ab88-52461cd7de8e&utm_campaign=1_1377_WA_1_Mar18_ot_Retained_API-Retained-14-es-v0&utm_term=180325","path_2":"4Pae?utm_source=connectly-campaign&utm_medium=164&utm_content=de9ba32c-1d24-44b3-ab88-52461cd7de8e&utm_campaign=1_1377_WA_1_Mar18_ot_Retained_API-Retained-14-es-v0&utm_term=180325","path_3":"KJjb?utm_source=connectly-campaign&utm_medium=164&utm_content=de9ba32c-1d24-44b3-ab88-52461cd7de8e&utm_campaign=1_1377_WA_1_Mar18_ot_Retained_API-Retained-14-es-v0&utm_term=180325","path_4":"JVbj?utm_source=connectly-campaign&utm_medium=164&utm_content=de9ba32c-1d24-44b3-ab88-52461cd7de8e&utm_campaign=1_1377_WA_1_Mar18_ot_Retained_API-Retained-14-es-v0&utm_term=180325"}}]},"response":[{"campaignId":"16a64716-ba75-44f4-be6b-d466ef751218","campaignName":"api retained 14 es v0","campaignVersion":"0195a98e-f4a8-8ff6-b2de-00e32fcfea04","sendoutId":"d0615cab-f26a-40d2-aa70-17b3e1fd1c7f","status":"error","acceptedCount":0,"rejectedCount":1,"error":{"message":"Campaign entry is invalid","type":"ERROR_TYPE_INVALID_ARGUMENT","code":"ERROR_CODE_CAMPAIGN_ENTRY_INVALID","userTitle":"Campaign entry is invalid","userMessage":"Please check the inputs to the campaign entry."}}]}
Rejection 29: {"request":{"entries":[{"client":"+579065761313","campaignName":"api lead 14 es v0","variables":{"dsct_1":"1%","dsct_2":"30%","dsct_3":"8%","dsct_4":"7%","img_1":"https://chiper-old-imgs.imgix.net/app/7702535033593-ccso-500-ml-pack-photoroom-HyCCQqERR-R.png?w=800&h=400&fit=fill&bg=white","img_2":"https://chiper-old-imgs.imgix.net/app/7891010254780-Hyhtc36c2-R.png?w=800&h=400&fit=fill&bg=white","img_3":"https://chiper-old-imgs.imgix.net/app/7501032924003-rJsxoS5M3-R.png?w=800&h=400&fit=fill&bg=white","img_4":"https://chiper-old-imgs.imgix.net/app/7708092371697-mora_400ml-photoroom-rJY2Akki0-R.png?w=800&h=400&fit=fill&bg=white","name":"User","sku_1":"Coca Cola Original - Coca Cola - Botella PET 500 ml","sku_2":"Tampón Original Super - Ob - Paquete 8 uds.","sku_3":"Ambientador Aerosol Lavanda - Glade - Tarro 275 ml","sku_4":"Refresco Mora - Cifrut - Botella pet 400 ml","path_1":"DfK5?utm_source=connectly-campaign&utm_medium=164&utm_content=de9ba32c-1d24-44b3-ab88-52461cd7de8e&utm_campaign=1_1377_WA_1_Mar18_ot_Lead_API-Lead-14-es-v0&utm_term=180325","path_2":"QDsf?utm_source=connectly-campaign&utm_medium=164&utm_content=de9ba32c-1d24-44b3-ab88-52461cd7de8e&utm_campaign=1_1377_WA_1_Mar18_ot_Lead_API-Lead-14-es-v0&utm_term=180325","path_3":"ttE3?utm_source=connectly-campaign&utm_medium=164&utm_content=de9ba32c-1d24-44b3-ab88-52461cd7de8e&utm_campaign=1_1377_WA_1_Mar18_ot_Lead_API-Lead-14-es-v0&utm_term=180325","path_4":"2AjJ?utm_source=connectly-campaign&utm_medium=164&utm_content=de9ba32c-1d24-44b3-ab88-52461cd7de8e&utm_campaign=1_1377_WA_1_Mar18_ot_Lead_API-Lead-14-es-v0&utm_term=180325"}}]},"response":[{"campaignId":null,"campaignName":"","campaignVersion":null,"sendoutId":null,"status":"error","acceptedCount":0,"rejectedCount":0,"error":{"message":"Client in entry is missing or invalid","type":"ERROR_TYPE_INVALID_ARGUMENT","code":"ERROR_CODE_CAMPAIGN_ENTRY_CLIENT_INVALID","userTitle":"Client in entry is missing or invalid","userMessage":"Please check the client paramter in the campaign entry."}}]}
Rejection 30: {"request":{"entries":[{"client":"+573593184644","campaignName":"api lead 14 es v0","variables":{"dsct_1":"20%","dsct_2":"8%","dsct_3":"20%","dsct_4":"8%","img_1":"https://chiper-old-imgs.imgix.net/app/pasta-cabello-de-angel-x-250-g-6078_a-photoroom-SJAhosU-R-R.png?w=800&h=400&fit=fill&bg=white","img_2":"https://chiper-old-imgs.imgix.net/app/7501032938215_1-B1DAsBcG3-R.png?w=800&h=400&fit=fill&bg=white","img_3":"https://chiper-old-imgs.imgix.net/app/bandejas-vitrinas-photoroom-ry5Fyqv5C-R.png?w=800&h=400&fit=fill&bg=white","img_4":"https://chiper-old-imgs.imgix.net/app/7500435247696-photoroom-1-rya8TDtiC-R.png?w=800&h=400&fit=fill&bg=white","name":"David","sku_1":"Pasta Tipo Cabello De Angel - La Muñeca - Paquete 250 g","sku_2":"Ambientador Aerosol Lavanda - Glade - Lata 400 ml","sku_3":"Bandeja Exhibidora Chocolates - m&m´s - Unidad 1 ud.","sku_4":"Shampoo Menta Extra Refrescante Anti Comezón - Head & Shoulders - Sachet 15 ml","path_1":"dQrp?utm_source=connectly-campaign&utm_medium=164&utm_content=de9ba32c-1d24-44b3-ab88-52461cd7de8e&utm_campaign=1_1377_WA_1_Mar18_ot_Lead_API-Lead-14-es-v0&utm_term=180325","path_2":"ZyMt?utm_source=connectly-campaign&utm_medium=164&utm_content=de9ba32c-1d24-44b3-ab88-52461cd7de8e&utm_campaign=1_1377_WA_1_Mar18_ot_Lead_API-Lead-14-es-v0&utm_term=180325","path_3":"9aw4?utm_source=connectly-campaign&utm_medium=164&utm_content=de9ba32c-1d24-44b3-ab88-52461cd7de8e&utm_campaign=1_1377_WA_1_Mar18_ot_Lead_API-Lead-14-es-v0&utm_term=180325","path_4":"HVPo?utm_source=connectly-campaign&utm_medium=164&utm_content=de9ba32c-1d24-44b3-ab88-52461cd7de8e&utm_campaign=1_1377_WA_1_Mar18_ot_Lead_API-Lead-14-es-v0&utm_term=180325"}}]},"response":[{"campaignId":null,"campaignName":"","campaignVersion":null,"sendoutId":null,"status":"error","acceptedCount":0,"rejectedCount":0,"error":{"message":"Client in entry is missing or invalid","type":"ERROR_TYPE_INVALID_ARGUMENT","code":"ERROR_CODE_CAMPAIGN_ENTRY_CLIENT_INVALID","userTitle":"Client in entry is missing or invalid","userMessage":"Please check the client paramter in the campaign entry."}}]}
Rejection 31: {"request":{"entries":[{"client":"+573224126691","campaignName":"api lead 14 es v0","variables":{"dsct_1":"13%","dsct_2":"3%","dsct_3":"20%","dsct_4":"20%","img_1":"https://chiper-old-imgs.imgix.net/app/render_zuc_dual_serve_180g_col_front-photoroom-1-S15Hl4hCA-R.png?w=800&h=400&fit=fill&bg=white","img_2":"https://chiper-old-imgs.imgix.net/app/7702174085304-rk5Efc6G3-R.png?w=800&h=400&fit=fill&bg=white","img_3":"https://chiper-old-imgs.imgix.net/app/7702020112017-BJu1JfOs6-R.png?w=800&h=400&fit=fill&bg=white","img_4":"https://chiper-old-imgs.imgix.net/app/7702020017824-1-r1nb7z_ot-m-H1M5_m4pa-R.png?w=800&h=400&fit=fill&bg=white","name":"","sku_1":"Cereal 180 gr - Zucaritas - Paquete 2 uds.","sku_2":"Chupete Sabor Mango Mangoos - Aldor - Bolsa 48 uds.","sku_3":"Pasta Tipo Spaguetti - La Muñeca - Paquete 250 g","sku_4":"Margarina De Canola - Canola Life - Tarro 454 g","path_1":"9He6?utm_source=connectly-campaign&utm_medium=164&utm_content=de9ba32c-1d24-44b3-ab88-52461cd7de8e&utm_campaign=1_1377_WA_1_Mar18_ot_Lead_API-Lead-14-es-v0&utm_term=180325","path_2":"nGxF?utm_source=connectly-campaign&utm_medium=164&utm_content=de9ba32c-1d24-44b3-ab88-52461cd7de8e&utm_campaign=1_1377_WA_1_Mar18_ot_Lead_API-Lead-14-es-v0&utm_term=180325","path_3":"VL37?utm_source=connectly-campaign&utm_medium=164&utm_content=de9ba32c-1d24-44b3-ab88-52461cd7de8e&utm_campaign=1_1377_WA_1_Mar18_ot_Lead_API-Lead-14-es-v0&utm_term=180325","path_4":"xxei?utm_source=connectly-campaign&utm_medium=164&utm_content=de9ba32c-1d24-44b3-ab88-52461cd7de8e&utm_campaign=1_1377_WA_1_Mar18_ot_Lead_API-Lead-14-es-v0&utm_term=180325"}}]},"response":[{"campaignId":"d610a36c-1ab0-4a0c-94c1-9745aa221864","campaignName":"api lead 14 es v0","campaignVersion":"0195a96b-653f-46b8-e02b-e81ba4dc4bcf","sendoutId":"4d274e84-84a3-4c15-9ec8-ac9b188c64fb","status":"error","acceptedCount":0,"rejectedCount":1,"error":{"message":"Campaign entry is invalid","type":"ERROR_TYPE_INVALID_ARGUMENT","code":"ERROR_CODE_CAMPAIGN_ENTRY_INVALID","userTitle":"Campaign entry is invalid","userMessage":"Please check the inputs to the campaign entry."}}]}
Rejection 32: {"request":{"entries":[{"client":"+575522501198","campaignName":"api retained 14 es v0","variables":{"dsct_1":"6%","dsct_2":"6%","dsct_3":"4%","dsct_4":"1%","img_1":"https://chiper-old-imgs.imgix.net/app/7702535024423-Hyrny_af3-R.png?w=800&h=400&fit=fill&bg=white","img_2":"https://chiper-old-imgs.imgix.net/app/7702404005034-HkP4mupji-R.png?w=800&h=400&fit=fill&bg=white","img_3":"https://chiper-old-imgs.imgix.net/app/7707244561375-sporadetropical-500ml-photoroom-SknMkeyoC-R.png?w=800&h=400&fit=fill&bg=white","img_4":"https://chiper-old-imgs.imgix.net/app/7702535033593-ccso-500-ml-pack-photoroom-HyCCQqERR-R.png?w=800&h=400&fit=fill&bg=white","name":"Guillermo","sku_1":"Coca Cola Original - Coca Cola - Botella PET 1500 ml","sku_2":"Aguardiente Nectar Verde - Nectar Club - Botella 375 ml","sku_3":"Bebida Hidratante Frutas Tropicales - Sporade - Botella pet 500 ml","sku_4":"Coca Cola Original - Coca Cola - Botella PET 500 ml","path_1":"4Pae?utm_source=connectly-campaign&utm_medium=164&utm_content=de9ba32c-1d24-44b3-ab88-52461cd7de8e&utm_campaign=1_1377_WA_1_Mar18_ot_Retained_API-Retained-14-es-v0&utm_term=180325","path_2":"akKt?utm_source=connectly-campaign&utm_medium=164&utm_content=de9ba32c-1d24-44b3-ab88-52461cd7de8e&utm_campaign=1_1377_WA_1_Mar18_ot_Retained_API-Retained-14-es-v0&utm_term=180325","path_3":"Ywvk?utm_source=connectly-campaign&utm_medium=164&utm_content=de9ba32c-1d24-44b3-ab88-52461cd7de8e&utm_campaign=1_1377_WA_1_Mar18_ot_Retained_API-Retained-14-es-v0&utm_term=180325","path_4":"N9Wb?utm_source=connectly-campaign&utm_medium=164&utm_content=de9ba32c-1d24-44b3-ab88-52461cd7de8e&utm_campaign=1_1377_WA_1_Mar18_ot_Retained_API-Retained-14-es-v0&utm_term=180325"}}]},"response":[{"campaignId":null,"campaignName":"","campaignVersion":null,"sendoutId":null,"status":"error","acceptedCount":0,"rejectedCount":0,"error":{"message":"Client in entry is missing or invalid","type":"ERROR_TYPE_INVALID_ARGUMENT","code":"ERROR_CODE_CAMPAIGN_ENTRY_CLIENT_INVALID","userTitle":"Client in entry is missing or invalid","userMessage":"Please check the client paramter in the campaign entry."}}]}
Rejection 33: {"request":{"entries":[{"client":"+571656565656","campaignName":"api lead 14 es v0","variables":{"dsct_1":"25%","dsct_2":"7%","dsct_3":"1%","dsct_4":"5%","img_1":"https://chiper-old-imgs.imgix.net/app/427359-4144-pasta-san-remo-macarroncito-250g-photoroom-rk8dWBr0T-R.png?w=800&h=400&fit=fill&bg=white","img_2":"https://chiper-old-imgs.imgix.net/app/40000514206_1-skgo-z2li-m-s1l76usujl-m-S1nLUal9Jx-R.png?w=800&h=400&fit=fill&bg=white","img_3":"https://chiper-old-imgs.imgix.net/app/7501072210258-H1fm1hRm3-R.png?w=800&h=400&fit=fill&bg=white","img_4":"https://chiper-old-imgs.imgix.net/app/706460249484-S1jRqv7kn-R.png?w=800&h=400&fit=fill&bg=white","name":"Jkljlkjkj","sku_1":"Pasta Tipo Macarroncito - San Remo - Paquete 250 g","sku_2":"Chocolatina De Galleta Con Caramelo Twix - Twix - Unidad 50 g","sku_3":"Alimento Húmedo Para Cachorros Sabor A Pollo - Dog Chow - Sobre 100 g","sku_4":"Alimento Húmedo Raza Pequeña Sabor A Carne - Pedigree - Sobre 100 g","path_1":"3pKW?utm_source=connectly-campaign&utm_medium=164&utm_content=de9ba32c-1d24-44b3-ab88-52461cd7de8e&utm_campaign=1_1377_WA_1_Mar18_ot_Lead_API-Lead-14-es-v0&utm_term=180325","path_2":"SkE3?utm_source=connectly-campaign&utm_medium=164&utm_content=de9ba32c-1d24-44b3-ab88-52461cd7de8e&utm_campaign=1_1377_WA_1_Mar18_ot_Lead_API-Lead-14-es-v0&utm_term=180325","path_3":"qAtb?utm_source=connectly-campaign&utm_medium=164&utm_content=de9ba32c-1d24-44b3-ab88-52461cd7de8e&utm_campaign=1_1377_WA_1_Mar18_ot_Lead_API-Lead-14-es-v0&utm_term=180325","path_4":"1PdN?utm_source=connectly-campaign&utm_medium=164&utm_content=de9ba32c-1d24-44b3-ab88-52461cd7de8e&utm_campaign=1_1377_WA_1_Mar18_ot_Lead_API-Lead-14-es-v0&utm_term=180325"}}]},"response":[{"campaignId":null,"campaignName":"","campaignVersion":null,"sendoutId":null,"status":"error","acceptedCount":0,"rejectedCount":0,"error":{"message":"Client in entry is missing or invalid","type":"ERROR_TYPE_INVALID_ARGUMENT","code":"ERROR_CODE_CAMPAIGN_ENTRY_CLIENT_INVALID","userTitle":"Client in entry is missing or invalid","userMessage":"Please check the client paramter in the campaign entry."}}]}
