
> connectly@1.0.0 script:send
> npm run build && babel-node dist/send.js


> connectly@1.0.0 build
> tsc

batch 1 of 225 done, accepted = 50, rejected = 0, statuses = {"200":50}
batch 2 of 225 done, accepted = 100, rejected = 0, statuses = {"200":100}
batch 3 of 225 done, accepted = 150, rejected = 0, statuses = {"200":150}
batch 4 of 225 done, accepted = 200, rejected = 0, statuses = {"200":200}
batch 5 of 225 done, accepted = 249, rejected = 1, statuses = {"200":250}
batch 6 of 225 done, accepted = 299, rejected = 1, statuses = {"200":300}
batch 7 of 225 done, accepted = 348, rejected = 1, statuses = {"200":350}
batch 8 of 225 done, accepted = 398, rejected = 1, statuses = {"200":400}
batch 9 of 225 done, accepted = 448, rejected = 1, statuses = {"200":450}
batch 10 of 225 done, accepted = 498, rejected = 1, statuses = {"200":500}
batch 11 of 225 done, accepted = 548, rejected = 1, statuses = {"200":550}
batch 12 of 225 done, accepted = 598, rejected = 1, statuses = {"200":600}
batch 13 of 225 done, accepted = 648, rejected = 1, statuses = {"200":650}
batch 14 of 225 done, accepted = 698, rejected = 1, statuses = {"200":700}
batch 15 of 225 done, accepted = 747, rejected = 1, statuses = {"200":750}
batch 16 of 225 done, accepted = 797, rejected = 1, statuses = {"200":800}
batch 17 of 225 done, accepted = 846, rejected = 1, statuses = {"200":850}
batch 18 of 225 done, accepted = 896, rejected = 1, statuses = {"200":900}
batch 19 of 225 done, accepted = 946, rejected = 1, statuses = {"200":950}
batch 20 of 225 done, accepted = 996, rejected = 1, statuses = {"200":1000}
batch 21 of 225 done, accepted = 1046, rejected = 1, statuses = {"200":1050}
batch 22 of 225 done, accepted = 1096, rejected = 1, statuses = {"200":1100}
batch 23 of 225 done, accepted = 1146, rejected = 1, statuses = {"200":1150}
batch 24 of 225 done, accepted = 1196, rejected = 1, statuses = {"200":1200}
batch 25 of 225 done, accepted = 1246, rejected = 1, statuses = {"200":1250}
batch 26 of 225 done, accepted = 1296, rejected = 1, statuses = {"200":1300}
batch 27 of 225 done, accepted = 1346, rejected = 1, statuses = {"200":1350}
batch 28 of 225 done, accepted = 1396, rejected = 1, statuses = {"200":1400}
batch 29 of 225 done, accepted = 1446, rejected = 1, statuses = {"200":1450}
batch 30 of 225 done, accepted = 1496, rejected = 1, statuses = {"200":1500}
batch 31 of 225 done, accepted = 1546, rejected = 1, statuses = {"200":1550}
batch 32 of 225 done, accepted = 1596, rejected = 1, statuses = {"200":1600}
batch 33 of 225 done, accepted = 1646, rejected = 1, statuses = {"200":1650}
batch 34 of 225 done, accepted = 1696, rejected = 1, statuses = {"200":1700}
batch 35 of 225 done, accepted = 1746, rejected = 1, statuses = {"200":1750}
batch 36 of 225 done, accepted = 1796, rejected = 1, statuses = {"200":1800}
batch 37 of 225 done, accepted = 1846, rejected = 1, statuses = {"200":1850}
batch 38 of 225 done, accepted = 1896, rejected = 1, statuses = {"200":1900}
batch 39 of 225 done, accepted = 1946, rejected = 1, statuses = {"200":1950}
batch 40 of 225 done, accepted = 1996, rejected = 1, statuses = {"200":2000}
batch 41 of 225 done, accepted = 2046, rejected = 1, statuses = {"200":2050}
batch 42 of 225 done, accepted = 2096, rejected = 1, statuses = {"200":2100}
batch 43 of 225 done, accepted = 2146, rejected = 1, statuses = {"200":2150}
batch 44 of 225 done, accepted = 2196, rejected = 1, statuses = {"200":2200}
batch 45 of 225 done, accepted = 2246, rejected = 1, statuses = {"200":2250}
batch 46 of 225 done, accepted = 2296, rejected = 1, statuses = {"200":2300}
batch 47 of 225 done, accepted = 2346, rejected = 1, statuses = {"200":2350}
batch 48 of 225 done, accepted = 2396, rejected = 1, statuses = {"200":2400}
batch 49 of 225 done, accepted = 2446, rejected = 1, statuses = {"200":2450}
batch 50 of 225 done, accepted = 2496, rejected = 1, statuses = {"200":2500}
batch 51 of 225 done, accepted = 2546, rejected = 1, statuses = {"200":2550}
batch 52 of 225 done, accepted = 2596, rejected = 1, statuses = {"200":2600}
batch 53 of 225 done, accepted = 2646, rejected = 1, statuses = {"200":2650}
batch 54 of 225 done, accepted = 2696, rejected = 1, statuses = {"200":2700}
batch 55 of 225 done, accepted = 2745, rejected = 1, statuses = {"200":2750}
batch 56 of 225 done, accepted = 2795, rejected = 1, statuses = {"200":2800}
batch 57 of 225 done, accepted = 2845, rejected = 1, statuses = {"200":2850}
batch 58 of 225 done, accepted = 2895, rejected = 1, statuses = {"200":2900}
batch 59 of 225 done, accepted = 2945, rejected = 1, statuses = {"200":2950}
batch 60 of 225 done, accepted = 2995, rejected = 1, statuses = {"200":3000}
batch 61 of 225 done, accepted = 3045, rejected = 1, statuses = {"200":3050}
batch 62 of 225 done, accepted = 3095, rejected = 1, statuses = {"200":3100}
batch 63 of 225 done, accepted = 3145, rejected = 1, statuses = {"200":3150}
batch 64 of 225 done, accepted = 3195, rejected = 1, statuses = {"200":3200}
batch 65 of 225 done, accepted = 3244, rejected = 1, statuses = {"200":3250}
batch 66 of 225 done, accepted = 3294, rejected = 1, statuses = {"200":3300}
batch 67 of 225 done, accepted = 3344, rejected = 1, statuses = {"200":3350}
batch 68 of 225 done, accepted = 3394, rejected = 1, statuses = {"200":3400}
batch 69 of 225 done, accepted = 3444, rejected = 1, statuses = {"200":3450}
batch 70 of 225 done, accepted = 3494, rejected = 1, statuses = {"200":3500}
batch 71 of 225 done, accepted = 3544, rejected = 1, statuses = {"200":3550}
batch 72 of 225 done, accepted = 3594, rejected = 1, statuses = {"200":3600}
batch 73 of 225 done, accepted = 3643, rejected = 1, statuses = {"200":3650}
batch 74 of 225 done, accepted = 3693, rejected = 1, statuses = {"200":3700}
batch 75 of 225 done, accepted = 3743, rejected = 1, statuses = {"200":3750}
batch 76 of 225 done, accepted = 3793, rejected = 1, statuses = {"200":3800}
batch 77 of 225 done, accepted = 3843, rejected = 1, statuses = {"200":3850}
batch 78 of 225 done, accepted = 3893, rejected = 1, statuses = {"200":3900}
batch 79 of 225 done, accepted = 3943, rejected = 1, statuses = {"200":3950}
batch 80 of 225 done, accepted = 3993, rejected = 1, statuses = {"200":4000}
batch 81 of 225 done, accepted = 4043, rejected = 1, statuses = {"200":4050}
batch 82 of 225 done, accepted = 4093, rejected = 1, statuses = {"200":4100}
batch 83 of 225 done, accepted = 4143, rejected = 1, statuses = {"200":4150}
batch 84 of 225 done, accepted = 4193, rejected = 1, statuses = {"200":4200}
batch 85 of 225 done, accepted = 4241, rejected = 1, statuses = {"200":4250}
batch 86 of 225 done, accepted = 4291, rejected = 1, statuses = {"200":4300}
batch 87 of 225 done, accepted = 4341, rejected = 1, statuses = {"200":4350}
batch 88 of 225 done, accepted = 4391, rejected = 1, statuses = {"200":4400}
batch 89 of 225 done, accepted = 4441, rejected = 1, statuses = {"200":4450}
batch 90 of 225 done, accepted = 4491, rejected = 1, statuses = {"200":4500}
batch 91 of 225 done, accepted = 4540, rejected = 2, statuses = {"200":4550}
batch 92 of 225 done, accepted = 4590, rejected = 2, statuses = {"200":4600}
batch 93 of 225 done, accepted = 4639, rejected = 2, statuses = {"200":4650}
batch 94 of 225 done, accepted = 4689, rejected = 2, statuses = {"200":4700}
batch 95 of 225 done, accepted = 4739, rejected = 2, statuses = {"200":4750}
batch 96 of 225 done, accepted = 4789, rejected = 2, statuses = {"200":4800}
batch 97 of 225 done, accepted = 4839, rejected = 2, statuses = {"200":4850}
batch 98 of 225 done, accepted = 4889, rejected = 2, statuses = {"200":4900}
batch 99 of 225 done, accepted = 4938, rejected = 3, statuses = {"200":4950}
batch 100 of 225 done, accepted = 4988, rejected = 3, statuses = {"200":5000}
batch 101 of 225 done, accepted = 5037, rejected = 4, statuses = {"200":5050}
batch 102 of 225 done, accepted = 5087, rejected = 4, statuses = {"200":5100}
batch 103 of 225 done, accepted = 5137, rejected = 4, statuses = {"200":5150}
batch 104 of 225 done, accepted = 5187, rejected = 4, statuses = {"200":5200}
batch 105 of 225 done, accepted = 5237, rejected = 4, statuses = {"200":5250}
batch 106 of 225 done, accepted = 5287, rejected = 4, statuses = {"200":5300}
batch 107 of 225 done, accepted = 5337, rejected = 4, statuses = {"200":5350}
batch 108 of 225 done, accepted = 5387, rejected = 4, statuses = {"200":5400}
batch 109 of 225 done, accepted = 5436, rejected = 4, statuses = {"200":5450}
batch 110 of 225 done, accepted = 5486, rejected = 4, statuses = {"200":5500}
batch 111 of 225 done, accepted = 5536, rejected = 4, statuses = {"200":5550}
batch 112 of 225 done, accepted = 5585, rejected = 5, statuses = {"200":5600}
batch 113 of 225 done, accepted = 5635, rejected = 5, statuses = {"200":5650}
batch 114 of 225 done, accepted = 5685, rejected = 5, statuses = {"200":5700}
batch 115 of 225 done, accepted = 5735, rejected = 5, statuses = {"200":5750}
batch 116 of 225 done, accepted = 5784, rejected = 5, statuses = {"200":5800}
batch 117 of 225 done, accepted = 5834, rejected = 5, statuses = {"200":5850}
batch 118 of 225 done, accepted = 5884, rejected = 5, statuses = {"200":5900}
batch 119 of 225 done, accepted = 5934, rejected = 5, statuses = {"200":5950}
batch 120 of 225 done, accepted = 5983, rejected = 6, statuses = {"200":6000}
batch 121 of 225 done, accepted = 6033, rejected = 6, statuses = {"200":6050}
batch 122 of 225 done, accepted = 6082, rejected = 6, statuses = {"200":6100}
batch 123 of 225 done, accepted = 6132, rejected = 6, statuses = {"200":6150}
batch 124 of 225 done, accepted = 6182, rejected = 6, statuses = {"200":6200}
batch 125 of 225 done, accepted = 6231, rejected = 6, statuses = {"200":6250}
batch 126 of 225 done, accepted = 6280, rejected = 6, statuses = {"200":6300}
batch 127 of 225 done, accepted = 6330, rejected = 6, statuses = {"200":6350}
batch 128 of 225 done, accepted = 6380, rejected = 6, statuses = {"200":6400}
batch 129 of 225 done, accepted = 6430, rejected = 6, statuses = {"200":6450}
batch 130 of 225 done, accepted = 6480, rejected = 6, statuses = {"200":6500}
batch 131 of 225 done, accepted = 6530, rejected = 6, statuses = {"200":6550}
batch 132 of 225 done, accepted = 6580, rejected = 6, statuses = {"200":6600}
batch 133 of 225 done, accepted = 6630, rejected = 6, statuses = {"200":6650}
batch 134 of 225 done, accepted = 6680, rejected = 6, statuses = {"200":6700}
batch 135 of 225 done, accepted = 6730, rejected = 6, statuses = {"200":6750}
batch 136 of 225 done, accepted = 6780, rejected = 6, statuses = {"200":6800}
batch 137 of 225 done, accepted = 6830, rejected = 6, statuses = {"200":6850}
batch 138 of 225 done, accepted = 6880, rejected = 6, statuses = {"200":6900}
batch 139 of 225 done, accepted = 6930, rejected = 6, statuses = {"200":6950}
batch 140 of 225 done, accepted = 6980, rejected = 6, statuses = {"200":7000}
batch 141 of 225 done, accepted = 7030, rejected = 6, statuses = {"200":7050}
batch 142 of 225 done, accepted = 7080, rejected = 6, statuses = {"200":7100}
batch 143 of 225 done, accepted = 7130, rejected = 6, statuses = {"200":7150}
batch 144 of 225 done, accepted = 7180, rejected = 6, statuses = {"200":7200}
batch 145 of 225 done, accepted = 7230, rejected = 6, statuses = {"200":7250}
batch 146 of 225 done, accepted = 7280, rejected = 6, statuses = {"200":7300}
batch 147 of 225 done, accepted = 7330, rejected = 6, statuses = {"200":7350}
batch 148 of 225 done, accepted = 7380, rejected = 6, statuses = {"200":7400}
batch 149 of 225 done, accepted = 7430, rejected = 6, statuses = {"200":7450}
batch 150 of 225 done, accepted = 7480, rejected = 6, statuses = {"200":7500}
batch 151 of 225 done, accepted = 7530, rejected = 6, statuses = {"200":7550}
batch 152 of 225 done, accepted = 7580, rejected = 6, statuses = {"200":7600}
batch 153 of 225 done, accepted = 7630, rejected = 6, statuses = {"200":7650}
batch 154 of 225 done, accepted = 7680, rejected = 6, statuses = {"200":7700}
batch 155 of 225 done, accepted = 7727, rejected = 6, statuses = {"200":7750}
batch 156 of 225 done, accepted = 7777, rejected = 6, statuses = {"200":7800}
batch 157 of 225 done, accepted = 7827, rejected = 6, statuses = {"200":7850}
batch 158 of 225 done, accepted = 7877, rejected = 6, statuses = {"200":7900}
batch 159 of 225 done, accepted = 7927, rejected = 6, statuses = {"200":7950}
batch 160 of 225 done, accepted = 7977, rejected = 6, statuses = {"200":8000}
batch 161 of 225 done, accepted = 8027, rejected = 6, statuses = {"200":8050}
batch 162 of 225 done, accepted = 8077, rejected = 6, statuses = {"200":8100}
batch 163 of 225 done, accepted = 8127, rejected = 6, statuses = {"200":8150}
batch 164 of 225 done, accepted = 8177, rejected = 6, statuses = {"200":8200}
batch 165 of 225 done, accepted = 8227, rejected = 6, statuses = {"200":8250}
batch 166 of 225 done, accepted = 8277, rejected = 6, statuses = {"200":8300}
batch 167 of 225 done, accepted = 8326, rejected = 7, statuses = {"200":8350}
batch 168 of 225 done, accepted = 8376, rejected = 7, statuses = {"200":8400}
batch 169 of 225 done, accepted = 8426, rejected = 7, statuses = {"200":8450}
batch 170 of 225 done, accepted = 8476, rejected = 7, statuses = {"200":8500}
batch 171 of 225 done, accepted = 8526, rejected = 7, statuses = {"200":8550}
batch 172 of 225 done, accepted = 8576, rejected = 7, statuses = {"200":8600}
batch 173 of 225 done, accepted = 8626, rejected = 7, statuses = {"200":8650}
batch 174 of 225 done, accepted = 8676, rejected = 7, statuses = {"200":8700}
batch 175 of 225 done, accepted = 8725, rejected = 7, statuses = {"200":8750}
batch 176 of 225 done, accepted = 8775, rejected = 7, statuses = {"200":8800}
batch 177 of 225 done, accepted = 8825, rejected = 7, statuses = {"200":8850}
batch 178 of 225 done, accepted = 8875, rejected = 7, statuses = {"200":8900}
batch 179 of 225 done, accepted = 8925, rejected = 7, statuses = {"200":8950}
batch 180 of 225 done, accepted = 8974, rejected = 7, statuses = {"200":9000}
batch 181 of 225 done, accepted = 9024, rejected = 7, statuses = {"200":9050}
batch 182 of 225 done, accepted = 9073, rejected = 7, statuses = {"200":9100}
batch 183 of 225 done, accepted = 9123, rejected = 7, statuses = {"200":9150}
batch 184 of 225 done, accepted = 9173, rejected = 7, statuses = {"200":9200}
batch 185 of 225 done, accepted = 9222, rejected = 7, statuses = {"200":9250}
batch 186 of 225 done, accepted = 9272, rejected = 7, statuses = {"200":9300}
batch 187 of 225 done, accepted = 9322, rejected = 7, statuses = {"200":9350}
batch 188 of 225 done, accepted = 9372, rejected = 7, statuses = {"200":9400}
batch 189 of 225 done, accepted = 9422, rejected = 7, statuses = {"200":9450}
batch 190 of 225 done, accepted = 9472, rejected = 7, statuses = {"200":9500}
batch 191 of 225 done, accepted = 9522, rejected = 7, statuses = {"200":9550}
batch 192 of 225 done, accepted = 9572, rejected = 7, statuses = {"200":9600}
batch 193 of 225 done, accepted = 9622, rejected = 7, statuses = {"200":9650}
batch 194 of 225 done, accepted = 9672, rejected = 7, statuses = {"200":9700}
batch 195 of 225 done, accepted = 9722, rejected = 7, statuses = {"200":9750}
batch 196 of 225 done, accepted = 9772, rejected = 7, statuses = {"200":9800}
batch 197 of 225 done, accepted = 9822, rejected = 7, statuses = {"200":9850}
batch 198 of 225 done, accepted = 9872, rejected = 7, statuses = {"200":9900}
batch 199 of 225 done, accepted = 9922, rejected = 7, statuses = {"200":9950}
batch 200 of 225 done, accepted = 9972, rejected = 7, statuses = {"200":10000}
batch 201 of 225 done, accepted = 10022, rejected = 7, statuses = {"200":10050}
batch 202 of 225 done, accepted = 10072, rejected = 7, statuses = {"200":10100}
batch 203 of 225 done, accepted = 10122, rejected = 7, statuses = {"200":10150}
batch 204 of 225 done, accepted = 10172, rejected = 7, statuses = {"200":10200}
batch 205 of 225 done, accepted = 10222, rejected = 7, statuses = {"200":10250}
batch 206 of 225 done, accepted = 10272, rejected = 7, statuses = {"200":10300}
batch 207 of 225 done, accepted = 10322, rejected = 7, statuses = {"200":10350}
batch 208 of 225 done, accepted = 10372, rejected = 7, statuses = {"200":10400}
batch 209 of 225 done, accepted = 10422, rejected = 7, statuses = {"200":10450}
batch 210 of 225 done, accepted = 10472, rejected = 7, statuses = {"200":10500}
batch 211 of 225 done, accepted = 10522, rejected = 7, statuses = {"200":10550}
batch 212 of 225 done, accepted = 10572, rejected = 7, statuses = {"200":10600}
batch 213 of 225 done, accepted = 10622, rejected = 7, statuses = {"200":10650}
batch 214 of 225 done, accepted = 10672, rejected = 7, statuses = {"200":10700}
batch 215 of 225 done, accepted = 10722, rejected = 7, statuses = {"200":10750}
batch 216 of 225 done, accepted = 10772, rejected = 7, statuses = {"200":10800}
batch 217 of 225 done, accepted = 10822, rejected = 7, statuses = {"200":10850}
batch 218 of 225 done, accepted = 10872, rejected = 7, statuses = {"200":10900}
batch 219 of 225 done, accepted = 10922, rejected = 7, statuses = {"200":10950}
batch 220 of 225 done, accepted = 10972, rejected = 7, statuses = {"200":11000}
batch 221 of 225 done, accepted = 11022, rejected = 7, statuses = {"200":11050}
batch 222 of 225 done, accepted = 11072, rejected = 7, statuses = {"200":11100}
batch 223 of 225 done, accepted = 11122, rejected = 7, statuses = {"200":11150}
batch 224 of 225 done, accepted = 11172, rejected = 7, statuses = {"200":11200}
batch 225 of 225 done, accepted = 11175, rejected = 7, statuses = {"200":11203}
Rejection 0: {"request":{"entries":[{"client":"+573025885457","campaignName":"api lead 10 es v0","variables":{"name":"","sku_1":"Vitamina C Naranja - Cebión - Caja 40 tab.","dsct_1":"20%","img_1":"https://chiper-old-imgs.imgix.net/app/7500435197397-BkWQIZsZno-R.png?w=800&h=400&fit=fill&bg=white","sku_2":"Jabón Banana Y Aguacate - Palmolive - Barra 110 g","dsct_2":"14%","img_2":"https://chiper-old-imgs.imgix.net/app/7509546683652-frente-banano-y-avocadoz-BkuD8Dx83-R.png?w=800&h=400&fit=fill&bg=white","sku_3":"Suavizante dulce placer fresa y chocolate - Suavitel - Doypack 430 ml","dsct_3":"3%","img_3":"https://chiper-old-imgs.imgix.net/app/7702010282751-skoaeypss-m-rkRnVecHR-R.png?w=800&h=400&fit=fill&bg=white","sku_4":"Jabón Carbón - Palmolive - Barra 110 g","dsct_4":"14%","img_4":"https://chiper-old-imgs.imgix.net/app/7509546676951-frente-carbona-rkD-wDeI3-R.png?w=800&h=400&fit=fill&bg=white","sku_5":"Jabón Duo Protect - Protex - Barra 110 g","dsct_5":"16%","img_5":"https://chiper-old-imgs.imgix.net/app/7702010097966-HJC826MqJl-R.png?w=800&h=400&fit=fill&bg=white","path_1":"Np1f?utm_source=connectly-campaign&utm_medium=164&utm_content=b7a2ffe6-441c-4823-8dd5-0d9f4b9503e2&utm_campaign=2_1377_WA_1_Mar14_ot_Lead_API-Lead-10-es-v0&utm_term=140325","path_2":"BDKH?utm_source=connectly-campaign&utm_medium=164&utm_content=b7a2ffe6-441c-4823-8dd5-0d9f4b9503e2&utm_campaign=2_1377_WA_1_Mar14_ot_Lead_API-Lead-10-es-v0&utm_term=140325","path_3":"KB74?utm_source=connectly-campaign&utm_medium=164&utm_content=b7a2ffe6-441c-4823-8dd5-0d9f4b9503e2&utm_campaign=2_1377_WA_1_Mar14_ot_Lead_API-Lead-10-es-v0&utm_term=140325","path_4":"9A6Q?utm_source=connectly-campaign&utm_medium=164&utm_content=b7a2ffe6-441c-4823-8dd5-0d9f4b9503e2&utm_campaign=2_1377_WA_1_Mar14_ot_Lead_API-Lead-10-es-v0&utm_term=140325","path_5":"9BdB?utm_source=connectly-campaign&utm_medium=164&utm_content=b7a2ffe6-441c-4823-8dd5-0d9f4b9503e2&utm_campaign=2_1377_WA_1_Mar14_ot_Lead_API-Lead-10-es-v0&utm_term=140325"}}]},"response":[{"campaignId":"57f1fca3-85cb-4194-8481-9a9ccefd4262","campaignName":"api lead 10 es v0","campaignVersion":"019595f8-b2b3-f0fb-4daa-8f12eb3f6cb4","sendoutId":"4d64eddc-a60c-42c8-b335-86867c723488","status":"error","acceptedCount":0,"rejectedCount":1,"error":{"message":"Campaign entry is invalid","type":"ERROR_TYPE_INVALID_ARGUMENT","code":"ERROR_CODE_CAMPAIGN_ENTRY_INVALID","userTitle":"Campaign entry is invalid","userMessage":"Please check the inputs to the campaign entry."}}]}
Rejection 1: {"request":{"entries":[{"client":"+57320768","campaignName":"api lead 10 es v0","variables":{"name":"Andrey","sku_1":"Harina De Trigo - Haz De Oros - Bolsa 2500 g","dsct_1":"4%","img_1":"https://chiper-old-imgs.imgix.net/app/7702020011204_a-1-By7ywqh6a-R.png?w=800&h=400&fit=fill&bg=white","sku_2":"Cereal Froot Loops - Froot Loops - Paquete 25 g","dsct_2":"2%","img_2":"https://chiper-old-imgs.imgix.net/app/2103012557_fl-240x25g-dw2-np-col_k234903000_fp-photoroom-ry9rvnzua-m-r18qJMvUR-R.png?w=800&h=400&fit=fill&bg=white","sku_3":"Shampoo original - Johnsons Baby - Display x12 Sachets 25 ml","dsct_3":"21%","img_3":"https://chiper-old-imgs.imgix.net/app/7702031363972-SkwzVibhs-R.png?w=800&h=400&fit=fill&bg=white","sku_4":"Brownie Chocolate Mama-Ia - Mama-Ia - Unidad 70 g","dsct_4":"10%","img_4":"https://chiper-old-imgs.imgix.net/app/7702020101813-photoroom-BkBiFnre0-R.png?w=800&h=400&fit=fill&bg=white","sku_5":"Alimento Para Gatos Adultos Carne y Pollo Primavera Pague 15 Lleve 17kg - Gatsy - Bulto 17 kg","dsct_5":"1%","img_5":"https://chiper-old-imgs.imgix.net/app/57202473916am_gatsy_adt_pollo_y_carne_17kg_pr17-15_co-photoroom-Sk68PitIC-R.png?w=800&h=400&fit=fill&bg=white","path_1":"rDHZ?utm_source=connectly-campaign&utm_medium=164&utm_content=b7a2ffe6-441c-4823-8dd5-0d9f4b9503e2&utm_campaign=1_1377_WA_1_Mar14_ot_Lead_API-Lead-10-es-v0&utm_term=140325","path_2":"eS2t?utm_source=connectly-campaign&utm_medium=164&utm_content=b7a2ffe6-441c-4823-8dd5-0d9f4b9503e2&utm_campaign=1_1377_WA_1_Mar14_ot_Lead_API-Lead-10-es-v0&utm_term=140325","path_3":"6p6X?utm_source=connectly-campaign&utm_medium=164&utm_content=b7a2ffe6-441c-4823-8dd5-0d9f4b9503e2&utm_campaign=1_1377_WA_1_Mar14_ot_Lead_API-Lead-10-es-v0&utm_term=140325","path_4":"mKb5?utm_source=connectly-campaign&utm_medium=164&utm_content=b7a2ffe6-441c-4823-8dd5-0d9f4b9503e2&utm_campaign=1_1377_WA_1_Mar14_ot_Lead_API-Lead-10-es-v0&utm_term=140325","path_5":"Krhk?utm_source=connectly-campaign&utm_medium=164&utm_content=b7a2ffe6-441c-4823-8dd5-0d9f4b9503e2&utm_campaign=1_1377_WA_1_Mar14_ot_Lead_API-Lead-10-es-v0&utm_term=140325"}}]},"response":[{"campaignId":null,"campaignName":"","campaignVersion":null,"sendoutId":null,"status":"error","acceptedCount":0,"rejectedCount":0,"error":{"message":"Client in entry is missing or invalid","type":"ERROR_TYPE_INVALID_ARGUMENT","code":"ERROR_CODE_CAMPAIGN_ENTRY_CLIENT_INVALID","userTitle":"Client in entry is missing or invalid","userMessage":"Please check the client paramter in the campaign entry."}}]}
Rejection 2: {"request":{"entries":[{"client":"+57315","campaignName":"api lead 10 es v0","variables":{"name":"Javier","sku_1":"Shampoo original - Johnsons Baby - Display x12 Sachets 25 ml","dsct_1":"21%","img_1":"https://chiper-old-imgs.imgix.net/app/7702031363972-SkwzVibhs-R.png?w=800&h=400&fit=fill&bg=white","sku_2":"Aceite de Girasol - Premier - Botella 500 ml","dsct_2":"20%","img_2":"https://chiper-old-imgs.imgix.net/app/7701018007212-photoroom-rJ-7G6LbC-R.png?w=800&h=400&fit=fill&bg=white","sku_3":"Alimento Humedo Para Gatitos - Whiskas - Sobre 85 g","dsct_3":"2%","img_3":"https://chiper-old-imgs.imgix.net/app/706460241662-1-ryAmRjDgp-R.png?w=800&h=400&fit=fill&bg=white","sku_4":"Aceite De Girasol - Oleocali - Botella PET 3 l","dsct_4":"20%","img_4":"https://chiper-old-imgs.imgix.net/app/7701018063348-rkly-NiWhs-R.png?w=800&h=400&fit=fill&bg=white","sku_5":"Cereal Mix - Zucaritas - Paquete 120 g","dsct_5":"1%","img_5":"https://chiper-old-imgs.imgix.net/app/kellogs_zuc_mix_col_120g_hero-photoroom-1-B1pjDmpq0-R.png?w=800&h=400&fit=fill&bg=white","path_1":"a6Qq?utm_source=connectly-campaign&utm_medium=164&utm_content=b7a2ffe6-441c-4823-8dd5-0d9f4b9503e2&utm_campaign=7_1377_WA_1_Mar14_ot_Lead_API-Lead-10-es-v0&utm_term=140325","path_2":"zUDp?utm_source=connectly-campaign&utm_medium=164&utm_content=b7a2ffe6-441c-4823-8dd5-0d9f4b9503e2&utm_campaign=7_1377_WA_1_Mar14_ot_Lead_API-Lead-10-es-v0&utm_term=140325","path_3":"8iME?utm_source=connectly-campaign&utm_medium=164&utm_content=b7a2ffe6-441c-4823-8dd5-0d9f4b9503e2&utm_campaign=7_1377_WA_1_Mar14_ot_Lead_API-Lead-10-es-v0&utm_term=140325","path_4":"94Qk?utm_source=connectly-campaign&utm_medium=164&utm_content=b7a2ffe6-441c-4823-8dd5-0d9f4b9503e2&utm_campaign=7_1377_WA_1_Mar14_ot_Lead_API-Lead-10-es-v0&utm_term=140325","path_5":"5Y8s?utm_source=connectly-campaign&utm_medium=164&utm_content=b7a2ffe6-441c-4823-8dd5-0d9f4b9503e2&utm_campaign=7_1377_WA_1_Mar14_ot_Lead_API-Lead-10-es-v0&utm_term=140325"}}]},"response":[{"campaignId":null,"campaignName":"","campaignVersion":null,"sendoutId":null,"status":"error","acceptedCount":0,"rejectedCount":0,"error":{"message":"Client in entry is missing or invalid","type":"ERROR_TYPE_INVALID_ARGUMENT","code":"ERROR_CODE_CAMPAIGN_ENTRY_CLIENT_INVALID","userTitle":"Client in entry is missing or invalid","userMessage":"Please check the client paramter in the campaign entry."}}]}
Rejection 3: {"request":{"entries":[{"client":"+571799555599","campaignName":"api lead 10 es v0","variables":{"name":"Qa","sku_1":"Aderezo De Mostaza - San Jorge - Doypack 100 g","dsct_1":"5%","img_1":"https://chiper-old-imgs.imgix.net/app/7702014924008-Sy3bZeV4T-R.png?w=800&h=400&fit=fill&bg=white","sku_2":"Cereal Froot Loops - Froot Loops - Paquete 25 g","dsct_2":"2%","img_2":"https://chiper-old-imgs.imgix.net/app/2103012557_fl-240x25g-dw2-np-col_k234903000_fp-photoroom-ry9rvnzua-m-r18qJMvUR-R.png?w=800&h=400&fit=fill&bg=white","sku_3":"Bebida De Té Sabor a Sandía - Ekii - Botella 400 ml","dsct_3":"30%","img_3":"https://chiper-old-imgs.imgix.net/app/7709825110187-sandia-sklwpp8m0-m-photoroom-H17gTXQDR-R.png?w=800&h=400&fit=fill&bg=white","sku_4":"Alimento Para Perros Medianos Y Grandes Dog Chow Sin Colorantes X 22.7Kg - Dog Chow - Bulto 22 kg","dsct_4":"2%","img_4":"https://chiper-old-imgs.imgix.net/app/9282023121150pm_7702521106751_1-photoroom-HyLO_iFUC-R.png?w=800&h=400&fit=fill&bg=white","sku_5":"Toalla Higiénica Especial Sin Alas - Stayfree - Paquete 12 uds.","dsct_5":"30%","img_5":"https://chiper-old-imgs.imgix.net/app/7702031800699-HkjfEo-2s-R.png?w=800&h=400&fit=fill&bg=white","path_1":"DmfV?utm_source=connectly-campaign&utm_medium=164&utm_content=b7a2ffe6-441c-4823-8dd5-0d9f4b9503e2&utm_campaign=1_1377_WA_1_Mar14_ot_Lead_API-Lead-10-es-v0&utm_term=140325","path_2":"eS2t?utm_source=connectly-campaign&utm_medium=164&utm_content=b7a2ffe6-441c-4823-8dd5-0d9f4b9503e2&utm_campaign=1_1377_WA_1_Mar14_ot_Lead_API-Lead-10-es-v0&utm_term=140325","path_3":"bce5?utm_source=connectly-campaign&utm_medium=164&utm_content=b7a2ffe6-441c-4823-8dd5-0d9f4b9503e2&utm_campaign=1_1377_WA_1_Mar14_ot_Lead_API-Lead-10-es-v0&utm_term=140325","path_4":"D4At?utm_source=connectly-campaign&utm_medium=164&utm_content=b7a2ffe6-441c-4823-8dd5-0d9f4b9503e2&utm_campaign=1_1377_WA_1_Mar14_ot_Lead_API-Lead-10-es-v0&utm_term=140325","path_5":"QqhH?utm_source=connectly-campaign&utm_medium=164&utm_content=b7a2ffe6-441c-4823-8dd5-0d9f4b9503e2&utm_campaign=1_1377_WA_1_Mar14_ot_Lead_API-Lead-10-es-v0&utm_term=140325"}}]},"response":[{"campaignId":null,"campaignName":"","campaignVersion":null,"sendoutId":null,"status":"error","acceptedCount":0,"rejectedCount":0,"error":{"message":"Client in entry is missing or invalid","type":"ERROR_TYPE_INVALID_ARGUMENT","code":"ERROR_CODE_CAMPAIGN_ENTRY_CLIENT_INVALID","userTitle":"Client in entry is missing or invalid","userMessage":"Please check the client paramter in the campaign entry."}}]}
Rejection 4: {"request":{"entries":[{"client":"+57301279219","campaignName":"api lead 10 es v0","variables":{"name":"Gildardo","sku_1":"Toalla Higiénica Ultra Delgada Con Alas - Stayfree - Paquete 12 uds.","dsct_1":"30%","img_1":"https://chiper-old-imgs.imgix.net/app/7702031414889-r1gHQA3Bns-R.png?w=800&h=400&fit=fill&bg=white","sku_2":"Pasta Tipo Spaguetti - La Muñeca - Paquete 250 g","dsct_2":"20%","img_2":"https://chiper-old-imgs.imgix.net/app/7702020112017-BJu1JfOs6-R.png?w=800&h=400&fit=fill&bg=white","sku_3":"Tampón Original Super - Ob - Paquete 8 uds.","dsct_3":"30%","img_3":"https://chiper-old-imgs.imgix.net/app/7891010254780-Hyhtc36c2-R.png?w=800&h=400&fit=fill&bg=white","sku_4":"Gaseosa Ginger Ale - Schweppes - Botella PET 400 ml","dsct_4":"2%","img_4":"https://chiper-old-imgs.imgix.net/app/7702535010273-rJRXRnB2s-R.png?w=800&h=400&fit=fill&bg=white","sku_5":"Gaseosa De Toronja - Quatro - Botella pet 3000 ml","dsct_5":"6%","img_5":"https://chiper-old-imgs.imgix.net/app/7702535005903-SJgmOOpii-R.png?w=800&h=400&fit=fill&bg=white","path_1":"aJxC?utm_source=connectly-campaign&utm_medium=164&utm_content=b7a2ffe6-441c-4823-8dd5-0d9f4b9503e2&utm_campaign=1_1377_WA_1_Mar14_ot_Lead_API-Lead-10-es-v0&utm_term=140325","path_2":"mxP4?utm_source=connectly-campaign&utm_medium=164&utm_content=b7a2ffe6-441c-4823-8dd5-0d9f4b9503e2&utm_campaign=1_1377_WA_1_Mar14_ot_Lead_API-Lead-10-es-v0&utm_term=140325","path_3":"tYcW?utm_source=connectly-campaign&utm_medium=164&utm_content=b7a2ffe6-441c-4823-8dd5-0d9f4b9503e2&utm_campaign=1_1377_WA_1_Mar14_ot_Lead_API-Lead-10-es-v0&utm_term=140325","path_4":"LjFU?utm_source=connectly-campaign&utm_medium=164&utm_content=b7a2ffe6-441c-4823-8dd5-0d9f4b9503e2&utm_campaign=1_1377_WA_1_Mar14_ot_Lead_API-Lead-10-es-v0&utm_term=140325","path_5":"qi46?utm_source=connectly-campaign&utm_medium=164&utm_content=b7a2ffe6-441c-4823-8dd5-0d9f4b9503e2&utm_campaign=1_1377_WA_1_Mar14_ot_Lead_API-Lead-10-es-v0&utm_term=140325"}}]},"response":[{"campaignId":null,"campaignName":"","campaignVersion":null,"sendoutId":null,"status":"error","acceptedCount":0,"rejectedCount":0,"error":{"message":"Client in entry is missing or invalid","type":"ERROR_TYPE_INVALID_ARGUMENT","code":"ERROR_CODE_CAMPAIGN_ENTRY_CLIENT_INVALID","userTitle":"Client in entry is missing or invalid","userMessage":"Please check the client paramter in the campaign entry."}}]}
Rejection 5: {"request":{"entries":[{"client":"+576456278561","campaignName":"api lead 10 es v0","variables":{"name":"Test","sku_1":"Cereal Mix - Zucaritas - Paquete 30 g","dsct_1":"1%","img_1":"https://chiper-old-imgs.imgix.net/app/kellogs_zuc_col_30g_hero-photoroom-rymU_Xp5C-R.png?w=800&h=400&fit=fill&bg=white","sku_2":"Detergente en polvo regular - Ariel - Bolsa 1 kg","dsct_2":"4%","img_2":"https://chiper-old-imgs.imgix.net/app/7500435112413-s1au6gedo-m-SyB7CLWon-R.png?w=800&h=400&fit=fill&bg=white","sku_3":"Agua Saborizada Manzana - Brisa - Botella pet 600 ml","dsct_3":"5%","img_3":"https://chiper-old-imgs.imgix.net/app/7702535013212-By47gYaij-R.png?w=800&h=400&fit=fill&bg=white","sku_4":"Bebida Energizante - Volt - Botella PET 300 ml","dsct_4":"1%","img_4":"https://chiper-old-imgs.imgix.net/app/7709947664513-volt-300_realmadrid_cncuellod-photoroom-BkoXvKbNA-R.png?w=800&h=400&fit=fill&bg=white","sku_5":"Gaseosa Manzana - Big - Botella pet 400 ml","dsct_5":"5%","img_5":"https://chiper-old-imgs.imgix.net/app/7707244560279-manzana-400ml-sellos-photoroom-B1Hvle1oC-R.png?w=800&h=400&fit=fill&bg=white","path_1":"FTPB?utm_source=connectly-campaign&utm_medium=164&utm_content=b7a2ffe6-441c-4823-8dd5-0d9f4b9503e2&utm_campaign=1_1377_WA_1_Mar14_ot_Lead_API-Lead-10-es-v0&utm_term=140325","path_2":"yRmR?utm_source=connectly-campaign&utm_medium=164&utm_content=b7a2ffe6-441c-4823-8dd5-0d9f4b9503e2&utm_campaign=1_1377_WA_1_Mar14_ot_Lead_API-Lead-10-es-v0&utm_term=140325","path_3":"sfPk?utm_source=connectly-campaign&utm_medium=164&utm_content=b7a2ffe6-441c-4823-8dd5-0d9f4b9503e2&utm_campaign=1_1377_WA_1_Mar14_ot_Lead_API-Lead-10-es-v0&utm_term=140325","path_4":"4C8k?utm_source=connectly-campaign&utm_medium=164&utm_content=b7a2ffe6-441c-4823-8dd5-0d9f4b9503e2&utm_campaign=1_1377_WA_1_Mar14_ot_Lead_API-Lead-10-es-v0&utm_term=140325","path_5":"AV9b?utm_source=connectly-campaign&utm_medium=164&utm_content=b7a2ffe6-441c-4823-8dd5-0d9f4b9503e2&utm_campaign=1_1377_WA_1_Mar14_ot_Lead_API-Lead-10-es-v0&utm_term=140325"}}]},"response":[{"campaignId":null,"campaignName":"","campaignVersion":null,"sendoutId":null,"status":"error","acceptedCount":0,"rejectedCount":0,"error":{"message":"Client in entry is missing or invalid","type":"ERROR_TYPE_INVALID_ARGUMENT","code":"ERROR_CODE_CAMPAIGN_ENTRY_CLIENT_INVALID","userTitle":"Client in entry is missing or invalid","userMessage":"Please check the client paramter in the campaign entry."}}]}
Rejection 6: {"request":{"entries":[{"client":"+575545454545","campaignName":"api lead 10 es v0","variables":{"name":"Marshall","sku_1":"Cereal Megapaketicos - Zucaritas Kellogg's - Paquete 115 g","dsct_1":"2%","img_1":"https://chiper-old-imgs.imgix.net/app/7702103921833-H1pzlFTos-R.png?w=800&h=400&fit=fill&bg=white","sku_2":"Bebida De Té Sabor a Fresa-limón - Ekii - Botella 400 ml","dsct_2":"30%","img_2":"https://chiper-old-imgs.imgix.net/app/7709825110163-fresa-limon-bktekoum0-m-photoroom4-r1Ush7mDA-R.png?w=800&h=400&fit=fill&bg=white","sku_3":"Bebida De Té Manzana Verde Ginger - Ekii Bubbles - Botella 207 ml","dsct_3":"30%","img_3":"https://chiper-old-imgs.imgix.net/app/7709825110156-manzana-HJJu3_IfR-R.png?w=800&h=400&fit=fill&bg=white","sku_4":"Pasta Tipo Macarroncito - San Remo - Paquete 250 g","dsct_4":"25%","img_4":"https://chiper-old-imgs.imgix.net/app/427359-4144-pasta-san-remo-macarroncito-250g-photoroom-rk8dWBr0T-R.png?w=800&h=400&fit=fill&bg=white","sku_5":"Papas original - Pringles - Tarro 37 g","dsct_5":"15%","img_5":"https://chiper-old-imgs.imgix.net/app/038000846731-ryQ1_2TMn-R.png?w=800&h=400&fit=fill&bg=white","path_1":"7Acu?utm_source=connectly-campaign&utm_medium=164&utm_content=b7a2ffe6-441c-4823-8dd5-0d9f4b9503e2&utm_campaign=1_1377_WA_1_Mar14_ot_Lead_API-Lead-10-es-v0&utm_term=140325","path_2":"X78T?utm_source=connectly-campaign&utm_medium=164&utm_content=b7a2ffe6-441c-4823-8dd5-0d9f4b9503e2&utm_campaign=1_1377_WA_1_Mar14_ot_Lead_API-Lead-10-es-v0&utm_term=140325","path_3":"KYnD?utm_source=connectly-campaign&utm_medium=164&utm_content=b7a2ffe6-441c-4823-8dd5-0d9f4b9503e2&utm_campaign=1_1377_WA_1_Mar14_ot_Lead_API-Lead-10-es-v0&utm_term=140325","path_4":"1mJ5?utm_source=connectly-campaign&utm_medium=164&utm_content=b7a2ffe6-441c-4823-8dd5-0d9f4b9503e2&utm_campaign=1_1377_WA_1_Mar14_ot_Lead_API-Lead-10-es-v0&utm_term=140325","path_5":"yyvo?utm_source=connectly-campaign&utm_medium=164&utm_content=b7a2ffe6-441c-4823-8dd5-0d9f4b9503e2&utm_campaign=1_1377_WA_1_Mar14_ot_Lead_API-Lead-10-es-v0&utm_term=140325"}}]},"response":[{"campaignId":null,"campaignName":"","campaignVersion":null,"sendoutId":null,"status":"error","acceptedCount":0,"rejectedCount":0,"error":{"message":"Client in entry is missing or invalid","type":"ERROR_TYPE_INVALID_ARGUMENT","code":"ERROR_CODE_CAMPAIGN_ENTRY_CLIENT_INVALID","userTitle":"Client in entry is missing or invalid","userMessage":"Please check the client paramter in the campaign entry."}}]}
Rejection 7: {"request":{"entries":[{"client":"+57311879648","campaignName":"api lead 10 es v0","variables":{"name":"Emilse","sku_1":"Mr Musculo Tanque Azul 3Pack Mini Blister - Mr Músculo - Pastilla 3 uds.","dsct_1":"8%","img_1":"https://chiper-old-imgs.imgix.net/app/7591005996939-SkccDh_ep-R.png?w=800&h=400&fit=fill&bg=white","sku_2":"Ambientador Aerosol Lavanda - Glade - Lata 400 ml","dsct_2":"8%","img_2":"https://chiper-old-imgs.imgix.net/app/7501032938215_1-B1DAsBcG3-R.png?w=800&h=400&fit=fill&bg=white","sku_3":"Six Pack Cerveza Light - Andina - Lata 310 ml","dsct_3":"10%","img_3":"https://chiper-old-imgs.imgix.net/app/7707430872476-andina-light-sixpack-310-photoroom-HkPxVx9L0-R.png?w=800&h=400&fit=fill&bg=white","sku_4":"Jugo De Manzana Nectar - Pulp - Botella pet 1500 ml","dsct_4":"1%","img_4":"https://chiper-old-imgs.imgix.net/app/7708092371895-pulp-mzn-1500ml_sellos-photoroom-B1Xq8zGsR-R.png?w=800&h=400&fit=fill&bg=white","sku_5":"Shampoo Menta Extra Refrescante Anti Comezón - Head & Shoulders - Sachet 15 ml","dsct_5":"8%","img_5":"https://chiper-old-imgs.imgix.net/app/7500435247696-photoroom-1-rya8TDtiC-R.png?w=800&h=400&fit=fill&bg=white","path_1":"jvLw?utm_source=connectly-campaign&utm_medium=164&utm_content=b7a2ffe6-441c-4823-8dd5-0d9f4b9503e2&utm_campaign=1_1377_WA_1_Mar14_ot_Lead_API-Lead-10-es-v0&utm_term=140325","path_2":"yCkS?utm_source=connectly-campaign&utm_medium=164&utm_content=b7a2ffe6-441c-4823-8dd5-0d9f4b9503e2&utm_campaign=1_1377_WA_1_Mar14_ot_Lead_API-Lead-10-es-v0&utm_term=140325","path_3":"hf4h?utm_source=connectly-campaign&utm_medium=164&utm_content=b7a2ffe6-441c-4823-8dd5-0d9f4b9503e2&utm_campaign=1_1377_WA_1_Mar14_ot_Lead_API-Lead-10-es-v0&utm_term=140325","path_4":"fVyL?utm_source=connectly-campaign&utm_medium=164&utm_content=b7a2ffe6-441c-4823-8dd5-0d9f4b9503e2&utm_campaign=1_1377_WA_1_Mar14_ot_Lead_API-Lead-10-es-v0&utm_term=140325","path_5":"pWJL?utm_source=connectly-campaign&utm_medium=164&utm_content=b7a2ffe6-441c-4823-8dd5-0d9f4b9503e2&utm_campaign=1_1377_WA_1_Mar14_ot_Lead_API-Lead-10-es-v0&utm_term=140325"}}]},"response":[{"campaignId":null,"campaignName":"","campaignVersion":null,"sendoutId":null,"status":"error","acceptedCount":0,"rejectedCount":0,"error":{"message":"Client in entry is missing or invalid","type":"ERROR_TYPE_INVALID_ARGUMENT","code":"ERROR_CODE_CAMPAIGN_ENTRY_CLIENT_INVALID","userTitle":"Client in entry is missing or invalid","userMessage":"Please check the client paramter in the campaign entry."}}]}
Rejection 8: {"request":{"entries":[{"client":"+57322865","campaignName":"api lead 10 es v0","variables":{"name":"Maicol","sku_1":"Detergente en polvo - Ariel Revitacolor - Unidad 450 g","dsct_1":"6%","img_1":"https://chiper-old-imgs.imgix.net/app/7500435160179-rj4u3flps-m-BJL3AL-s2-R.png?w=800&h=400&fit=fill&bg=white","sku_2":"Cereal Edicion ot Wheels - Kellogg´s - Paquete 75 g","dsct_2":"12%","img_2":"https://chiper-old-imgs.imgix.net/app/render-hot-wheels-75g-col_front-photoroom-H19aHu5zA-R.png?w=800&h=400&fit=fill&bg=white","sku_3":"Arroz Blanco - Buen Grano - Bolsa 454 g","dsct_3":"1%","img_3":"https://chiper-old-imgs.imgix.net/app/arroz-blanco-arroz-buengrano-454-gr-3487480_a-h16qwxlpt-m1-SJXzl2PV0-R.png?w=800&h=400&fit=fill&bg=white","sku_4":"Alimento Para Gatos Adulto Pescado y Salmon Primavera Especial - Gatsy - Paquete 500 g","dsct_4":"1%","img_4":"https://chiper-old-imgs.imgix.net/app/1213202384532am_22228__gatsy_adt_pescado_y_salmon_500g_44347544_front-photoroom-1-S1pM9CTyR-R.png?w=800&h=400&fit=fill&bg=white","sku_5":"Shampoo Menta Extra Refrescante Anti Comezón - Head & Shoulders - Sachet 15 ml","dsct_5":"8%","img_5":"https://chiper-old-imgs.imgix.net/app/7500435247696-photoroom-1-rya8TDtiC-R.png?w=800&h=400&fit=fill&bg=white","path_1":"CTUj?utm_source=connectly-campaign&utm_medium=164&utm_content=b7a2ffe6-441c-4823-8dd5-0d9f4b9503e2&utm_campaign=1_1377_WA_1_Mar14_ot_Lead_API-Lead-10-es-v0&utm_term=140325","path_2":"Dkzw?utm_source=connectly-campaign&utm_medium=164&utm_content=b7a2ffe6-441c-4823-8dd5-0d9f4b9503e2&utm_campaign=1_1377_WA_1_Mar14_ot_Lead_API-Lead-10-es-v0&utm_term=140325","path_3":"h3zy?utm_source=connectly-campaign&utm_medium=164&utm_content=b7a2ffe6-441c-4823-8dd5-0d9f4b9503e2&utm_campaign=1_1377_WA_1_Mar14_ot_Lead_API-Lead-10-es-v0&utm_term=140325","path_4":"X5sa?utm_source=connectly-campaign&utm_medium=164&utm_content=b7a2ffe6-441c-4823-8dd5-0d9f4b9503e2&utm_campaign=1_1377_WA_1_Mar14_ot_Lead_API-Lead-10-es-v0&utm_term=140325","path_5":"pWJL?utm_source=connectly-campaign&utm_medium=164&utm_content=b7a2ffe6-441c-4823-8dd5-0d9f4b9503e2&utm_campaign=1_1377_WA_1_Mar14_ot_Lead_API-Lead-10-es-v0&utm_term=140325"}}]},"response":[{"campaignId":null,"campaignName":"","campaignVersion":null,"sendoutId":null,"status":"error","acceptedCount":0,"rejectedCount":0,"error":{"message":"Client in entry is missing or invalid","type":"ERROR_TYPE_INVALID_ARGUMENT","code":"ERROR_CODE_CAMPAIGN_ENTRY_CLIENT_INVALID","userTitle":"Client in entry is missing or invalid","userMessage":"Please check the client paramter in the campaign entry."}}]}
Rejection 9: {"request":{"entries":[{"client":"+573058793344","campaignName":"api lead 10 es v0","variables":{"name":"","sku_1":"Harina De Trigo - Haz De Oros - Bolsa 1 kg","dsct_1":"4%","img_1":"https://chiper-old-imgs.imgix.net/app/7702020011211-rysDgM_j6-R.png?w=800&h=400&fit=fill&bg=white","sku_2":"Gaseosa Negra - Big - Botella pet 3020 ml","dsct_2":"2%","img_2":"https://chiper-old-imgs.imgix.net/app/7707244561597-and-7750670003537-cola-3020ml-sellos-photoroom-By09KMziR-R.png?w=800&h=400&fit=fill&bg=white","sku_3":"Mayonesa Sobres 85g - San Jorge - Caja 12 uds.","dsct_3":"6%","img_3":"https://chiper-old-imgs.imgix.net/app/7702014907599-SJqeyHp8a-R.png?w=800&h=400&fit=fill&bg=white","sku_4":"Gaseosa Festival - Big - Botella PET 400 ml","dsct_4":"4%","img_4":"https://chiper-old-imgs.imgix.net/app/7707244560286-festival-400ml-sellos-photoroom-ByoqczMsC-R.png?w=800&h=400&fit=fill&bg=white","sku_5":"Cereal - Froot Loops - Bolsa 250 g","dsct_5":"13%","img_5":"https://chiper-old-imgs.imgix.net/app/whatsapp-image-2024-08-06-at-114917-am-1-Hyx8DgT90-R.png?w=800&h=400&fit=fill&bg=white","path_1":"BWus?utm_source=connectly-campaign&utm_medium=164&utm_content=b7a2ffe6-441c-4823-8dd5-0d9f4b9503e2&utm_campaign=1_1377_WA_1_Mar14_ot_Lead_API-Lead-10-es-v0&utm_term=140325","path_2":"8bD8?utm_source=connectly-campaign&utm_medium=164&utm_content=b7a2ffe6-441c-4823-8dd5-0d9f4b9503e2&utm_campaign=1_1377_WA_1_Mar14_ot_Lead_API-Lead-10-es-v0&utm_term=140325","path_3":"wTaQ?utm_source=connectly-campaign&utm_medium=164&utm_content=b7a2ffe6-441c-4823-8dd5-0d9f4b9503e2&utm_campaign=1_1377_WA_1_Mar14_ot_Lead_API-Lead-10-es-v0&utm_term=140325","path_4":"zQuB?utm_source=connectly-campaign&utm_medium=164&utm_content=b7a2ffe6-441c-4823-8dd5-0d9f4b9503e2&utm_campaign=1_1377_WA_1_Mar14_ot_Lead_API-Lead-10-es-v0&utm_term=140325","path_5":"JzWK?utm_source=connectly-campaign&utm_medium=164&utm_content=b7a2ffe6-441c-4823-8dd5-0d9f4b9503e2&utm_campaign=1_1377_WA_1_Mar14_ot_Lead_API-Lead-10-es-v0&utm_term=140325"}}]},"response":[{"campaignId":"57f1fca3-85cb-4194-8481-9a9ccefd4262","campaignName":"api lead 10 es v0","campaignVersion":"019595f8-b2b3-f0fb-4daa-8f12eb3f6cb4","sendoutId":"4d64eddc-a60c-42c8-b335-86867c723488","status":"error","acceptedCount":0,"rejectedCount":1,"error":{"message":"Campaign entry is invalid","type":"ERROR_TYPE_INVALID_ARGUMENT","code":"ERROR_CODE_CAMPAIGN_ENTRY_INVALID","userTitle":"Campaign entry is invalid","userMessage":"Please check the inputs to the campaign entry."}}]}
Rejection 10: {"request":{"entries":[{"client":"+57310679734","campaignName":"api lead 10 es v0","variables":{"name":"Rafael","sku_1":"Acondicionador Seda Liquida 20ml - Konzil - Caja 18 uds.","dsct_1":"8%","img_1":"https://chiper-old-imgs.imgix.net/app/7702045481013-1-photoroom-1-rywgv7TX0-R.png?w=800&h=400&fit=fill&bg=white","sku_2":"Alimento Húmedo Pancita Saludable Sabor Salmón y Arroz Integral - Pedigree - Sobre 100 g","dsct_2":"3%","img_2":"https://chiper-old-imgs.imgix.net/app/7506174516147-1-photoroom-S13nGT7TC-R.png?w=800&h=400&fit=fill&bg=white","sku_3":"Jugo De Durazno Nectar - Pulp - Botella pet 1500 ml","dsct_3":"1%","img_3":"https://chiper-old-imgs.imgix.net/app/7708507552994-pulp-dzn-1500ml-sellos-photoroom-rkA68MGs0-R.png?w=800&h=400&fit=fill&bg=white","sku_4":"Gaseosa Manzana - Big - Botella pet 400 ml","dsct_4":"5%","img_4":"https://chiper-old-imgs.imgix.net/app/7707244560279-manzana-400ml-sellos-photoroom-B1Hvle1oC-R.png?w=800&h=400&fit=fill&bg=white","sku_5":"Agua Sin Gas - Brisa - Botella 600 ml","dsct_5":"3%","img_5":"https://chiper-old-imgs.imgix.net/app/7702535010327-HJTWytToo-R.png?w=800&h=400&fit=fill&bg=white","path_1":"rqTE?utm_source=connectly-campaign&utm_medium=164&utm_content=b7a2ffe6-441c-4823-8dd5-0d9f4b9503e2&utm_campaign=1_1377_WA_1_Mar14_ot_Lead_API-Lead-10-es-v0&utm_term=140325","path_2":"rGwM?utm_source=connectly-campaign&utm_medium=164&utm_content=b7a2ffe6-441c-4823-8dd5-0d9f4b9503e2&utm_campaign=1_1377_WA_1_Mar14_ot_Lead_API-Lead-10-es-v0&utm_term=140325","path_3":"DLtV?utm_source=connectly-campaign&utm_medium=164&utm_content=b7a2ffe6-441c-4823-8dd5-0d9f4b9503e2&utm_campaign=1_1377_WA_1_Mar14_ot_Lead_API-Lead-10-es-v0&utm_term=140325","path_4":"AV9b?utm_source=connectly-campaign&utm_medium=164&utm_content=b7a2ffe6-441c-4823-8dd5-0d9f4b9503e2&utm_campaign=1_1377_WA_1_Mar14_ot_Lead_API-Lead-10-es-v0&utm_term=140325","path_5":"9qPP?utm_source=connectly-campaign&utm_medium=164&utm_content=b7a2ffe6-441c-4823-8dd5-0d9f4b9503e2&utm_campaign=1_1377_WA_1_Mar14_ot_Lead_API-Lead-10-es-v0&utm_term=140325"}}]},"response":[{"campaignId":null,"campaignName":"","campaignVersion":null,"sendoutId":null,"status":"error","acceptedCount":0,"rejectedCount":0,"error":{"message":"Client in entry is missing or invalid","type":"ERROR_TYPE_INVALID_ARGUMENT","code":"ERROR_CODE_CAMPAIGN_ENTRY_CLIENT_INVALID","userTitle":"Client in entry is missing or invalid","userMessage":"Please check the client paramter in the campaign entry."}}]}
Rejection 11: {"request":{"entries":[{"client":"+573204136369","campaignName":"api lead 10 es v0","variables":{"name":"","sku_1":"Shampoo original - Johnsons Baby - Display x12 Sachets 25 ml","dsct_1":"21%","img_1":"https://chiper-old-imgs.imgix.net/app/7702031363972-SkwzVibhs-R.png?w=800&h=400&fit=fill&bg=white","sku_2":"Chocolate Relleno De Maní M&M - m&m´s - Paquete 49 g","dsct_2":"3%","img_2":"https://chiper-old-imgs.imgix.net/app/40000514510_1-BkkFl-hUi-R.png?w=800&h=400&fit=fill&bg=white","sku_3":"Pasta Tipo Spaguetti - La Muñeca - Paquete 1000 g","dsct_3":"15%","img_3":"https://chiper-old-imgs.imgix.net/app/7702020117012-BygByGuiT-R.png?w=800&h=400&fit=fill&bg=white","sku_4":"Chocolatina rellena de caramelo - Milkyway - Barra 52 g","dsct_4":"1%","img_4":"https://chiper-old-imgs.imgix.net/app/40000422068_1-skgegwnus-m-ryoVAh9DC-R.png?w=800&h=400&fit=fill&bg=white","sku_5":"Coca Cola Original - Coca Cola - Botella PET 1500 ml","dsct_5":"5%","img_5":"https://chiper-old-imgs.imgix.net/app/7702535024423-Hyrny_af3-R.png?w=800&h=400&fit=fill&bg=white","path_1":"a6Qq?utm_source=connectly-campaign&utm_medium=164&utm_content=b7a2ffe6-441c-4823-8dd5-0d9f4b9503e2&utm_campaign=7_1377_WA_1_Mar14_ot_Lead_API-Lead-10-es-v0&utm_term=140325","path_2":"YE3g?utm_source=connectly-campaign&utm_medium=164&utm_content=b7a2ffe6-441c-4823-8dd5-0d9f4b9503e2&utm_campaign=7_1377_WA_1_Mar14_ot_Lead_API-Lead-10-es-v0&utm_term=140325","path_3":"jKd7?utm_source=connectly-campaign&utm_medium=164&utm_content=b7a2ffe6-441c-4823-8dd5-0d9f4b9503e2&utm_campaign=7_1377_WA_1_Mar14_ot_Lead_API-Lead-10-es-v0&utm_term=140325","path_4":"M9wa?utm_source=connectly-campaign&utm_medium=164&utm_content=b7a2ffe6-441c-4823-8dd5-0d9f4b9503e2&utm_campaign=7_1377_WA_1_Mar14_ot_Lead_API-Lead-10-es-v0&utm_term=140325","path_5":"kzz9?utm_source=connectly-campaign&utm_medium=164&utm_content=b7a2ffe6-441c-4823-8dd5-0d9f4b9503e2&utm_campaign=7_1377_WA_1_Mar14_ot_Lead_API-Lead-10-es-v0&utm_term=140325"}}]},"response":[{"campaignId":"57f1fca3-85cb-4194-8481-9a9ccefd4262","campaignName":"api lead 10 es v0","campaignVersion":"019595f8-b2b3-f0fb-4daa-8f12eb3f6cb4","sendoutId":"4d64eddc-a60c-42c8-b335-86867c723488","status":"error","acceptedCount":0,"rejectedCount":1,"error":{"message":"Campaign entry is invalid","type":"ERROR_TYPE_INVALID_ARGUMENT","code":"ERROR_CODE_CAMPAIGN_ENTRY_INVALID","userTitle":"Campaign entry is invalid","userMessage":"Please check the inputs to the campaign entry."}}]}
Rejection 12: {"request":{"entries":[{"client":"+573177662526","campaignName":"api lead 10 es v0","variables":{"name":"","sku_1":"Pasta Tipo Spaguetti - La Muñeca - Paquete 250 g","dsct_1":"20%","img_1":"https://chiper-old-imgs.imgix.net/app/7702020112017-BJu1JfOs6-R.png?w=800&h=400&fit=fill&bg=white","sku_2":"Chocolate Relleno De Maní M&M - m&m´s - Paquete 49 g","dsct_2":"6%","img_2":"https://chiper-old-imgs.imgix.net/app/40000514510_1-BkkFl-hUi-R.png?w=800&h=400&fit=fill&bg=white","sku_3":"Coca Cola Original - Coca Cola - Botella pet 3000 ml","dsct_3":"8%","img_3":"https://chiper-old-imgs.imgix.net/app/42175-SJL8gsW5a-R.png?w=800&h=400&fit=fill&bg=white","sku_4":"Harina De Trigo - Haz De Oros - Bolsa 2500 g","dsct_4":"4%","img_4":"https://chiper-old-imgs.imgix.net/app/7702020011204_a-1-By7ywqh6a-R.png?w=800&h=400&fit=fill&bg=white","sku_5":"Pasta Tipo Fideo - La Muñeca - Paquete 200 g","dsct_5":"14%","img_5":"https://chiper-old-imgs.imgix.net/app/7702020111638-B1idJGuj6-R.png?w=800&h=400&fit=fill&bg=white","path_1":"mxP4?utm_source=connectly-campaign&utm_medium=164&utm_content=b7a2ffe6-441c-4823-8dd5-0d9f4b9503e2&utm_campaign=1_1377_WA_1_Mar14_ot_Lead_API-Lead-10-es-v0&utm_term=140325","path_2":"wL9r?utm_source=connectly-campaign&utm_medium=164&utm_content=b7a2ffe6-441c-4823-8dd5-0d9f4b9503e2&utm_campaign=1_1377_WA_1_Mar14_ot_Lead_API-Lead-10-es-v0&utm_term=140325","path_3":"GvAk?utm_source=connectly-campaign&utm_medium=164&utm_content=b7a2ffe6-441c-4823-8dd5-0d9f4b9503e2&utm_campaign=1_1377_WA_1_Mar14_ot_Lead_API-Lead-10-es-v0&utm_term=140325","path_4":"rDHZ?utm_source=connectly-campaign&utm_medium=164&utm_content=b7a2ffe6-441c-4823-8dd5-0d9f4b9503e2&utm_campaign=1_1377_WA_1_Mar14_ot_Lead_API-Lead-10-es-v0&utm_term=140325","path_5":"GuDc?utm_source=connectly-campaign&utm_medium=164&utm_content=b7a2ffe6-441c-4823-8dd5-0d9f4b9503e2&utm_campaign=1_1377_WA_1_Mar14_ot_Lead_API-Lead-10-es-v0&utm_term=140325"}}]},"response":[{"campaignId":"57f1fca3-85cb-4194-8481-9a9ccefd4262","campaignName":"api lead 10 es v0","campaignVersion":"019595f8-b2b3-f0fb-4daa-8f12eb3f6cb4","sendoutId":"4d64eddc-a60c-42c8-b335-86867c723488","status":"error","acceptedCount":0,"rejectedCount":1,"error":{"message":"Campaign entry is invalid","type":"ERROR_TYPE_INVALID_ARGUMENT","code":"ERROR_CODE_CAMPAIGN_ENTRY_INVALID","userTitle":"Campaign entry is invalid","userMessage":"Please check the inputs to the campaign entry."}}]}
Rejection 13: {"request":{"entries":[{"client":"+57300616","campaignName":"api lead 10 es v0","variables":{"name":"Elsy","sku_1":"Desodorante clinical practitubo hombre - Speed Stick - Tarro 30 g","dsct_1":"3%","img_1":"https://chiper-old-imgs.imgix.net/app/7702010470479-rynFpc-hi-R.png?w=800&h=400&fit=fill&bg=white","sku_2":"Lavaloza disco de repuesto limón - Axion - Disco 130 g","dsct_2":"8%","img_2":"https://chiper-old-imgs.imgix.net/app/7509546652559-rJptIOpis-R.png?w=800&h=400&fit=fill&bg=white","sku_3":"Desodorante en Crema clinical protect &clarify 20g - Lady Speed Stick - Sachet 10 uds.","dsct_3":"5%","img_3":"https://chiper-old-imgs.imgix.net/app/7509546680477-H1eyi4gKyg-R.png?w=800&h=400&fit=fill&bg=white","sku_4":"Jabón Macadamia - Protex - Barra 110 g","dsct_4":"16%","img_4":"https://chiper-old-imgs.imgix.net/app/7702010420917-rJqNjaGcye-R.png?w=800&h=400&fit=fill&bg=white","sku_5":"Toalla Higiénica Invisible Rapigel Con Alas - Nosotras - Display x30 Unidades 1 ud.","dsct_5":"16%","img_5":"https://chiper-old-imgs.imgix.net/app/7702027424038-Bk8g5SB2j-R.png?w=800&h=400&fit=fill&bg=white","path_1":"YfD5?utm_source=connectly-campaign&utm_medium=164&utm_content=b7a2ffe6-441c-4823-8dd5-0d9f4b9503e2&utm_campaign=2_1377_WA_1_Mar14_ot_Lead_API-Lead-10-es-v0&utm_term=140325","path_2":"DvW6?utm_source=connectly-campaign&utm_medium=164&utm_content=b7a2ffe6-441c-4823-8dd5-0d9f4b9503e2&utm_campaign=2_1377_WA_1_Mar14_ot_Lead_API-Lead-10-es-v0&utm_term=140325","path_3":"4SQC?utm_source=connectly-campaign&utm_medium=164&utm_content=b7a2ffe6-441c-4823-8dd5-0d9f4b9503e2&utm_campaign=2_1377_WA_1_Mar14_ot_Lead_API-Lead-10-es-v0&utm_term=140325","path_4":"V4wZ?utm_source=connectly-campaign&utm_medium=164&utm_content=b7a2ffe6-441c-4823-8dd5-0d9f4b9503e2&utm_campaign=2_1377_WA_1_Mar14_ot_Lead_API-Lead-10-es-v0&utm_term=140325","path_5":"pM9U?utm_source=connectly-campaign&utm_medium=164&utm_content=b7a2ffe6-441c-4823-8dd5-0d9f4b9503e2&utm_campaign=2_1377_WA_1_Mar14_ot_Lead_API-Lead-10-es-v0&utm_term=140325"}}]},"response":[{"campaignId":null,"campaignName":"","campaignVersion":null,"sendoutId":null,"status":"error","acceptedCount":0,"rejectedCount":0,"error":{"message":"Client in entry is missing or invalid","type":"ERROR_TYPE_INVALID_ARGUMENT","code":"ERROR_CODE_CAMPAIGN_ENTRY_CLIENT_INVALID","userTitle":"Client in entry is missing or invalid","userMessage":"Please check the client paramter in the campaign entry."}}]}
Rejection 14: {"request":{"entries":[{"client":"+573145489944","campaignName":"api lead 10 es v0","variables":{"name":"","sku_1":"Desodorante Antitranspirante Mujer En Crema Clinical Powder - Lady Speed Stick - Caja 20 uds.","dsct_1":"5%","img_1":"https://chiper-old-imgs.imgix.net/app/7509546688244-ry-galcqn-R.png?w=800&h=400&fit=fill&bg=white","sku_2":"Suavizante dulce placer fresa y chocolate - Suavitel - Doypack 430 ml","dsct_2":"3%","img_2":"https://chiper-old-imgs.imgix.net/app/7702010282751-skoaeypss-m-rkRnVecHR-R.png?w=800&h=400&fit=fill&bg=white","sku_3":"Repelente Spray Adultos - Stay Off - Tarro 120 ml","dsct_3":"8%","img_3":"https://chiper-old-imgs.imgix.net/app/7706800002994_2-BktwCwmQ2-R.png?w=800&h=400&fit=fill&bg=white","sku_4":"Pato Liquido Advanced Natural - Pato - Frasco 500 ml","dsct_4":"8%","img_4":"https://chiper-old-imgs.imgix.net/app/imagen-de-whatsapp-2024-09-27-a-las-141124_f15d6db9-rkG5EtVAC-R.png?w=800&h=400&fit=fill&bg=white","sku_5":"Pastillas Fort 9 - Vick - Caja 6 uds.","dsct_5":"20%","img_5":"https://chiper-old-imgs.imgix.net/app/7500435204576-2-SJbbyUO-C-R.png?w=800&h=400&fit=fill&bg=white","path_1":"E228?utm_source=connectly-campaign&utm_medium=164&utm_content=b7a2ffe6-441c-4823-8dd5-0d9f4b9503e2&utm_campaign=2_1377_WA_1_Mar14_ot_Lead_API-Lead-10-es-v0&utm_term=140325","path_2":"KB74?utm_source=connectly-campaign&utm_medium=164&utm_content=b7a2ffe6-441c-4823-8dd5-0d9f4b9503e2&utm_campaign=2_1377_WA_1_Mar14_ot_Lead_API-Lead-10-es-v0&utm_term=140325","path_3":"HQFp?utm_source=connectly-campaign&utm_medium=164&utm_content=b7a2ffe6-441c-4823-8dd5-0d9f4b9503e2&utm_campaign=2_1377_WA_1_Mar14_ot_Lead_API-Lead-10-es-v0&utm_term=140325","path_4":"MwZU?utm_source=connectly-campaign&utm_medium=164&utm_content=b7a2ffe6-441c-4823-8dd5-0d9f4b9503e2&utm_campaign=2_1377_WA_1_Mar14_ot_Lead_API-Lead-10-es-v0&utm_term=140325","path_5":"VuKL?utm_source=connectly-campaign&utm_medium=164&utm_content=b7a2ffe6-441c-4823-8dd5-0d9f4b9503e2&utm_campaign=2_1377_WA_1_Mar14_ot_Lead_API-Lead-10-es-v0&utm_term=140325"}}]},"response":[{"campaignId":"57f1fca3-85cb-4194-8481-9a9ccefd4262","campaignName":"api lead 10 es v0","campaignVersion":"019595f8-b2b3-f0fb-4daa-8f12eb3f6cb4","sendoutId":"4d64eddc-a60c-42c8-b335-86867c723488","status":"error","acceptedCount":0,"rejectedCount":1,"error":{"message":"Campaign entry is invalid","type":"ERROR_TYPE_INVALID_ARGUMENT","code":"ERROR_CODE_CAMPAIGN_ENTRY_INVALID","userTitle":"Campaign entry is invalid","userMessage":"Please check the inputs to the campaign entry."}}]}
Rejection 15: {"request":{"entries":[{"client":"+57131123637461","campaignName":"api lead 10 es v0","variables":{"name":"Jhoana","sku_1":"Tampón Original Super - Ob - Paquete 8 uds.","dsct_1":"30%","img_1":"https://chiper-old-imgs.imgix.net/app/7891010254780-Hyhtc36c2-R.png?w=800&h=400&fit=fill&bg=white","sku_2":"Mayonesa Sobres 85g - San Jorge - Caja 12 uds.","dsct_2":"6%","img_2":"https://chiper-old-imgs.imgix.net/app/7702014907599-SJqeyHp8a-R.png?w=800&h=400&fit=fill&bg=white","sku_3":"Alimento Húmedo Para Cachorros Sabor A Pollo - Dog Chow - Sobre 100 g","dsct_3":"1%","img_3":"https://chiper-old-imgs.imgix.net/app/7501072210258-H1fm1hRm3-R.png?w=800&h=400&fit=fill&bg=white","sku_4":"Papas Original - Pringles - Tarro 124 g","dsct_4":"1%","img_4":"https://chiper-old-imgs.imgix.net/app/038000184932-HyF6un6fh-R.png?w=800&h=400&fit=fill&bg=white","sku_5":"Brownie Arequipe Mama-Ia - Mama-Ia - Unidad 70 g","dsct_5":"25%","img_5":"https://chiper-old-imgs.imgix.net/app/brownie-areq-photoroom-1-s1ojp2re0-m-SkHNyscz0-R.png?w=800&h=400&fit=fill&bg=white","path_1":"Rd66?utm_source=connectly-campaign&utm_medium=164&utm_content=b7a2ffe6-441c-4823-8dd5-0d9f4b9503e2&utm_campaign=7_1377_WA_1_Mar14_ot_Lead_API-Lead-10-es-v0&utm_term=140325","path_2":"7yyA?utm_source=connectly-campaign&utm_medium=164&utm_content=b7a2ffe6-441c-4823-8dd5-0d9f4b9503e2&utm_campaign=7_1377_WA_1_Mar14_ot_Lead_API-Lead-10-es-v0&utm_term=140325","path_3":"5yFZ?utm_source=connectly-campaign&utm_medium=164&utm_content=b7a2ffe6-441c-4823-8dd5-0d9f4b9503e2&utm_campaign=7_1377_WA_1_Mar14_ot_Lead_API-Lead-10-es-v0&utm_term=140325","path_4":"W57A?utm_source=connectly-campaign&utm_medium=164&utm_content=b7a2ffe6-441c-4823-8dd5-0d9f4b9503e2&utm_campaign=7_1377_WA_1_Mar14_ot_Lead_API-Lead-10-es-v0&utm_term=140325","path_5":"KfNR?utm_source=connectly-campaign&utm_medium=164&utm_content=b7a2ffe6-441c-4823-8dd5-0d9f4b9503e2&utm_campaign=7_1377_WA_1_Mar14_ot_Lead_API-Lead-10-es-v0&utm_term=140325"}}]},"response":[{"campaignId":null,"campaignName":"","campaignVersion":null,"sendoutId":null,"status":"error","acceptedCount":0,"rejectedCount":0,"error":{"message":"Client in entry is missing or invalid","type":"ERROR_TYPE_INVALID_ARGUMENT","code":"ERROR_CODE_CAMPAIGN_ENTRY_CLIENT_INVALID","userTitle":"Client in entry is missing or invalid","userMessage":"Please check the client paramter in the campaign entry."}}]}
Rejection 16: {"request":{"entries":[{"client":"+573143701212","campaignName":"api lead 10 es v0","variables":{"name":"","sku_1":"Alimento Húmedo Para Gato Sabor A Atún - Felix - Sobre 85 g","dsct_1":"1%","img_1":"https://chiper-old-imgs.imgix.net/app/7501072209801-Byp8cDQk3-R.png?w=800&h=400&fit=fill&bg=white","sku_2":"Gaseosa Festival - Big - Botella PET 400 ml","dsct_2":"4%","img_2":"https://chiper-old-imgs.imgix.net/app/7707244560286-festival-400ml-sellos-photoroom-ByoqczMsC-R.png?w=800&h=400&fit=fill&bg=white","sku_3":"Toalla higienica natural invisible clásica tela - Nosotras - Display x30 Unidades 30 uds.","dsct_3":"5%","img_3":"https://chiper-old-imgs.imgix.net/app/7702027416859-Byykyc4jo-R.png?w=800&h=400&fit=fill&bg=white","sku_4":"Bebida De Té Sabor Arándanos - Ekii - Botella 400 ml","dsct_4":"30%","img_4":"https://chiper-old-imgs.imgix.net/app/7709825110125-arandanos-1-skvn3pigr-m-photoroom-rybZ27QDA-R.png?w=800&h=400&fit=fill&bg=white","sku_5":"Harina De Trigo - Haz De Oros - Bolsa 2500 g","dsct_5":"4%","img_5":"https://chiper-old-imgs.imgix.net/app/7702020011204_a-1-By7ywqh6a-R.png?w=800&h=400&fit=fill&bg=white","path_1":"gq8m?utm_source=connectly-campaign&utm_medium=164&utm_content=b7a2ffe6-441c-4823-8dd5-0d9f4b9503e2&utm_campaign=1_1377_WA_1_Mar14_ot_Lead_API-Lead-10-es-v0&utm_term=140325","path_2":"zQuB?utm_source=connectly-campaign&utm_medium=164&utm_content=b7a2ffe6-441c-4823-8dd5-0d9f4b9503e2&utm_campaign=1_1377_WA_1_Mar14_ot_Lead_API-Lead-10-es-v0&utm_term=140325","path_3":"JJoc?utm_source=connectly-campaign&utm_medium=164&utm_content=b7a2ffe6-441c-4823-8dd5-0d9f4b9503e2&utm_campaign=1_1377_WA_1_Mar14_ot_Lead_API-Lead-10-es-v0&utm_term=140325","path_4":"TSWz?utm_source=connectly-campaign&utm_medium=164&utm_content=b7a2ffe6-441c-4823-8dd5-0d9f4b9503e2&utm_campaign=1_1377_WA_1_Mar14_ot_Lead_API-Lead-10-es-v0&utm_term=140325","path_5":"rDHZ?utm_source=connectly-campaign&utm_medium=164&utm_content=b7a2ffe6-441c-4823-8dd5-0d9f4b9503e2&utm_campaign=1_1377_WA_1_Mar14_ot_Lead_API-Lead-10-es-v0&utm_term=140325"}}]},"response":[{"campaignId":"57f1fca3-85cb-4194-8481-9a9ccefd4262","campaignName":"api lead 10 es v0","campaignVersion":"019595f8-b2b3-f0fb-4daa-8f12eb3f6cb4","sendoutId":"4d64eddc-a60c-42c8-b335-86867c723488","status":"error","acceptedCount":0,"rejectedCount":1,"error":{"message":"Campaign entry is invalid","type":"ERROR_TYPE_INVALID_ARGUMENT","code":"ERROR_CODE_CAMPAIGN_ENTRY_INVALID","userTitle":"Campaign entry is invalid","userMessage":"Please check the inputs to the campaign entry."}}]}
Rejection 17: {"request":{"entries":[{"client":"+57317809915","campaignName":"api lead 10 es v0","variables":{"name":"Lorena","sku_1":"Tampón Original Medio - Ob - Paquete 8 uds.","dsct_1":"30%","img_1":"https://chiper-old-imgs.imgix.net/app/7891010254773_1-1-B1a6q2fP3-R.png?w=800&h=400&fit=fill&bg=white","sku_2":"Tampón Original Super - Ob - Paquete 8 uds.","dsct_2":"30%","img_2":"https://chiper-old-imgs.imgix.net/app/7891010254780-Hyhtc36c2-R.png?w=800&h=400&fit=fill&bg=white","sku_3":"Harina Para Hornear - Haz De Oros - Bolsa 500 g","dsct_3":"4%","img_3":"https://chiper-old-imgs.imgix.net/app/7702020011327-B1-x-GdsT-R.png?w=800&h=400&fit=fill&bg=white","sku_4":"Alimento Para Perros Adultos Minis Y Pequeños Dog Chow X 22.7Kg - Dog Chow - Bulto 22 kg","dsct_4":"1%","img_4":"https://chiper-old-imgs.imgix.net/app/7702521656812-s1dhjp7j2-m-ByNWJ0HgA-R.png?w=800&h=400&fit=fill&bg=white","sku_5":"Aceite Premier - Premier - Botella PET 2700 ml","dsct_5":"20%","img_5":"https://chiper-old-imgs.imgix.net/app/7701018076430-2-HyVffM_iT-R.png?w=800&h=400&fit=fill&bg=white","path_1":"p3cN?utm_source=connectly-campaign&utm_medium=164&utm_content=b7a2ffe6-441c-4823-8dd5-0d9f4b9503e2&utm_campaign=1_1377_WA_1_Mar14_ot_Lead_API-Lead-10-es-v0&utm_term=140325","path_2":"tYcW?utm_source=connectly-campaign&utm_medium=164&utm_content=b7a2ffe6-441c-4823-8dd5-0d9f4b9503e2&utm_campaign=1_1377_WA_1_Mar14_ot_Lead_API-Lead-10-es-v0&utm_term=140325","path_3":"SwPr?utm_source=connectly-campaign&utm_medium=164&utm_content=b7a2ffe6-441c-4823-8dd5-0d9f4b9503e2&utm_campaign=1_1377_WA_1_Mar14_ot_Lead_API-Lead-10-es-v0&utm_term=140325","path_4":"K3Jt?utm_source=connectly-campaign&utm_medium=164&utm_content=b7a2ffe6-441c-4823-8dd5-0d9f4b9503e2&utm_campaign=1_1377_WA_1_Mar14_ot_Lead_API-Lead-10-es-v0&utm_term=140325","path_5":"fGMs?utm_source=connectly-campaign&utm_medium=164&utm_content=b7a2ffe6-441c-4823-8dd5-0d9f4b9503e2&utm_campaign=1_1377_WA_1_Mar14_ot_Lead_API-Lead-10-es-v0&utm_term=140325"}}]},"response":[{"campaignId":null,"campaignName":"","campaignVersion":null,"sendoutId":null,"status":"error","acceptedCount":0,"rejectedCount":0,"error":{"message":"Client in entry is missing or invalid","type":"ERROR_TYPE_INVALID_ARGUMENT","code":"ERROR_CODE_CAMPAIGN_ENTRY_CLIENT_INVALID","userTitle":"Client in entry is missing or invalid","userMessage":"Please check the client paramter in the campaign entry."}}]}
Rejection 18: {"request":{"entries":[{"client":"+575833091400","campaignName":"api lead 10 es v0","variables":{"name":"Jussara","sku_1":"Shampoo Menta Extra Refrescante Anti Comezón - Head & Shoulders - Sachet 15 ml","dsct_1":"8%","img_1":"https://chiper-old-imgs.imgix.net/app/7500435247696-photoroom-1-rya8TDtiC-R.png?w=800&h=400&fit=fill&bg=white","sku_2":"Agua Con Gas - Cielo - Botella PET 620 ml","dsct_2":"1%","img_2":"https://chiper-old-imgs.imgix.net/app/7708507552741-and-7707244561603-cielo-cg_620-ml-photoroom-1-r19_ofGiR-R.png?w=800&h=400&fit=fill&bg=white","sku_3":"Agua Saborizada Manzana - Brisa - Botella pet 1500 ml","dsct_3":"1%","img_3":"https://chiper-old-imgs.imgix.net/app/7702535027868-rklOBEjZ3j-R.png?w=800&h=400&fit=fill&bg=white","sku_4":"Harina De Trigo - Haz De Oros - Bolsa 2500 g","dsct_4":"4%","img_4":"https://chiper-old-imgs.imgix.net/app/7702020011204_a-1-By7ywqh6a-R.png?w=800&h=400&fit=fill&bg=white","sku_5":"Detergente En Polvo Multi Beneficios Bicarbonato Limón - Rindex 10 Multibeneficios - Bolsa 500 g","dsct_5":"14%","img_5":"https://chiper-old-imgs.imgix.net/app/7500435181044-SyPZQXlvj-R.png?w=800&h=400&fit=fill&bg=white","path_1":"pWJL?utm_source=connectly-campaign&utm_medium=164&utm_content=b7a2ffe6-441c-4823-8dd5-0d9f4b9503e2&utm_campaign=1_1377_WA_1_Mar14_ot_Lead_API-Lead-10-es-v0&utm_term=140325","path_2":"BYFH?utm_source=connectly-campaign&utm_medium=164&utm_content=b7a2ffe6-441c-4823-8dd5-0d9f4b9503e2&utm_campaign=1_1377_WA_1_Mar14_ot_Lead_API-Lead-10-es-v0&utm_term=140325","path_3":"g3RS?utm_source=connectly-campaign&utm_medium=164&utm_content=b7a2ffe6-441c-4823-8dd5-0d9f4b9503e2&utm_campaign=1_1377_WA_1_Mar14_ot_Lead_API-Lead-10-es-v0&utm_term=140325","path_4":"rDHZ?utm_source=connectly-campaign&utm_medium=164&utm_content=b7a2ffe6-441c-4823-8dd5-0d9f4b9503e2&utm_campaign=1_1377_WA_1_Mar14_ot_Lead_API-Lead-10-es-v0&utm_term=140325","path_5":"oWKw?utm_source=connectly-campaign&utm_medium=164&utm_content=b7a2ffe6-441c-4823-8dd5-0d9f4b9503e2&utm_campaign=1_1377_WA_1_Mar14_ot_Lead_API-Lead-10-es-v0&utm_term=140325"}}]},"response":[{"campaignId":null,"campaignName":"","campaignVersion":null,"sendoutId":null,"status":"error","acceptedCount":0,"rejectedCount":0,"error":{"message":"Client in entry is missing or invalid","type":"ERROR_TYPE_INVALID_ARGUMENT","code":"ERROR_CODE_CAMPAIGN_ENTRY_CLIENT_INVALID","userTitle":"Client in entry is missing or invalid","userMessage":"Please check the client paramter in the campaign entry."}}]}
Rejection 19: {"request":{"entries":[{"client":"+57319345477","campaignName":"api lead 10 es v0","variables":{"name":"Claudia","sku_1":"Coca Cola Original - Coca Cola - Botella PET 500 ml","dsct_1":"1%","img_1":"https://chiper-old-imgs.imgix.net/app/7702535033593-ccso-500-ml-pack-photoroom-HyCCQqERR-R.png?w=800&h=400&fit=fill&bg=white","sku_2":"Papas Sabor Queso - Pringles - Tarro 37 g","dsct_2":"10%","img_2":"https://chiper-old-imgs.imgix.net/app/038000846755-ryib_n6z3-R.png?w=800&h=400&fit=fill&bg=white","sku_3":"Toalla higienica natural invisible clásica tela - Nosotras - Display x30 Unidades 30 uds.","dsct_3":"5%","img_3":"https://chiper-old-imgs.imgix.net/app/7702027416859-Byykyc4jo-R.png?w=800&h=400&fit=fill&bg=white","sku_4":"Pasta Tipo Fideo - La Muñeca - Paquete 200 g","dsct_4":"14%","img_4":"https://chiper-old-imgs.imgix.net/app/7702020111638-B1idJGuj6-R.png?w=800&h=400&fit=fill&bg=white","sku_5":"Pasta Tipo Concha - La Muñeca - Paquete 200 g","dsct_5":"14%","img_5":"https://chiper-old-imgs.imgix.net/app/7702020111621-SyZayfuop-R.png?w=800&h=400&fit=fill&bg=white","path_1":"Kbx3?utm_source=connectly-campaign&utm_medium=164&utm_content=b7a2ffe6-441c-4823-8dd5-0d9f4b9503e2&utm_campaign=1_1377_WA_1_Mar14_ot_Lead_API-Lead-10-es-v0&utm_term=140325","path_2":"bxvd?utm_source=connectly-campaign&utm_medium=164&utm_content=b7a2ffe6-441c-4823-8dd5-0d9f4b9503e2&utm_campaign=1_1377_WA_1_Mar14_ot_Lead_API-Lead-10-es-v0&utm_term=140325","path_3":"JJoc?utm_source=connectly-campaign&utm_medium=164&utm_content=b7a2ffe6-441c-4823-8dd5-0d9f4b9503e2&utm_campaign=1_1377_WA_1_Mar14_ot_Lead_API-Lead-10-es-v0&utm_term=140325","path_4":"GuDc?utm_source=connectly-campaign&utm_medium=164&utm_content=b7a2ffe6-441c-4823-8dd5-0d9f4b9503e2&utm_campaign=1_1377_WA_1_Mar14_ot_Lead_API-Lead-10-es-v0&utm_term=140325","path_5":"aCnz?utm_source=connectly-campaign&utm_medium=164&utm_content=b7a2ffe6-441c-4823-8dd5-0d9f4b9503e2&utm_campaign=1_1377_WA_1_Mar14_ot_Lead_API-Lead-10-es-v0&utm_term=140325"}}]},"response":[{"campaignId":null,"campaignName":"","campaignVersion":null,"sendoutId":null,"status":"error","acceptedCount":0,"rejectedCount":0,"error":{"message":"Client in entry is missing or invalid","type":"ERROR_TYPE_INVALID_ARGUMENT","code":"ERROR_CODE_CAMPAIGN_ENTRY_CLIENT_INVALID","userTitle":"Client in entry is missing or invalid","userMessage":"Please check the client paramter in the campaign entry."}}]}
Rejection 20: {"request":{"entries":[{"client":"+573144","campaignName":"api churn 10 es v0","variables":{"name":"Liliana","sku_1":"Alimento Para Perros Adultos Minis Y Pequeños Dog Chow X 22.7Kg - Dog Chow - Bulto 22 kg","dsct_1":"1%","img_1":"https://chiper-old-imgs.imgix.net/app/7702521656812-s1dhjp7j2-m-ByNWJ0HgA-R.png?w=800&h=400&fit=fill&bg=white","sku_2":"Alimento Para Perros Medianos Y Grandes Dog Chow Sin Colorantes X 22.7Kg - Dog Chow - Bulto 22 kg","dsct_2":"2%","img_2":"https://chiper-old-imgs.imgix.net/app/9282023121150pm_7702521106751_1-photoroom-HyLO_iFUC-R.png?w=800&h=400&fit=fill&bg=white","sku_3":"Alimento Para Gato Adulto Sabor A Carne - Cat Chow - Pague 12 kg lleve 15 kg - Cat Chow - Bulto 15 kg","dsct_3":"2%","img_3":"https://chiper-old-imgs.imgix.net/app/520202432433pm_12595067_-_cat_chow_adultos_carne_15kg_pr_15-12_co-photoroom-Sy9bbfDLA-R.png?w=800&h=400&fit=fill&bg=white","sku_4":"Aguardiente Nectar Verde - Nectar Club - Botella 375 ml","dsct_4":"3%","img_4":"https://chiper-old-imgs.imgix.net/app/7702404005034-HkP4mupji-R.png?w=800&h=400&fit=fill&bg=white","sku_5":"Alimentos Para Perros Adulto Todos Los Tamaños pague 19.7Kg lleve 22.7 Kg - Alpo - Bulto 22 kg","dsct_5":"1%","img_5":"https://chiper-old-imgs.imgix.net/app/imagen-de-whatsapp-2024-06-26-a-las-112405_5c07c49f-BJPnu6K8A-R.png?w=800&h=400&fit=fill&bg=white","path_1":"Bz37?utm_source=connectly-campaign&utm_medium=164&utm_content=b7a2ffe6-441c-4823-8dd5-0d9f4b9503e2&utm_campaign=1_1377_WA_1_Mar14_ot_Churn_API-Churn-10-es-v0&utm_term=140325","path_2":"8GwX?utm_source=connectly-campaign&utm_medium=164&utm_content=b7a2ffe6-441c-4823-8dd5-0d9f4b9503e2&utm_campaign=1_1377_WA_1_Mar14_ot_Churn_API-Churn-10-es-v0&utm_term=140325","path_3":"PNEK?utm_source=connectly-campaign&utm_medium=164&utm_content=b7a2ffe6-441c-4823-8dd5-0d9f4b9503e2&utm_campaign=1_1377_WA_1_Mar14_ot_Churn_API-Churn-10-es-v0&utm_term=140325","path_4":"azkw?utm_source=connectly-campaign&utm_medium=164&utm_content=b7a2ffe6-441c-4823-8dd5-0d9f4b9503e2&utm_campaign=1_1377_WA_1_Mar14_ot_Churn_API-Churn-10-es-v0&utm_term=140325","path_5":"KhQ6?utm_source=connectly-campaign&utm_medium=164&utm_content=b7a2ffe6-441c-4823-8dd5-0d9f4b9503e2&utm_campaign=1_1377_WA_1_Mar14_ot_Churn_API-Churn-10-es-v0&utm_term=140325"}}]},"response":[{"campaignId":null,"campaignName":"","campaignVersion":null,"sendoutId":null,"status":"error","acceptedCount":0,"rejectedCount":0,"error":{"message":"Client in entry is missing or invalid","type":"ERROR_TYPE_INVALID_ARGUMENT","code":"ERROR_CODE_CAMPAIGN_ENTRY_CLIENT_INVALID","userTitle":"Client in entry is missing or invalid","userMessage":"Please check the client paramter in the campaign entry."}}]}
Rejection 21: {"request":{"entries":[{"client":"+57312","campaignName":"api hibernating 10 es v0","variables":{"name":"Jhoana","sku_1":"Coca Cola Original - Coca Cola - Botella PET 1500 ml","dsct_1":"5%","img_1":"https://chiper-old-imgs.imgix.net/app/7702535024423-Hyrny_af3-R.png?w=800&h=400&fit=fill&bg=white","sku_2":"Coca Cola Original - Coca Cola - Botella pet 3000 ml","dsct_2":"8%","img_2":"https://chiper-old-imgs.imgix.net/app/42175-SJL8gsW5a-R.png?w=800&h=400&fit=fill&bg=white","sku_3":"Gaseosa Toronja - Quatro - Botella pet 1500 ml","dsct_3":"2%","img_3":"https://chiper-old-imgs.imgix.net/app/7702535011706-H1cEmdajo-R.png?w=800&h=400&fit=fill&bg=white","sku_4":"Coca Cola Sin Azúcar - Coca Cola - Botella pet 1500 ml","dsct_4":"10%","img_4":"https://chiper-old-imgs.imgix.net/app/7702535011799-rJ8jU_pjo-R.png?w=800&h=400&fit=fill&bg=white","sku_5":"Gaseosa De Toronja - Quatro - Botella pet 3000 ml","dsct_5":"2%","img_5":"https://chiper-old-imgs.imgix.net/app/7702535005903-SJgmOOpii-R.png?w=800&h=400&fit=fill&bg=white","path_1":"XSo6?utm_source=connectly-campaign&utm_medium=164&utm_content=b7a2ffe6-441c-4823-8dd5-0d9f4b9503e2&utm_campaign=7_1377_WA_1_Mar14_ot_Hibernating_API-Hibernating-10-es-v0&utm_term=140325","path_2":"2NaA?utm_source=connectly-campaign&utm_medium=164&utm_content=b7a2ffe6-441c-4823-8dd5-0d9f4b9503e2&utm_campaign=7_1377_WA_1_Mar14_ot_Hibernating_API-Hibernating-10-es-v0&utm_term=140325","path_3":"PibC?utm_source=connectly-campaign&utm_medium=164&utm_content=b7a2ffe6-441c-4823-8dd5-0d9f4b9503e2&utm_campaign=7_1377_WA_1_Mar14_ot_Hibernating_API-Hibernating-10-es-v0&utm_term=140325","path_4":"V3t3?utm_source=connectly-campaign&utm_medium=164&utm_content=b7a2ffe6-441c-4823-8dd5-0d9f4b9503e2&utm_campaign=7_1377_WA_1_Mar14_ot_Hibernating_API-Hibernating-10-es-v0&utm_term=140325","path_5":"Ww4x?utm_source=connectly-campaign&utm_medium=164&utm_content=b7a2ffe6-441c-4823-8dd5-0d9f4b9503e2&utm_campaign=7_1377_WA_1_Mar14_ot_Hibernating_API-Hibernating-10-es-v0&utm_term=140325"}}]},"response":[{"campaignId":null,"campaignName":"","campaignVersion":null,"sendoutId":null,"status":"error","acceptedCount":0,"rejectedCount":0,"error":{"message":"Client in entry is missing or invalid","type":"ERROR_TYPE_INVALID_ARGUMENT","code":"ERROR_CODE_CAMPAIGN_ENTRY_CLIENT_INVALID","userTitle":"Client in entry is missing or invalid","userMessage":"Please check the client paramter in the campaign entry."}}]}
Rejection 22: {"request":{"entries":[{"client":"+575202869","campaignName":"api lead 10 es v0","variables":{"name":"Marleny","sku_1":"Aceite Premier - Premier - Botella PET 900 ml","dsct_1":"20%","img_1":"https://chiper-old-imgs.imgix.net/app/7701018076416-4-Hk28rJDWR-R.png?w=800&h=400&fit=fill&bg=white","sku_2":"Alimento Para Adultos Minis Y Pequeños - Dog Chow - Bolsa 475 g","dsct_2":"1%","img_2":"https://chiper-old-imgs.imgix.net/app/7702521106034-SJgmOOpii-R.png?w=800&h=400&fit=fill&bg=white","sku_3":"Alimento Húmedo Pancita Saludable Sabor Pollo y Camote - Pedigree - Sobre 100 g","dsct_3":"3%","img_3":"https://chiper-old-imgs.imgix.net/app/7506174516161-1-photoroom-BkE77TXTC-R.png?w=800&h=400&fit=fill&bg=white","sku_4":"Shampoo original - Johnsons Baby - Display x12 Sachets 25 ml","dsct_4":"21%","img_4":"https://chiper-old-imgs.imgix.net/app/7702031363972-SkwzVibhs-R.png?w=800&h=400&fit=fill&bg=white","sku_5":"Cereal - Zucaritas - Paquete 30 g","dsct_5":"3%","img_5":"https://chiper-old-imgs.imgix.net/app/2103012556_zuc-240x30g-dw2-np-col_k234902000_fp-2-photoroom-1-rJFlD3-IA-R.png?w=800&h=400&fit=fill&bg=white","path_1":"h45j?utm_source=connectly-campaign&utm_medium=164&utm_content=b7a2ffe6-441c-4823-8dd5-0d9f4b9503e2&utm_campaign=7_1377_WA_1_Mar14_ot_Lead_API-Lead-10-es-v0&utm_term=140325","path_2":"uLZ2?utm_source=connectly-campaign&utm_medium=164&utm_content=b7a2ffe6-441c-4823-8dd5-0d9f4b9503e2&utm_campaign=7_1377_WA_1_Mar14_ot_Lead_API-Lead-10-es-v0&utm_term=140325","path_3":"UpWZ?utm_source=connectly-campaign&utm_medium=164&utm_content=b7a2ffe6-441c-4823-8dd5-0d9f4b9503e2&utm_campaign=7_1377_WA_1_Mar14_ot_Lead_API-Lead-10-es-v0&utm_term=140325","path_4":"a6Qq?utm_source=connectly-campaign&utm_medium=164&utm_content=b7a2ffe6-441c-4823-8dd5-0d9f4b9503e2&utm_campaign=7_1377_WA_1_Mar14_ot_Lead_API-Lead-10-es-v0&utm_term=140325","path_5":"GGFK?utm_source=connectly-campaign&utm_medium=164&utm_content=b7a2ffe6-441c-4823-8dd5-0d9f4b9503e2&utm_campaign=7_1377_WA_1_Mar14_ot_Lead_API-Lead-10-es-v0&utm_term=140325"}}]},"response":[{"campaignId":null,"campaignName":"","campaignVersion":null,"sendoutId":null,"status":"error","acceptedCount":0,"rejectedCount":0,"error":{"message":"Client in entry is missing or invalid","type":"ERROR_TYPE_INVALID_ARGUMENT","code":"ERROR_CODE_CAMPAIGN_ENTRY_CLIENT_INVALID","userTitle":"Client in entry is missing or invalid","userMessage":"Please check the client paramter in the campaign entry."}}]}
Rejection 23: {"request":{"entries":[{"client":"+573105573675","campaignName":"api retained 10 es v0","variables":{"name":"","sku_1":"Aguardiente Nectar Verde - Nectar Club - Botella 375 ml","dsct_1":"3%","img_1":"https://chiper-old-imgs.imgix.net/app/7702404005034-HkP4mupji-R.png?w=800&h=400&fit=fill&bg=white","sku_2":"Coca Cola Original - Coca Cola - Botella PET 1500 ml","dsct_2":"6%","img_2":"https://chiper-old-imgs.imgix.net/app/7702535024423-Hyrny_af3-R.png?w=800&h=400&fit=fill&bg=white","sku_3":"Detergente en polvo regular - Ariel - Bolsa 450 g","dsct_3":"6%","img_3":"https://chiper-old-imgs.imgix.net/app/7500435124683-bkmzpflpo-m-SyiUAUZsh-R.png?w=800&h=400&fit=fill&bg=white","sku_4":"Coca Cola Original - Coca Cola - Botella pet 3000 ml","dsct_4":"8%","img_4":"https://chiper-old-imgs.imgix.net/app/42175-SJL8gsW5a-R.png?w=800&h=400&fit=fill&bg=white","sku_5":"Chocolatina Con Mani Snickers - Snickers - Barra 52 g","dsct_5":"3%","img_5":"https://chiper-old-imgs.imgix.net/app/40000514251_1-SkVUbb3Us-R.png?w=800&h=400&fit=fill&bg=white","path_1":"jGCo?utm_source=connectly-campaign&utm_medium=164&utm_content=b7a2ffe6-441c-4823-8dd5-0d9f4b9503e2&utm_campaign=1_1377_WA_1_Mar14_ot_Retained_API-Retained-10-es-v0&utm_term=140325","path_2":"Bj9S?utm_source=connectly-campaign&utm_medium=164&utm_content=b7a2ffe6-441c-4823-8dd5-0d9f4b9503e2&utm_campaign=1_1377_WA_1_Mar14_ot_Retained_API-Retained-10-es-v0&utm_term=140325","path_3":"3KHo?utm_source=connectly-campaign&utm_medium=164&utm_content=b7a2ffe6-441c-4823-8dd5-0d9f4b9503e2&utm_campaign=1_1377_WA_1_Mar14_ot_Retained_API-Retained-10-es-v0&utm_term=140325","path_4":"iQn2?utm_source=connectly-campaign&utm_medium=164&utm_content=b7a2ffe6-441c-4823-8dd5-0d9f4b9503e2&utm_campaign=1_1377_WA_1_Mar14_ot_Retained_API-Retained-10-es-v0&utm_term=140325","path_5":"UsrB?utm_source=connectly-campaign&utm_medium=164&utm_content=b7a2ffe6-441c-4823-8dd5-0d9f4b9503e2&utm_campaign=1_1377_WA_1_Mar14_ot_Retained_API-Retained-10-es-v0&utm_term=140325"}}]},"response":[{"campaignId":"55c7002e-7e4b-49e4-8aea-71b860b3bd96","campaignName":"api retained 10 es v0","campaignVersion":"019595fe-c645-e2d0-69dc-fce9a76bfb54","sendoutId":"0d285245-43d2-48ff-9789-a76ba05a076d","status":"error","acceptedCount":0,"rejectedCount":1,"error":{"message":"Campaign entry is invalid","type":"ERROR_TYPE_INVALID_ARGUMENT","code":"ERROR_CODE_CAMPAIGN_ENTRY_INVALID","userTitle":"Campaign entry is invalid","userMessage":"Please check the inputs to the campaign entry."}}]}
Rejection 24: {"request":{"entries":[{"client":"+571234512555","campaignName":"api lead 10 es v0","variables":{"name":"Testing","sku_1":"Aerosol Alegría Floral y Frutos Rojos - Glade - Lata 400 ml","dsct_1":"8%","img_1":"https://chiper-old-imgs.imgix.net/app/7501032907280-HJN_d85Ah-R.png?w=800&h=400&fit=fill&bg=white","sku_2":"Bebida Hidratante Ion4 Mountain Blast - Powerade - Botella 500 ml","dsct_2":"6%","img_2":"https://chiper-old-imgs.imgix.net/app/7702535009994-S1dAeY6jo-R.png?w=800&h=400&fit=fill&bg=white","sku_3":"Brownie Chocolate Con M&M Mama-Ia - Mama-Ia - Unidad 55 g","dsct_3":"20%","img_3":"https://chiper-old-imgs.imgix.net/app/brownie-mandm-55-g-s1sqxzynp-mk-H1Ws1i9GR-R.png?w=800&h=400&fit=fill&bg=white","sku_4":"Aceite De Girasol - Oleocali - Botella PET 900 ml","dsct_4":"20%","img_4":"https://chiper-old-imgs.imgix.net/app/7701018065991-HJE6xYaoi-R.png?w=800&h=400&fit=fill&bg=white","sku_5":"Agua Sin Gas - Brisa - Botella 600 ml","dsct_5":"3%","img_5":"https://chiper-old-imgs.imgix.net/app/7702535010327-HJTWytToo-R.png?w=800&h=400&fit=fill&bg=white","path_1":"ojNm?utm_source=connectly-campaign&utm_medium=164&utm_content=b7a2ffe6-441c-4823-8dd5-0d9f4b9503e2&utm_campaign=1_1377_WA_1_Mar14_ot_Lead_API-Lead-10-es-v0&utm_term=140325","path_2":"X3nC?utm_source=connectly-campaign&utm_medium=164&utm_content=b7a2ffe6-441c-4823-8dd5-0d9f4b9503e2&utm_campaign=1_1377_WA_1_Mar14_ot_Lead_API-Lead-10-es-v0&utm_term=140325","path_3":"G2a8?utm_source=connectly-campaign&utm_medium=164&utm_content=b7a2ffe6-441c-4823-8dd5-0d9f4b9503e2&utm_campaign=1_1377_WA_1_Mar14_ot_Lead_API-Lead-10-es-v0&utm_term=140325","path_4":"6yy9?utm_source=connectly-campaign&utm_medium=164&utm_content=b7a2ffe6-441c-4823-8dd5-0d9f4b9503e2&utm_campaign=1_1377_WA_1_Mar14_ot_Lead_API-Lead-10-es-v0&utm_term=140325","path_5":"9qPP?utm_source=connectly-campaign&utm_medium=164&utm_content=b7a2ffe6-441c-4823-8dd5-0d9f4b9503e2&utm_campaign=1_1377_WA_1_Mar14_ot_Lead_API-Lead-10-es-v0&utm_term=140325"}}]},"response":[{"campaignId":null,"campaignName":"","campaignVersion":null,"sendoutId":null,"status":"error","acceptedCount":0,"rejectedCount":0,"error":{"message":"Client in entry is missing or invalid","type":"ERROR_TYPE_INVALID_ARGUMENT","code":"ERROR_CODE_CAMPAIGN_ENTRY_CLIENT_INVALID","userTitle":"Client in entry is missing or invalid","userMessage":"Please check the client paramter in the campaign entry."}}]}
Rejection 25: {"request":{"entries":[{"client":"+579494949487","campaignName":"api lead 10 es v0","variables":{"name":"Jenn","sku_1":"Bebida De Té Sabor a Sandía - Ekii - Botella 400 ml","dsct_1":"30%","img_1":"https://chiper-old-imgs.imgix.net/app/7709825110187-sandia-sklwpp8m0-m-photoroom-H17gTXQDR-R.png?w=800&h=400&fit=fill&bg=white","sku_2":"Coca Cola Original - Coca Cola - Botella pet 250 ml","dsct_2":"6%","img_2":"https://chiper-old-imgs.imgix.net/app/77035684-HyFs8OTsj-R.png?w=800&h=400&fit=fill&bg=white","sku_3":"Jugo De Durazno Nectar - Pulp - Botella pet 400 ml","dsct_3":"3%","img_3":"https://chiper-old-imgs.imgix.net/app/7708092371086-pulp-dzn-400ml_sellos_2-photoroom-rJMHZe1oC-R.png?w=800&h=400&fit=fill&bg=white","sku_4":"Papel Higiénico AcolchaMAX Megarollo - Familia - Unidad 1 ud.","dsct_4":"11%","img_4":"https://chiper-old-imgs.imgix.net/app/7702026147471-SJlrsy9SR-R.png?w=800&h=400&fit=fill&bg=white","sku_5":"Barra De Chocolate Snickers - Snickers - Barra 22 g","dsct_5":"2%","img_5":"https://chiper-old-imgs.imgix.net/app/7506174502645-photoroom-1-B17dOT1-1x-R.png?w=800&h=400&fit=fill&bg=white","path_1":"bce5?utm_source=connectly-campaign&utm_medium=164&utm_content=b7a2ffe6-441c-4823-8dd5-0d9f4b9503e2&utm_campaign=1_1377_WA_1_Mar14_ot_Lead_API-Lead-10-es-v0&utm_term=140325","path_2":"TjE1?utm_source=connectly-campaign&utm_medium=164&utm_content=b7a2ffe6-441c-4823-8dd5-0d9f4b9503e2&utm_campaign=1_1377_WA_1_Mar14_ot_Lead_API-Lead-10-es-v0&utm_term=140325","path_3":"Ua7w?utm_source=connectly-campaign&utm_medium=164&utm_content=b7a2ffe6-441c-4823-8dd5-0d9f4b9503e2&utm_campaign=1_1377_WA_1_Mar14_ot_Lead_API-Lead-10-es-v0&utm_term=140325","path_4":"QuMG?utm_source=connectly-campaign&utm_medium=164&utm_content=b7a2ffe6-441c-4823-8dd5-0d9f4b9503e2&utm_campaign=1_1377_WA_1_Mar14_ot_Lead_API-Lead-10-es-v0&utm_term=140325","path_5":"iqr5?utm_source=connectly-campaign&utm_medium=164&utm_content=b7a2ffe6-441c-4823-8dd5-0d9f4b9503e2&utm_campaign=1_1377_WA_1_Mar14_ot_Lead_API-Lead-10-es-v0&utm_term=140325"}}]},"response":[{"campaignId":null,"campaignName":"","campaignVersion":null,"sendoutId":null,"status":"error","acceptedCount":0,"rejectedCount":0,"error":{"message":"Client in entry is missing or invalid","type":"ERROR_TYPE_INVALID_ARGUMENT","code":"ERROR_CODE_CAMPAIGN_ENTRY_CLIENT_INVALID","userTitle":"Client in entry is missing or invalid","userMessage":"Please check the client paramter in the campaign entry."}}]}
Rejection 26: {"request":{"entries":[{"client":"+573269999999","campaignName":"api lead 10 es v0","variables":{"name":"David","sku_1":"Cereal Megapaketicos - Choco Krispis - Paquete 115 g","dsct_1":"2%","img_1":"https://chiper-old-imgs.imgix.net/app/7702103807649-BkW7Nib3j-R.png?w=800&h=400&fit=fill&bg=white","sku_2":"Compota De Pera - San Jorge - Frasco 113 g","dsct_2":"5%","img_2":"https://chiper-old-imgs.imgix.net/app/7702014566086-Syo9LYxDa-R.png?w=800&h=400&fit=fill&bg=white","sku_3":"Alimento Húmedo Para Gato Sabor A Atún - Felix - Sobre 85 g","dsct_3":"1%","img_3":"https://chiper-old-imgs.imgix.net/app/7501072209801-Byp8cDQk3-R.png?w=800&h=400&fit=fill&bg=white","sku_4":"Pasta Tipo Macarroncito - San Remo - Paquete 250 g","dsct_4":"25%","img_4":"https://chiper-old-imgs.imgix.net/app/427359-4144-pasta-san-remo-macarroncito-250g-photoroom-rk8dWBr0T-R.png?w=800&h=400&fit=fill&bg=white","sku_5":"Chupete Sabor Mango Mangoos - Aldor - Bolsa 48 uds.","dsct_5":"3%","img_5":"https://chiper-old-imgs.imgix.net/app/7702174085304-rk5Efc6G3-R.png?w=800&h=400&fit=fill&bg=white","path_1":"EbRk?utm_source=connectly-campaign&utm_medium=164&utm_content=b7a2ffe6-441c-4823-8dd5-0d9f4b9503e2&utm_campaign=1_1377_WA_1_Mar14_ot_Lead_API-Lead-10-es-v0&utm_term=140325","path_2":"AKcZ?utm_source=connectly-campaign&utm_medium=164&utm_content=b7a2ffe6-441c-4823-8dd5-0d9f4b9503e2&utm_campaign=1_1377_WA_1_Mar14_ot_Lead_API-Lead-10-es-v0&utm_term=140325","path_3":"gq8m?utm_source=connectly-campaign&utm_medium=164&utm_content=b7a2ffe6-441c-4823-8dd5-0d9f4b9503e2&utm_campaign=1_1377_WA_1_Mar14_ot_Lead_API-Lead-10-es-v0&utm_term=140325","path_4":"1mJ5?utm_source=connectly-campaign&utm_medium=164&utm_content=b7a2ffe6-441c-4823-8dd5-0d9f4b9503e2&utm_campaign=1_1377_WA_1_Mar14_ot_Lead_API-Lead-10-es-v0&utm_term=140325","path_5":"woZt?utm_source=connectly-campaign&utm_medium=164&utm_content=b7a2ffe6-441c-4823-8dd5-0d9f4b9503e2&utm_campaign=1_1377_WA_1_Mar14_ot_Lead_API-Lead-10-es-v0&utm_term=140325"}}]},"response":[{"campaignId":null,"campaignName":"","campaignVersion":null,"sendoutId":null,"status":"error","acceptedCount":0,"rejectedCount":0,"error":{"message":"Client in entry is missing or invalid","type":"ERROR_TYPE_INVALID_ARGUMENT","code":"ERROR_CODE_CAMPAIGN_ENTRY_CLIENT_INVALID","userTitle":"Client in entry is missing or invalid","userMessage":"Please check the client paramter in the campaign entry."}}]}
Rejection 27: {"request":{"entries":[{"client":"+571236549875","campaignName":"api lead 10 es v0","variables":{"name":"Some","sku_1":"Tampón Original Medio - Ob - Paquete 8 uds.","dsct_1":"30%","img_1":"https://chiper-old-imgs.imgix.net/app/7891010254773_1-1-B1a6q2fP3-R.png?w=800&h=400&fit=fill&bg=white","sku_2":"Cereal Edicion ot Wheels - Kellogg´s - Paquete 75 g","dsct_2":"12%","img_2":"https://chiper-old-imgs.imgix.net/app/render-hot-wheels-75g-col_front-photoroom-H19aHu5zA-R.png?w=800&h=400&fit=fill&bg=white","sku_3":"Detergente En Polvo Multi Beneficios Bicarbonato Limón - Rindex 10 Multibeneficios - Bolsa 500 g","dsct_3":"14%","img_3":"https://chiper-old-imgs.imgix.net/app/7500435181044-SyPZQXlvj-R.png?w=800&h=400&fit=fill&bg=white","sku_4":"Gaseosa Big Cola Negra - Big - Botella pet 400 ml","dsct_4":"2%","img_4":"https://chiper-old-imgs.imgix.net/app/7707244560262-and-7709729580154-cola-400ml-sellos-photoroom-ryvxee1s0-R.png?w=800&h=400&fit=fill&bg=white","sku_5":"Esparcible 125g - Natura - Barra 4 uds.","dsct_5":"20%","img_5":"https://chiper-old-imgs.imgix.net/app/plegadiza-natura-barra-4x125-g-skocf5hp6-m1-SJIHk3wNR-R.png?w=800&h=400&fit=fill&bg=white","path_1":"p3cN?utm_source=connectly-campaign&utm_medium=164&utm_content=b7a2ffe6-441c-4823-8dd5-0d9f4b9503e2&utm_campaign=1_1377_WA_1_Mar14_ot_Lead_API-Lead-10-es-v0&utm_term=140325","path_2":"Dkzw?utm_source=connectly-campaign&utm_medium=164&utm_content=b7a2ffe6-441c-4823-8dd5-0d9f4b9503e2&utm_campaign=1_1377_WA_1_Mar14_ot_Lead_API-Lead-10-es-v0&utm_term=140325","path_3":"oWKw?utm_source=connectly-campaign&utm_medium=164&utm_content=b7a2ffe6-441c-4823-8dd5-0d9f4b9503e2&utm_campaign=1_1377_WA_1_Mar14_ot_Lead_API-Lead-10-es-v0&utm_term=140325","path_4":"FS3Z?utm_source=connectly-campaign&utm_medium=164&utm_content=b7a2ffe6-441c-4823-8dd5-0d9f4b9503e2&utm_campaign=1_1377_WA_1_Mar14_ot_Lead_API-Lead-10-es-v0&utm_term=140325","path_5":"xJwo?utm_source=connectly-campaign&utm_medium=164&utm_content=b7a2ffe6-441c-4823-8dd5-0d9f4b9503e2&utm_campaign=1_1377_WA_1_Mar14_ot_Lead_API-Lead-10-es-v0&utm_term=140325"}}]},"response":[{"campaignId":null,"campaignName":"","campaignVersion":null,"sendoutId":null,"status":"error","acceptedCount":0,"rejectedCount":0,"error":{"message":"Client in entry is missing or invalid","type":"ERROR_TYPE_INVALID_ARGUMENT","code":"ERROR_CODE_CAMPAIGN_ENTRY_CLIENT_INVALID","userTitle":"Client in entry is missing or invalid","userMessage":"Please check the client paramter in the campaign entry."}}]}
